Log file open, 11/22/18 20:39:52
LogWindows: Failed to load 'aqProf.dll' (GetLastError=126)
LogWindows: File 'aqProf.dll' does not exist
LogWindows: Failed to load 'VSPerf140.dll' (GetLastError=126)
LogWindows: File 'VSPerf140.dll' does not exist
LogWindows: Failed to load 'VtuneApi.dll' (GetLastError=126)
LogWindows: File 'VtuneApi.dll' does not exist
LogWindows: Failed to load 'VtuneApi32e.dll' (GetLastError=126)
LogWindows: File 'VtuneApi32e.dll' does not exist
LogInit: Display: Running engine for game: MyProject
LogPlatformFile: Not using cached read wrapper
LogTaskGraph: Started task graph with 5 named threads and 23 total threads with 3 sets of task threads.
LogStats: Stats thread started at 0.309869
LogD3D11RHI: Loaded GFSDK_Aftermath_Lib.x64.dll
LogICUInternationalization: Display: ICU TimeZone Detection - Raw Offset: +2:00, Platform Override: ''
LogPluginManager: Mounting plugin Paper2D
LogPluginManager: Mounting plugin AISupport
LogPluginManager: Mounting plugin LightPropagationVolume
LogPluginManager: Mounting plugin CLionSourceCodeAccess
LogPluginManager: Mounting plugin CodeLiteSourceCodeAccess
LogPluginManager: Mounting plugin GitSourceControl
LogPluginManager: Mounting plugin KDevelopSourceCodeAccess
LogPluginManager: Mounting plugin NullSourceCodeAccess
LogPluginManager: Mounting plugin PerforceSourceControl
LogPluginManager: Mounting plugin SubversionSourceControl
LogPluginManager: Mounting plugin UObjectPlugin
LogPluginManager: Mounting plugin VisualStudioCodeSourceCodeAccess
LogPluginManager: Mounting plugin VisualStudioSourceCodeAccess
LogPluginManager: Mounting plugin XCodeSourceCodeAccess
LogPluginManager: Mounting plugin AssetManagerEditor
LogPluginManager: Mounting plugin CryptoKeys
LogPluginManager: Mounting plugin DataValidation
LogPluginManager: Mounting plugin FacialAnimation
LogPluginManager: Mounting plugin GameplayTagsEditor
LogPluginManager: Mounting plugin MacGraphicsSwitching
LogPluginManager: Mounting plugin MeshEditor
LogPluginManager: Mounting plugin MobileLauncherProfileWizard
LogPluginManager: Mounting plugin PluginBrowser
LogPluginManager: Mounting plugin SpeedTreeImporter
LogPluginManager: Mounting plugin DatasmithContent
LogPluginManager: Mounting plugin AlembicImporter
LogPluginManager: Mounting plugin AppleImageUtils
LogPluginManager: Mounting plugin AppleVision
LogPluginManager: Mounting plugin BackChannel
LogPluginManager: Mounting plugin CharacterAI
LogPluginManager: Mounting plugin GeometryCache
LogPluginManager: Mounting plugin HTML5Networking
LogPluginManager: Mounting plugin ProxyLODPlugin
LogPluginManager: Mounting plugin MagicLeap
LogPluginManager: Mounting plugin MagicLeapEmulator
LogPluginManager: Mounting plugin MagicLeapMedia
LogPluginManager: Mounting plugin AndroidMedia
LogPluginManager: Mounting plugin AvfMedia
LogPluginManager: Mounting plugin ImgMedia
LogPluginManager: Mounting plugin LinearTimecode
LogPluginManager: Mounting plugin MediaCompositing
LogPluginManager: Mounting plugin MediaPlayerEditor
LogPluginManager: Mounting plugin WmfMedia
LogPluginManager: Mounting plugin TcpMessaging
LogPluginManager: Mounting plugin UdpMessaging
LogPluginManager: Mounting plugin ActorSequence
LogPluginManager: Mounting plugin LevelSequenceEditor
LogPluginManager: Mounting plugin MatineeToLevelSequence
LogPluginManager: Mounting plugin NetcodeUnitTest
LogPluginManager: Mounting plugin NUTUnrealEngine4
LogPluginManager: Mounting plugin OnlineSubsystemGooglePlay
LogPluginManager: Mounting plugin OnlineSubsystemIOS
LogPluginManager: Mounting plugin OnlineSubsystem
LogPluginManager: Mounting plugin OnlineSubsystemNull
LogPluginManager: Mounting plugin OnlineSubsystemUtils
LogPluginManager: Mounting plugin LauncherChunkInstaller
LogPluginManager: Mounting plugin AndroidDeviceProfileSelector
LogPluginManager: Mounting plugin AndroidMoviePlayer
LogPluginManager: Mounting plugin AndroidPermission
LogPluginManager: Mounting plugin AppleMoviePlayer
LogPluginManager: Mounting plugin ArchVisCharacter
LogPluginManager: Mounting plugin AudioCapture
LogPluginManager: Mounting plugin CableComponent
LogPluginManager: Mounting plugin CustomMeshComponent
LogPluginManager: Mounting plugin EditableMesh
LogPluginManager: Mounting plugin ExampleDeviceProfileSelector
LogPluginManager: Mounting plugin GoogleCloudMessaging
LogPluginManager: Mounting plugin ImmediatePhysics
LogPluginManager: Mounting plugin IOSDeviceProfileSelector
LogPluginManager: Mounting plugin LinuxDeviceProfileSelector
LogPluginManager: Mounting plugin LocationServicesBPLibrary
LogPluginManager: Mounting plugin MobilePatchingUtils
LogPluginManager: Mounting plugin OculusVR
LogPluginManager: Plugin shader directory ../../../Engine/Plugins/Runtime/Oculus/OculusVR/Shaders found
LogPluginManager: Mapping shader source directory ../../../Engine/Plugins/Runtime/Oculus/OculusVR/Shaders to virtual directory /Plugin/OculusVR
LogPluginManager: Mounting plugin PhysXVehicles
LogPluginManager: Mounting plugin ProceduralMeshComponent
LogPluginManager: Mounting plugin RuntimePhysXCooking
LogPluginManager: Mounting plugin SteamVR
LogPluginManager: Mounting plugin WindowsMoviePlayer
LogStreaming: Display: Took  0.207s to configure plugins.
LogInit: Using libcurl 7.55.1-DEV
LogInit:  - built for x86_64-pc-win32
LogInit:  - supports SSL with OpenSSL/1.0.2h
LogInit:  - supports HTTP deflate (compression) using libz 1.2.8
LogInit:  - other features:
LogInit:      CURL_VERSION_SSL
LogInit:      CURL_VERSION_LIBZ
LogInit:      CURL_VERSION_IPV6
LogInit:      CURL_VERSION_ASYNCHDNS
LogInit:      CURL_VERSION_LARGEFILE
LogInit:      CURL_VERSION_IDN
LogInit:  CurlRequestOptions (configurable via config and command line):
LogInit:  - bVerifyPeer = false  - Libcurl will NOT verify peer certificate
LogInit:  - bUseHttpProxy = false  - Libcurl will NOT use HTTP proxy
LogInit:  - bDontReuseConnections = false  - Libcurl will reuse connections
LogInit:  - CertBundlePath = nullptr  - Libcurl will use whatever was configured at build time.
LogInit:  - MaxHostConnections = 16  - Libcurl will limit the number of connections to a host
LogInit:  - LocalHostAddr = Default
LogInit:  - BufferSize = 65536
LogInit: WinSock: version 1.1 (2.2), MaxSocks=32767, MaxUdp=65467
LogInit: Build: ++UE4+Release-4.20-CL-4369336
LogInit: Engine Version: 4.20.3-4369336+++UE4+Release-4.20
LogInit: Compatible Engine Version: 4.20.0-4212847+++UE4+Release-4.20
LogInit: Net CL: 4212847
LogInit: OS: Windows 10 (), CPU: Intel(R) Core(TM) i5-8300H CPU @ 2.30GHz, GPU: Intel(R) UHD Graphics 630
LogInit: Compiled (64-bit): Sep 17 2018 12:26:19
LogInit: Compiled with Visual C++: 19.13.26129.00
LogInit: Build Configuration: Development
LogInit: Branch Name: ++UE4+Release-4.20
LogInit: Command Line: 
LogInit: Base Directory: D:/UE_4.20/Engine/Binaries/Win64/
LogInit: Installed Engine Build: 1
LogDevObjectVersion: Number of dev versions registered: 20
LogDevObjectVersion:   Dev-Blueprints (B0D832E4-1F89-4F0D-ACCF-7EB736FD4AA2): 10
LogDevObjectVersion:   Dev-Build (E1C64328-A22C-4D53-A36C-8E866417BD8C): 0
LogDevObjectVersion:   Dev-Core (375EC13C-06E4-48FB-B500-84F0262A717E): 2
LogDevObjectVersion:   Dev-Editor (E4B068ED-F494-42E9-A231-DA0B2E46BB41): 24
LogDevObjectVersion:   Dev-Framework (CFFC743F-43B0-4480-9391-14DF171D2073): 34
LogDevObjectVersion:   Dev-Mobile (B02B49B5-BB20-44E9-A304-32B752E40360): 2
LogDevObjectVersion:   Dev-Networking (A4E4105C-59A1-49B5-A7C5-40C4547EDFEE): 0
LogDevObjectVersion:   Dev-Online (39C831C9-5AE6-47DC-9A44-9C173E1C8E7C): 0
LogDevObjectVersion:   Dev-Physics (78F01B33-EBEA-4F98-B9B4-84EACCB95AA2): 0
LogDevObjectVersion:   Dev-Platform (6631380F-2D4D-43E0-8009-CF276956A95A): 0
LogDevObjectVersion:   Dev-Rendering (12F88B9F-8875-4AFC-A67C-D90C383ABD29): 26
LogDevObjectVersion:   Dev-Sequencer (7B5AE74C-D270-4C10-A958-57980B212A5A): 9
LogDevObjectVersion:   Dev-VR (D7296918-1DD6-4BDD-9DE2-64A83CC13884): 2
LogDevObjectVersion:   Dev-LoadTimes (C2A15278-BFE7-4AFE-6C17-90FF531DF755): 1
LogDevObjectVersion:   Private-Geometry (6EACA3D4-40EC-4CC1-B786-8BED09428FC5): 3
LogDevObjectVersion:   Dev-AnimPhys (29E575DD-E0A3-4627-9D10-D276232CDCEA): 17
LogDevObjectVersion:   Dev-ReflectionCapture (6B266CEC-1EC7-4B8F-A30B-E4D90942FC07): 1
LogDevObjectVersion:   Dev-Automation (0DF73D61-A23F-47EA-B727-89E90C41499A): 1
LogDevObjectVersion:   FortniteMain (601D1886-AC64-4F84-AA16-D3DE0DEAC7D6): 12
LogDevObjectVersion:   Dev-Enterprise (9DFFBCD6-494F-0158-E221-12823C92A888): 1
LogStreaming: Display: Took  0.003s to delete old logs.
LogInit: Presizing for max 8388607 objects, including 0 objects not considered by GC, pre-allocating 0 bytes for permanent pool.
LogInit: Object subsystem initialized
[2018.11.22-18.39.53:231][  0]LogInit: Selected Device Profile: [Windows]
[2018.11.22-18.39.53:231][  0]LogInit: Applying CVar settings loaded from the selected device profile: [Windows]
[2018.11.22-18.39.53:247][  0]LogHAL: Display: Platform has ~ 8 GB [8439005184 / 8589934592 / 8], which maps to Default [LargestMinGB=32, LargerMinGB=12, DefaultMinGB=8, SmallerMinGB=6, SmallestMinGB=0)
[2018.11.22-18.39.53:247][  0]LogInit: Setting Device Profile CVar: [[r.Vulkan.UseRealUBs:1]]
[2018.11.22-18.39.53:247][  0]LogInit: Going up to parent DeviceProfile []
[2018.11.22-18.39.53:247][  0]LogInit: Computer: DESKTOP-E7BKG80
[2018.11.22-18.39.53:247][  0]LogInit: User: Тюлень
[2018.11.22-18.39.53:247][  0]LogInit: CPU Page size=4096, Cores=4
[2018.11.22-18.39.53:247][  0]LogInit: High frequency timer resolution =2.249999 MHz
[2018.11.22-18.39.53:248][  0]LogMemory: Memory total: Physical=7.9GB (8GB approx)
[2018.11.22-18.39.53:248][  0]LogMemory: Platform Memory Stats for Windows
[2018.11.22-18.39.53:248][  0]LogMemory: Process Physical Memory: 101.88 MB used, 101.88 MB peak
[2018.11.22-18.39.53:248][  0]LogMemory: Process Virtual Memory: 97.97 MB used, 97.97 MB peak
[2018.11.22-18.39.53:248][  0]LogMemory: Physical Memory: 3934.66 MB used,  4113.40 MB free, 8048.06 MB total
[2018.11.22-18.39.53:248][  0]LogMemory: Virtual Memory: 4647.18 MB used,  4113.40 MB free, 134217728.00 MB total
[2018.11.22-18.39.53:768][  0]LogInit: Using OS detected language (ru-RU).
[2018.11.22-18.39.53:768][  0]LogInit: Using OS detected locale (ru-UA).
[2018.11.22-18.39.53:768][  0]LogTextLocalizationManager: No specific localization for 'ru-RU' exists, so the 'ru' localization will be used.
[2018.11.22-18.39.53:770][  0]LogStreaming: Display: Took  0.002s to InitEngineTextLocalization.
[2018.11.22-18.39.53:770][  0]LogInit: Setting process to per monitor DPI aware
[2018.11.22-18.39.53:789][  0]LogSlate: New Slate User Created.  User Index 0, Is Virtual User: 0
[2018.11.22-18.39.53:789][  0]LogSlate: Slate User Registered.  User Index 0, Is Virtual User: 0
[2018.11.22-18.39.54:035][  0]LogHMD: Failed to initialize OpenVR with code 110
[2018.11.22-18.39.54:035][  0]LogD3D11RHI: D3D11 adapters:
[2018.11.22-18.39.54:108][  0]LogD3D11RHI:    0. 'NVIDIA GeForce GTX 1050 Ti' (Feature Level 11_0)
[2018.11.22-18.39.54:108][  0]LogD3D11RHI:       4021/0/4024 MB DedicatedVideo/DedicatedSystem/SharedSystem, Outputs:1, VendorId:0x10de
[2018.11.22-18.39.54:123][  0]LogD3D11RHI:    1. 'Intel(R) UHD Graphics 630' (Feature Level 11_0)
[2018.11.22-18.39.54:123][  0]LogD3D11RHI:       128/0/4024 MB DedicatedVideo/DedicatedSystem/SharedSystem, Outputs:0, VendorId:0x8086
[2018.11.22-18.39.54:126][  0]LogD3D11RHI:    2. 'Microsoft Basic Render Driver' (Feature Level 11_0)
[2018.11.22-18.39.54:127][  0]LogD3D11RHI:       0/0/4024 MB DedicatedVideo/DedicatedSystem/SharedSystem, Outputs:0, VendorId:0x1414
[2018.11.22-18.39.54:127][  0]LogD3D11RHI: Chosen D3D11 Adapter: 0
[2018.11.22-18.39.54:169][  0]LogD3D11RHI: Creating new Direct3DDevice
[2018.11.22-18.39.54:169][  0]LogD3D11RHI:     GPU DeviceId: 0x1c8c (for the marketing name, search the web for "GPU Device Id")
[2018.11.22-18.39.54:169][  0]LogWindows: EnumDisplayDevices:
[2018.11.22-18.39.54:169][  0]LogWindows:    0. 'Intel(R) UHD Graphics 630' (P:1 D:1)
[2018.11.22-18.39.54:170][  0]LogWindows:    1. 'Intel(R) UHD Graphics 630' (P:0 D:0)
[2018.11.22-18.39.54:170][  0]LogWindows:    2. 'Intel(R) UHD Graphics 630' (P:0 D:0)
[2018.11.22-18.39.54:171][  0]LogWindows: DebugString: PrimaryIsNotTheChoosenAdapter PrimaryIsNotTheChoosenAdapter PrimaryIsNotTheChoosenAdapter FoundDriverCount:0 
[2018.11.22-18.39.54:171][  0]LogD3D11RHI:     Adapter Name: NVIDIA GeForce GTX 1050 Ti
[2018.11.22-18.39.54:171][  0]LogD3D11RHI:   Driver Version: Unknown (internal:Unknown, unified:Unknown)
[2018.11.22-18.39.54:171][  0]LogD3D11RHI:      Driver Date: Unknown
[2018.11.22-18.39.54:171][  0]LogRHI: Texture pool is 2814 MB (70% of 4021 MB)
[2018.11.22-18.39.54:218][  0]LogD3D11RHI: [Aftermath] Enabled and primed
[2018.11.22-18.39.54:218][  0]LogD3D11RHI: Async texture creation enabled
[2018.11.22-18.39.54:237][  0]LogD3D11RHI: GPU Timing Frequency: 1000.000000 (Debug: 2 2)
[2018.11.22-18.39.54:238][  0]LogShaderCompilers: Guid format shader working directory is 0 characters bigger than the processId version (C:/Users/Тюлень/Documents/GitHub/BlockRoller2D/Intermediate/Shaders/WorkingDirectory/12804/).
[2018.11.22-18.39.54:238][  0]LogShaderCompilers: Cleaned the shader compiler working directory 'C:/Users/Тюлень/AppData/Local/Temp/UnrealShaderWorkingDir/1FCC959B4D7B10CD0599B2A79397B8B1/'.
[2018.11.22-18.39.54:562][  0]LogTemp: Display: Loaded TP AllDesktopTargetPlatform
[2018.11.22-18.39.54:594][  0]LogTemp: Display: Loaded TP MacClientTargetPlatform
[2018.11.22-18.39.54:627][  0]LogTemp: Display: Loaded TP MacNoEditorTargetPlatform
[2018.11.22-18.39.54:671][  0]LogTemp: Display: Loaded TP MacServerTargetPlatform
[2018.11.22-18.39.54:713][  0]LogTemp: Display: Loaded TP MacTargetPlatform
[2018.11.22-18.39.54:759][  0]LogTemp: Display: Loaded TP WindowsClientTargetPlatform
[2018.11.22-18.39.54:802][  0]LogTemp: Display: Loaded TP WindowsNoEditorTargetPlatform
[2018.11.22-18.39.54:835][  0]LogTemp: Display: Loaded TP WindowsServerTargetPlatform
[2018.11.22-18.39.54:853][  0]LogTemp: Display: Loaded TP WindowsTargetPlatform
[2018.11.22-18.39.55:009][  0]LogTemp: Display: Loaded TP AndroidTargetPlatform
[2018.11.22-18.39.55:009][  0]LogTemp: Display: Loaded TP AndroidTargetPlatform
[2018.11.22-18.39.55:009][  0]LogTemp: Display: Loaded TP AndroidTargetPlatform
[2018.11.22-18.39.55:009][  0]LogTemp: Display: Loaded TP AndroidTargetPlatform
[2018.11.22-18.39.55:009][  0]LogTemp: Display: Loaded TP AndroidTargetPlatform
[2018.11.22-18.39.55:009][  0]LogTemp: Display: Loaded TP AndroidTargetPlatform
[2018.11.22-18.39.55:009][  0]LogTemp: Display: Loaded TP AndroidTargetPlatform
[2018.11.22-18.39.55:009][  0]LogTemp: Display: Loaded TP AndroidTargetPlatform
[2018.11.22-18.39.55:009][  0]LogTemp: Display: Loaded TP AndroidTargetPlatform
[2018.11.22-18.39.55:009][  0]LogTemp: Display: Loaded TP AndroidTargetPlatform
[2018.11.22-18.39.55:009][  0]LogTemp: Display: Loaded TP AndroidTargetPlatform
[2018.11.22-18.39.55:009][  0]LogTemp: Display: Loaded TP AndroidTargetPlatform
[2018.11.22-18.39.55:009][  0]LogTemp: Display: Loaded TP AndroidTargetPlatform
[2018.11.22-18.39.55:009][  0]LogTemp: Display: Loaded TP AndroidTargetPlatform
[2018.11.22-18.39.55:009][  0]LogTemp: Display: Loaded TP AndroidTargetPlatform
[2018.11.22-18.39.55:009][  0]LogTemp: Display: Loaded TP AndroidTargetPlatform
[2018.11.22-18.39.55:009][  0]LogTemp: Display: Loaded TP AndroidTargetPlatform
[2018.11.22-18.39.55:009][  0]LogTemp: Display: Loaded TP AndroidTargetPlatform
[2018.11.22-18.39.55:011][  0]LogTemp: Display: Loaded TP HTML5TargetPlatform
[2018.11.22-18.39.55:088][  0]LogTemp: Display: Loaded TP IOSTargetPlatform
[2018.11.22-18.39.55:088][  0]LogTemp: Display: Loaded TP IOSTargetPlatform
[2018.11.22-18.39.55:160][  0]LogTemp: Display: Loaded TP TVOSTargetPlatform
[2018.11.22-18.39.55:160][  0]LogTemp: Display: Loaded TP TVOSTargetPlatform
[2018.11.22-18.39.55:190][  0]LogTemp: Display: Loaded TP LinuxClientTargetPlatform
[2018.11.22-18.39.55:221][  0]LogTemp: Display: Loaded TP LinuxNoEditorTargetPlatform
[2018.11.22-18.39.55:252][  0]LogTemp: Display: Loaded TP LinuxServerTargetPlatform
[2018.11.22-18.39.55:272][  0]LogTemp: Display: Loaded TP LinuxTargetPlatform
[2018.11.22-18.39.55:284][  0]LogTemp: Display: Loaded TP LuminTargetPlatform
[2018.11.22-18.39.55:284][  0]LogTargetPlatformManager: Display: Building Assets For Windows
[2018.11.22-18.39.55:342][  0]LogXGEController: Cannot use XGE Controller as Incredibuild is not installed on this machine.
[2018.11.22-18.39.55:342][  0]LogShaderCompilers: Cannot use XGE Shader Compiler as Incredibuild is not installed on this machine.
[2018.11.22-18.39.55:342][  0]LogShaderCompilers: Display: Using Local Shader Compiler.
[2018.11.22-18.39.56:627][  0]LogDerivedDataCache: Display: Max Cache Size: 512 MB
[2018.11.22-18.39.56:760][  0]LogDerivedDataCache: Loaded boot cache 0.13s 87MB C:/Users/Тюлень/AppData/Local/UnrealEngine/4.20/DerivedDataCache/Boot.ddc.
[2018.11.22-18.39.56:761][  0]LogDerivedDataCache: Display: Loaded Boot cache: C:/Users/Тюлень/AppData/Local/UnrealEngine/4.20/DerivedDataCache/Boot.ddc
[2018.11.22-18.39.56:761][  0]LogDerivedDataCache: FDerivedDataBackendGraph:  Pak pak cache file C:/Users/Тюлень/Documents/GitHub/BlockRoller2D/DerivedDataCache/DDC.ddp not found, will not use a pak cache.
[2018.11.22-18.39.56:761][  0]LogDerivedDataCache: Unable to find inner node Pak for hierarchical cache Hierarchy.
[2018.11.22-18.39.56:761][  0]LogDerivedDataCache: FDerivedDataBackendGraph:  CompressedPak pak cache file C:/Users/Тюлень/Documents/GitHub/BlockRoller2D/DerivedDataCache/Compressed.ddp not found, will not use a pak cache.
[2018.11.22-18.39.56:761][  0]LogDerivedDataCache: Unable to find inner node CompressedPak for hierarchical cache Hierarchy.
[2018.11.22-18.39.56:777][  0]LogDerivedDataCache: Display: Pak cache opened for reading ../../../Engine/DerivedDataCache/Compressed.ddp.
[2018.11.22-18.39.56:790][  0]LogDerivedDataCache: Using Local data cache path C:/Users/Тюлень/AppData/Local/UnrealEngine/Common/DerivedDataCache: Writable
[2018.11.22-18.39.56:790][  0]LogDerivedDataCache: Shared data cache path not found in *engine.ini, will not use an Shared cache.
[2018.11.22-18.39.56:790][  0]LogDerivedDataCache: Unable to find inner node Shared for hierarchical cache Hierarchy.
[2018.11.22-18.39.56:812][  0]LogMaterial: Verifying Global Shaders for PCD3D_SM5
[2018.11.22-18.39.56:813][  0]LogSlate: Using FreeType 2.6.0
[2018.11.22-18.39.56:814][  0]LogSlate: SlateFontServices - WITH_FREETYPE: 1, WITH_HARFBUZZ: 1
[2018.11.22-18.39.56:901][  0]LogAssetRegistry: FAssetRegistry took 0.0284 seconds to start up
[2018.11.22-18.39.57:664][  0]LogInit: Selected Device Profile: [Windows]
[2018.11.22-18.39.58:016][  0]LogSimplygon: Simplygon DLL not present - disabling.
[2018.11.22-18.39.58:022][  0]LogMeshReduction: Using SimplygonSwarm for distributed automatic mesh merging
[2018.11.22-18.39.58:022][  0]LogMeshReduction: Using ProxyLODMeshReduction for automatic mesh merging
[2018.11.22-18.39.58:022][  0]LogMeshReduction: Using QuadricMeshReduction for automatic static mesh reduction
[2018.11.22-18.39.58:022][  0]LogMeshReduction: No automatic skeletal mesh reduction module available
[2018.11.22-18.39.58:048][  0]LogNetVersion: MyProject 1.0.0, NetCL: 4212847, EngineNetVer: 5, GameNetVer: 0 (Checksum: 1110078900)
[2018.11.22-18.39.58:215][  0]LogObj: Error: LoadConfig (/Script/Engine.Default__RendererSettings): import failed for bEnableAlphaChannelInPostProcessing in: False
[2018.11.22-18.39.59:140][  0]LogPackageLocalizationCache: Processed 11 localized package path(s) for 2 prioritized culture(s) in 0.178892 seconds
[2018.11.22-18.39.59:153][  0]LogUObjectArray: 38425 objects as part of root set at end of initial load.
[2018.11.22-18.39.59:153][  0]LogUObjectAllocator: 6690864 out of 0 bytes used by permanent object pool.
[2018.11.22-18.39.59:153][  0]LogUObjectArray: CloseDisregardForGC: 0/0 objects in disregard for GC pool
[2018.11.22-18.40.00:983][  0]LogTcpMessaging: Initializing TcpMessaging bridge
[2018.11.22-18.40.00:999][  0]LogUdpMessaging: Initializing bridge on interface 0.0.0.0:0 to multicast group 230.0.0.1:6666.
[2018.11.22-18.40.01:278][  0]SourceControl: Source control is disabled
[2018.11.22-18.40.01:278][  0]SourceControl: Source control is disabled
[2018.11.22-18.40.01:282][  0]SourceControl: Source control is disabled
[2018.11.22-18.40.01:284][  0]SourceControl: Source control is disabled
[2018.11.22-18.40.01:535][  0]LogAndroidPermission: UAndroidPermissionCallbackProxy::GetInstance
[2018.11.22-18.40.01:586][  0]LogOcInput: OculusInput pre-init called
[2018.11.22-18.40.01:680][  0]LogEngine: Initializing Engine...
[2018.11.22-18.40.01:681][  0]LogHMD: Failed to initialize OpenVR with code 110
[2018.11.22-18.40.01:685][  0]LogStats: UGameplayTagsManager::ConstructGameplayTagTree: Construct from data asset -  0.000 s
[2018.11.22-18.40.01:685][  0]LogStats: UGameplayTagsManager::ConstructGameplayTagTree: GameplayTagTreeChangedEvent.Broadcast -  0.000 s
[2018.11.22-18.40.02:097][  0]LogInit: Initializing FReadOnlyCVARCache
[2018.11.22-18.40.02:121][  0]LogAIModule: Creating AISystem for world Untitled
[2018.11.22-18.40.02:127][  0]LogInit: XAudio2 using 'Динамики (Realtek High Definition Audio)' : 6 channels at 48 kHz using 32 bits per sample (channel mask 0x3f)
[2018.11.22-18.40.02:141][  0]LogInit: FAudioDevice initialized.
[2018.11.22-18.40.02:142][  0]LogNetVersion: Set ProjectVersion to 1.0.1. Version Checksum will be recalculated on next use.
[2018.11.22-18.40.02:221][  0]LogDerivedDataCache: Saved boot cache 0.08s 87MB C:/Users/Тюлень/AppData/Local/UnrealEngine/4.20/DerivedDataCache/Boot.ddc.
[2018.11.22-18.40.02:229][  0]LogInit: Texture streaming: Enabled
[2018.11.22-18.40.02:248][  0]LogEngineSessionManager: EngineSessionManager initialized
[2018.11.22-18.40.02:248][  0]LogEngineSessionManager: EngineSessionManager sent abnormal shutdown report. Type=Crashed, SessionId={8B076C07-454B-D74A-AE23-A2A884EA9448}
[2018.11.22-18.40.02:262][  0]LogInit: Transaction tracking system initialized
[2018.11.22-18.40.02:289][  0]BlueprintLog: New page: Editor Load
[2018.11.22-18.40.02:399][  0]LocalizationService: Localization service is disabled
[2018.11.22-18.40.02:839][  0]LogCook: Display: Max memory allowance for cook 16384mb min free memory 0mb
[2018.11.22-18.40.02:839][  0]LogCook: Display: Mobile HDR setting 0
[2018.11.22-18.40.02:839][  0]LogGameplayTags: Display: UGameplayTagsManager::DoneAddingNativeTags. DelegateIsBound: 0
[2018.11.22-18.40.02:839][  0]LogStats: UGameplayTagsManager::ConstructGameplayTagTree: Construct from data asset -  0.000 s
[2018.11.22-18.40.02:839][  0]LogStats: UGameplayTagsManager::ConstructGameplayTagTree: GameplayTagTreeChangedEvent.Broadcast -  0.000 s
[2018.11.22-18.40.02:980][  0]LogFileCache: Scanning file cache for directory 'C:/Users/Тюлень/Documents/GitHub/BlockRoller2D/Content/' took 0.05s
[2018.11.22-18.40.02:980][  0]SourceControl: Source control is disabled
[2018.11.22-18.40.02:980][  0]Cmd: MAP LOAD FILE="C:/Users/Тюлень/Documents/GitHub/BlockRoller2D/Content/Maps/M_Loading1.umap" TEMPLATE=0 SHOWPROGRESS=1 FEATURELEVEL=3
[2018.11.22-18.40.02:982][  0]LightingResults: New page: Lighting Build
[2018.11.22-18.40.02:984][  0]MapCheck: New page: Map Check
[2018.11.22-18.40.02:984][  0]LightingResults: New page: Lighting Build
[2018.11.22-18.40.03:053][  0]LogAIModule: Creating AISystem for world M_Loading1
[2018.11.22-18.40.03:054][  0]LogEditorServer: Finished looking for orphan Actors (0.000 secs)
[2018.11.22-18.40.03:079][  0]Cmd: MAP CHECKDEP NOCLEARLOG
[2018.11.22-18.40.03:134][  0]MapCheck: Map check complete: 0 Error(s), 0 Warning(s), took 55,18ms to complete.
[2018.11.22-18.40.03:134][  0]LogFileHelpers: Loading map 'M_Loading1' took 0.153
[2018.11.22-18.40.03:249][  0]LogSlate: Updating window title bar state: overlay mode, drag disabled, window buttons hidden, title bar hidden
[2018.11.22-18.40.03:257][  0]LogSlate: Updating window title bar state: overlay mode, drag disabled, window buttons hidden, title bar hidden
[2018.11.22-18.40.03:266][  0]LogSlate: Updating window title bar state: overlay mode, drag disabled, window buttons hidden, title bar hidden
[2018.11.22-18.40.03:275][  0]LogSlate: Updating window title bar state: overlay mode, drag disabled, window buttons hidden, title bar hidden
[2018.11.22-18.40.03:280][  0]LogCollectionManager: Loaded 0 collections in 0.001129 seconds
[2018.11.22-18.40.03:323][  0]LogFileCache: Scanning file cache for directory 'C:/Users/Тюлень/Documents/GitHub/BlockRoller2D/Saved/Collections/' took 0.01s
[2018.11.22-18.40.03:323][  0]LogFileCache: Scanning file cache for directory 'C:/Users/Тюлень/Documents/GitHub/BlockRoller2D/Content/Developers/Тюлень/Collections/' took 0.01s
[2018.11.22-18.40.03:323][  0]LogFileCache: Scanning file cache for directory 'C:/Users/Тюлень/Documents/GitHub/BlockRoller2D/Content/Collections/' took 0.01s
[2018.11.22-18.40.03:323][  0]LogCollectionManager: Rebuilt the GUID cache for 0 collections in 0.000000 seconds
[2018.11.22-18.40.03:337][  0]LogContentBrowser: Native class hierarchy populated in 0.0130 seconds. Added 2572 classes and 603 folders.
[2018.11.22-18.40.03:343][  0]LogContentBrowser: Native class hierarchy updated for 'WidgetCarousel' in 0.0003 seconds. Added 0 classes and 0 folders.
[2018.11.22-18.40.03:397][  0]LogContentBrowser: Native class hierarchy updated for 'AddContentDialog' in 0.0003 seconds. Added 0 classes and 0 folders.
[2018.11.22-18.40.03:401][  0]LogContentBrowser: Native class hierarchy updated for 'SceneOutliner' in 0.0003 seconds. Added 1 classes and 2 folders.
[2018.11.22-18.40.03:419][  0]LogSlate: Took 0.000222 seconds to synchronously load lazily loaded font '../../../Engine/Content/Slate/Fonts/Roboto-Regular.ttf' (155K)
[2018.11.22-18.40.03:422][  0]LogSlate: Took 0.000175 seconds to synchronously load lazily loaded font '../../../Engine/Content/Slate/Fonts/Roboto-Bold.ttf' (160K)
[2018.11.22-18.40.03:428][  0]LogSlate: Took 0.000227 seconds to synchronously load lazily loaded font '../../../Engine/Content/Editor/Slate/Fonts/FontAwesome.ttf' (139K)
[2018.11.22-18.40.03:508][  0]LogRenderer: Reallocating scene render targets to support 1208x580 Format 10 NumSamples 1 (Frame:1).
[2018.11.22-18.40.03:643][  0]LogContentBrowser: Native class hierarchy updated for 'HierarchicalLODOutliner' in 0.0003 seconds. Added 0 classes and 0 folders.
[2018.11.22-18.40.03:643][  0]LogLoad: (Engine Initialization) Total time: 12.41 seconds
[2018.11.22-18.40.03:643][  0]LogLoad: (Engine Initialization) Total Blueprint compile time: 0.00 seconds
[2018.11.22-18.40.03:705][  0]LogContentStreaming: Texture pool size now 1000 MB
[2018.11.22-18.40.03:763][  0]LogSlate: Took 0.000300 seconds to synchronously load lazily loaded font '../../../Engine/Content/Slate/Fonts/Roboto-Light.ttf' (167K)
[2018.11.22-18.40.04:040][  3]LogAssetRegistry: Asset discovery search completed in 7.1615 seconds
[2018.11.22-18.40.04:042][  3]LogCollectionManager: Rebuilt the object cache for 0 collections in 0.000000 seconds (found 0 objects)
[2018.11.22-18.40.04:042][  3]LogCollectionManager: Fixed up redirectors for 0 collections in 0.000051 seconds (updated 0 objects)
[2018.11.22-18.40.08:269][ 16]LogSlate: FSceneViewport::OnFocusLost() reason 2
[2018.11.22-18.40.08:830][ 23]LogFileCache: Retrieving MD5 hashes for directory 'C:/Users/Тюлень/Documents/GitHub/BlockRoller2D/Content/' took 5.15s
[2018.11.22-18.40.09:653][ 38]LogSlate: FSceneViewport::OnFocusLost() reason 2
[2018.11.22-18.40.33:052][479]LogSlate: Window 'Editor Preferences' being destroyed
[2018.11.22-18.40.33:091][479]LogSlate: Window 'Editor Preferences' being destroyed
[2018.11.22-18.40.34:169][502]LogSlate: FSceneViewport::OnFocusLost() reason 2
[2018.11.22-18.40.36:005][535]LogBlueprintUserMessages: Early PlayInEditor Detection: Level '/Game/Maps/M_Loading1.M_Loading1:PersistentLevel' has LevelScriptBlueprint '/Game/Maps/M_Loading1.M_Loading1:PersistentLevel.M_Loading1' with GeneratedClass '/Game/Maps/M_Loading1.M_Loading1_C' with ClassGeneratedBy '/Game/Maps/M_Loading1.M_Loading1:PersistentLevel.M_Loading1'
[2018.11.22-18.40.36:005][535]LogPlayLevel: PlayLevel: No blueprints needed recompiling
[2018.11.22-18.40.36:020][535]PIE: New page: PIE session: M_Loading1 (22 нояб. 2018, 22:40:36)
[2018.11.22-18.40.36:026][535]LogPlayLevel: Creating play world package: /Game/Maps/UEDPIE_0_M_Loading1
[2018.11.22-18.40.36:028][535]LogPlayLevel: PIE: StaticDuplicateObject took: (0.002071s)
[2018.11.22-18.40.36:029][535]LogAIModule: Creating AISystem for world M_Loading1
[2018.11.22-18.40.36:029][535]LogPlayLevel: PIE: World Init took: (0.001282s)
[2018.11.22-18.40.36:030][535]LogPlayLevel: PIE: Created PIE world by copying editor world from /Game/Maps/M_Loading1.M_Loading1 to /Game/Maps/UEDPIE_0_M_Loading1.M_Loading1 (0.003668s)
[2018.11.22-18.40.36:087][535]LogInit: XAudio2 using 'Динамики (Realtek High Definition Audio)' : 6 channels at 48 kHz using 32 bits per sample (channel mask 0x3f)
[2018.11.22-18.40.36:103][535]LogInit: FAudioDevice initialized.
[2018.11.22-18.40.36:110][535]LogSlate: FSceneViewport::OnFocusLost() reason 2
[2018.11.22-18.40.36:114][535]LogSlate: Updating window title bar state: overlay mode, drag disabled, window buttons hidden, title bar hidden
[2018.11.22-18.40.36:164][535]LogLoad: Game class is 'GameModeBase'
[2018.11.22-18.40.36:166][535]LogWorld: Bringing World /Game/Maps/UEDPIE_0_M_Loading1.M_Loading1 up for play (max tick rate 60) at 2018.11.22-20.40.36
[2018.11.22-18.40.36:166][535]LogWorld: Bringing up level for play took: 0.000526
[2018.11.22-18.40.36:185][535]LogContentBrowser: Native class hierarchy updated for 'MovieSceneCapture' in 0.0003 seconds. Added 10 classes and 0 folders.
[2018.11.22-18.40.36:193][535]PIE: Play in editor start time for /Game/Maps/UEDPIE_0_M_Loading1 -0,633
[2018.11.22-18.40.36:193][535]LogBlueprintUserMessages: Late PlayInEditor Detection: Level '/Game/Maps/M_Loading1.M_Loading1:PersistentLevel' has LevelScriptBlueprint '/Game/Maps/M_Loading1.M_Loading1:PersistentLevel.M_Loading1' with GeneratedClass '/Game/Maps/M_Loading1.M_Loading1_C' with ClassGeneratedBy '/Game/Maps/M_Loading1.M_Loading1:PersistentLevel.M_Loading1'
[2018.11.22-18.40.36:220][535]LogRenderer: Reallocating scene render targets to support 1208x1172 Format 10 NumSamples 1 (Frame:1).
[2018.11.22-18.40.37:084][552]LogNet: Browse: /Game/Maps/M_Loading2
[2018.11.22-18.40.37:153][552]LogLoad: LoadMap: /Game/Maps/M_Loading2
[2018.11.22-18.40.38:730][552]LogTexture: Display: Building textures: restart (BGRA8, 64X67)
[2018.11.22-18.40.38:730][552]LogTexture: Display: Building textures: play (BGRA8, 193X197)
[2018.11.22-18.40.38:730][552]LogTexture: Display: Building textures: LevelLocked (BGRA8, 194X198)
[2018.11.22-18.40.38:730][552]LogTexture: Display: Building textures: ingame (BGRA8, 366X429)
[2018.11.22-18.40.38:730][552]LogTexture: Display: Building textures: T_starFlare_01 (AutoDXT, 256X256)
[2018.11.22-18.40.38:730][552]LogTexture: Display: Building textures: Infoicon (BGRA8, 57X60)
[2018.11.22-18.40.38:730][552]LogTexture: Display: Building textures: T_Fireball_02_SubUV_4_4 (AutoDXT, 512X512)
[2018.11.22-18.40.38:730][552]LogMaterial: Display: Missing cached shader map for material M_Add_Sprite_SubUV_Master, compiling. 
[2018.11.22-18.40.40:073][552]LogTexture: Display: Building textures: T_SmokeBall_01_8_8 (AutoDXT, 1024X1024)
[2018.11.22-18.40.40:073][552]LogTexture: Display: Building textures: T_Sparks_03_SubUV_1_4 (AutoDXT, 512X512)
[2018.11.22-18.40.40:073][552]LogShaderCompilers: Display: Shaders left to compile 35
[2018.11.22-18.40.40:073][552]LogShaderCompilers: Display: Shaders left to compile 25
[2018.11.22-18.40.40:073][552]LogShaderCompilers: Display: Shaders left to compile 15
[2018.11.22-18.40.40:073][552]LogShaderCompilers: Display: Shaders left to compile 5
[2018.11.22-18.40.40:073][552]LogTexture: Display: Building textures: key (BGRA8, 57X60)
[2018.11.22-18.40.40:073][552]LogTexture: Display: Building textures: star (BGRA8, 57X60)
[2018.11.22-18.40.40:073][552]LogTexture: Display: Building textures: T_Rocks_Fire_3_3 (AutoDXT, 1024X1024)
[2018.11.22-18.40.40:073][552]LogTexture: Display: Building textures: slow (BGRA8, 57X60)
[2018.11.22-18.40.40:073][552]LogTexture: Display: Building textures: speedbuff (BGRA8, 57X60)
[2018.11.22-18.40.40:073][552]LogTexture: Display: Building textures: Info (BGRA8, 482X423)
[2018.11.22-18.40.40:073][552]LogTexture: Display: Building textures: invis (BGRA8, 57X60)
[2018.11.22-18.40.40:073][552]LogTexture: Display: Building textures: platform (BGRA8, 146X60)
[2018.11.22-18.40.40:073][552]LogTexture: Display: Building textures: bluebar (BGRA8, 139X60)
[2018.11.22-18.40.40:073][552]LogTexture: Display: Building textures: rose (BGRA8, 139X60)
[2018.11.22-18.40.40:073][552]LogTexture: Display: Building textures: ThumbnailTexture (DXT1, 512X512)
[2018.11.22-18.40.40:073][552]LogTexture: Display: Building textures: character (BGRA8, 65X68)
[2018.11.22-18.40.40:073][552]LogTexture: Display: Building textures: time (BGRA8, 522X177)
[2018.11.22-18.40.40:073][552]LogTexture: Display: Building textures: TextBG (BGRA8, 426X186)
[2018.11.22-18.40.40:073][552]LogTexture: Display: Building textures: home (BGRA8, 64X67)
[2018.11.22-18.40.40:073][552]LogTexture: Display: Building textures: endlevelstars (BGRA8, 279X90)
[2018.11.22-18.40.40:073][552]LogTexture: Display: Building textures: 3star (BGRA8, 78X73)
[2018.11.22-18.40.40:073][552]LogTexture: Display: Building textures: 2star (BGRA8, 92X85)
[2018.11.22-18.40.40:073][552]LogTexture: Display: Building textures: 1star (BGRA8, 78X73)
[2018.11.22-18.40.40:073][552]LogTexture: Display: Building textures: T_BlastWave (AutoDXT, 1024X1024)
[2018.11.22-18.40.40:073][552]LogTexture: Display: Building textures: T_starFlare_03 (AutoDXT, 256X256)
[2018.11.22-18.40.40:073][552]LogTexture: Display: Building textures: T_starFlare_02 (AutoDXT, 256X256)
[2018.11.22-18.40.40:073][552]LogTexture: Display: Building textures: T_GlowNoise_01 (AutoDXT, 256X256)
[2018.11.22-18.40.40:073][552]LogTexture: Display: Building textures: T_LightCone (AutoDXT, 256X256)
[2018.11.22-18.40.40:073][552]LogTexture: Display: Building textures: T_SoftFallOff (AutoDXT, 256X256)
[2018.11.22-18.40.40:073][552]LogTexture: Display: Building textures: shield (BGRA8, 57X60)
[2018.11.22-18.40.40:073][552]LogTexture: Display: Building textures: finishline (AutoDXT, 420X420)
[2018.11.22-18.40.40:073][552]LogTexture: Display: Building textures: T_CombatArea_Arc (AutoDXT, 256X256)
[2018.11.22-18.40.40:073][552]LogTexture: Display: Building textures: gate (BGRA8, 146X60)
[2018.11.22-18.40.40:073][552]LogTexture: Display: Building textures: ThumbnailTexture (DXT1, 512X512)
[2018.11.22-18.40.40:073][552]LogTexture: Display: Building textures: rotation (BGRA8, 57X60)
[2018.11.22-18.40.40:073][552]LogTexture: Display: Building textures: T_SwipeTrail (AutoDXT, 512X512)
[2018.11.22-18.40.40:073][552]LogTexture: Display: Building textures: ThumbnailTexture (DXT1, 512X512)
[2018.11.22-18.40.40:073][552]LogTexture: Display: Building textures: ThumbnailTexture (DXT1, 512X512)
[2018.11.22-18.40.40:073][552]LogMaterial: Display: Missing cached shader map for material M_Add_Sprite_Master_DepthFade, compiling. 
[2018.11.22-18.40.40:114][552]LogMaterial: Display: Missing cached shader map for material M_Add_Sprite_Master, compiling. 
[2018.11.22-18.40.40:142][552]LogMaterial: Display: Missing cached shader map for material M_Trans_Sprite_SubUV_Master, compiling. 
[2018.11.22-18.40.40:235][552]LogMaterial: Display: Missing cached shader map for material M_Add_Sprite_2Sided_Master, compiling. 
[2018.11.22-18.40.40:326][552]LogStaticMesh: Building static mesh SM_CombatArea_Base...
[2018.11.22-18.40.40:329][552]LogStaticMesh: Built static mesh [0.00s] /Game/InfinityBladeEffects/Effects/FX_Meshes/Skills/SM_CombatArea_Base.SM_CombatArea_Base
[2018.11.22-18.40.40:337][552]LogStaticMesh: Building static mesh SM_ShieldEnemy2...
[2018.11.22-18.40.40:347][552]LogStaticMesh: Built static mesh [0.01s] /Game/InfinityBladeEffects/Effects/FX_Meshes/Mobile/SM_ShieldEnemy2.SM_ShieldEnemy2
[2018.11.22-18.40.40:670][552]LogStaticMesh: Building static mesh SM_SpinSpiral...
[2018.11.22-18.40.40:674][552]LogStaticMesh: Built static mesh [0.00s] /Game/InfinityBladeEffects/Effects/FX_Meshes/Skills/SM_SpinSpiral.SM_SpinSpiral
[2018.11.22-18.40.41:181][552]LogAIModule: Creating AISystem for world M_Loading2
[2018.11.22-18.40.41:181][552]LogLoad: Game class is 'GameModeBase'
[2018.11.22-18.40.41:197][552]LogWorld: Bringing World /Game/Maps/UEDPIE_0_M_Loading2.M_Loading2 up for play (max tick rate 60) at 2018.11.22-20.40.41
[2018.11.22-18.40.41:198][552]LogWorld: Bringing up level for play took: 0.016382
[2018.11.22-18.40.41:199][552]LogGameMode: FindPlayerStart: PATHS NOT DEFINED or NO PLAYERSTART with positive rating
[2018.11.22-18.40.41:205][552]LogLoad: Took 4.053123 seconds to LoadMap(/Game/Maps/M_Loading2)
[2018.11.22-18.40.41:868][564]LogScript: Warning: Script Msg: Attempted to access index 0 from array 'CallFunc_GetAllActorsOfClass_OutActors' of length 0 in '/Game/Blueprints/LevelStuff/BP_MovingPlatform.BP_MovingPlatform_C:ExecuteUbergraph_BP_MovingPlatform'!
[2018.11.22-18.40.41:933][565]LogScript: Warning: Script Msg: Attempted to access index 0 from array 'CallFunc_GetAllActorsOfClass_OutActors' of length 0 in '/Game/Blueprints/LevelStuff/BP_MovingPlatform.BP_MovingPlatform_C:ExecuteUbergraph_BP_MovingPlatform'!
[2018.11.22-18.40.42:000][566]LogScript: Warning: Script Msg: Attempted to access index 0 from array 'CallFunc_GetAllActorsOfClass_OutActors' of length 0 in '/Game/Blueprints/LevelStuff/BP_MovingPlatform.BP_MovingPlatform_C:ExecuteUbergraph_BP_MovingPlatform'!
[2018.11.22-18.40.42:066][567]LogScript: Warning: Script Msg: Attempted to access index 0 from array 'CallFunc_GetAllActorsOfClass_OutActors' of length 0 in '/Game/Blueprints/LevelStuff/BP_MovingPlatform.BP_MovingPlatform_C:ExecuteUbergraph_BP_MovingPlatform'!
[2018.11.22-18.40.42:135][568]LogScript: Warning: Script Msg: Attempted to access index 0 from array 'CallFunc_GetAllActorsOfClass_OutActors' of length 0 in '/Game/Blueprints/LevelStuff/BP_MovingPlatform.BP_MovingPlatform_C:ExecuteUbergraph_BP_MovingPlatform'!
[2018.11.22-18.40.42:202][569]LogScript: Warning: Script Msg: Attempted to access index 0 from array 'CallFunc_GetAllActorsOfClass_OutActors' of length 0 in '/Game/Blueprints/LevelStuff/BP_MovingPlatform.BP_MovingPlatform_C:ExecuteUbergraph_BP_MovingPlatform'!
[2018.11.22-18.40.43:287][582]LogShaderCompilers: Display: Shaders left to compile 148
[2018.11.22-18.40.43:431][583]LogScript: Warning: Script Msg: Attempted to access index 0 from array 'CallFunc_GetAllActorsOfClass_OutActors' of length 0 in '/Game/Blueprints/LevelStuff/BP_MovingPlatform.BP_MovingPlatform_C:ExecuteUbergraph_BP_MovingPlatform'!
[2018.11.22-18.40.43:515][584]LogScript: Warning: Script Msg: Attempted to access index 0 from array 'CallFunc_GetAllActorsOfClass_OutActors' of length 0 in '/Game/Blueprints/LevelStuff/BP_MovingPlatform.BP_MovingPlatform_C:ExecuteUbergraph_BP_MovingPlatform'!
[2018.11.22-18.40.43:552][585]LogScript: Warning: Script Msg: Attempted to access index 0 from array 'CallFunc_GetAllActorsOfClass_OutActors' of length 0 in '/Game/Blueprints/LevelStuff/BP_MovingPlatform.BP_MovingPlatform_C:ExecuteUbergraph_BP_MovingPlatform'!
[2018.11.22-18.40.43:598][586]LogScript: Warning: Script Msg: Attempted to access index 0 from array 'CallFunc_GetAllActorsOfClass_OutActors' of length 0 in '/Game/Blueprints/LevelStuff/BP_MovingPlatform.BP_MovingPlatform_C:ExecuteUbergraph_BP_MovingPlatform'!
[2018.11.22-18.40.43:648][587]LogScript: Warning: Script Msg: Attempted to access index 0 from array 'CallFunc_GetAllActorsOfClass_OutActors' of length 0 in '/Game/Blueprints/LevelStuff/BP_MovingPlatform.BP_MovingPlatform_C:ExecuteUbergraph_BP_MovingPlatform'!
[2018.11.22-18.40.43:697][588]LogScript: Warning: Script Msg: Attempted to access index 0 from array 'CallFunc_GetAllActorsOfClass_OutActors' of length 0 in '/Game/Blueprints/LevelStuff/BP_MovingPlatform.BP_MovingPlatform_C:ExecuteUbergraph_BP_MovingPlatform'!
[2018.11.22-18.40.43:748][589]LogScript: Warning: Script Msg: Attempted to access index 0 from array 'CallFunc_GetAllActorsOfClass_OutActors' of length 0 in '/Game/Blueprints/LevelStuff/BP_MovingPlatform.BP_MovingPlatform_C:ExecuteUbergraph_BP_MovingPlatform'!
[2018.11.22-18.40.43:799][590]LogScript: Warning: Script Msg: Attempted to access index 0 from array 'CallFunc_GetAllActorsOfClass_OutActors' of length 0 in '/Game/Blueprints/LevelStuff/BP_MovingPlatform.BP_MovingPlatform_C:ExecuteUbergraph_BP_MovingPlatform'!
[2018.11.22-18.40.43:849][591]LogScript: Warning: Script Msg: Attempted to access index 0 from array 'CallFunc_GetAllActorsOfClass_OutActors' of length 0 in '/Game/Blueprints/LevelStuff/BP_MovingPlatform.BP_MovingPlatform_C:ExecuteUbergraph_BP_MovingPlatform'!
[2018.11.22-18.40.43:899][592]LogScript: Warning: Script Msg: Attempted to access index 0 from array 'CallFunc_GetAllActorsOfClass_OutActors' of length 0 in '/Game/Blueprints/LevelStuff/BP_MovingPlatform.BP_MovingPlatform_C:ExecuteUbergraph_BP_MovingPlatform'!
[2018.11.22-18.40.43:948][593]LogScript: Warning: Script Msg: Attempted to access index 0 from array 'CallFunc_GetAllActorsOfClass_OutActors' of length 0 in '/Game/Blueprints/LevelStuff/BP_MovingPlatform.BP_MovingPlatform_C:ExecuteUbergraph_BP_MovingPlatform'!
[2018.11.22-18.40.43:997][594]LogScript: Warning: Script Msg: Attempted to access index 0 from array 'CallFunc_GetAllActorsOfClass_OutActors' of length 0 in '/Game/Blueprints/LevelStuff/BP_MovingPlatform.BP_MovingPlatform_C:ExecuteUbergraph_BP_MovingPlatform'!
[2018.11.22-18.40.44:047][595]LogScript: Warning: Script Msg: Attempted to access index 0 from array 'CallFunc_GetAllActorsOfClass_OutActors' of length 0 in '/Game/Blueprints/LevelStuff/BP_MovingPlatform.BP_MovingPlatform_C:ExecuteUbergraph_BP_MovingPlatform'!
[2018.11.22-18.40.44:097][596]LogScript: Warning: Script Msg: Attempted to access index 0 from array 'CallFunc_GetAllActorsOfClass_OutActors' of length 0 in '/Game/Blueprints/LevelStuff/BP_MovingPlatform.BP_MovingPlatform_C:ExecuteUbergraph_BP_MovingPlatform'!
[2018.11.22-18.40.44:147][597]LogScript: Warning: Script Msg: Attempted to access index 0 from array 'CallFunc_GetAllActorsOfClass_OutActors' of length 0 in '/Game/Blueprints/LevelStuff/BP_MovingPlatform.BP_MovingPlatform_C:ExecuteUbergraph_BP_MovingPlatform'!
[2018.11.22-18.40.44:198][598]LogScript: Warning: Script Msg: Attempted to access index 0 from array 'CallFunc_GetAllActorsOfClass_OutActors' of length 0 in '/Game/Blueprints/LevelStuff/BP_MovingPlatform.BP_MovingPlatform_C:ExecuteUbergraph_BP_MovingPlatform'!
[2018.11.22-18.40.44:248][599]LogScript: Warning: Script Msg: Attempted to access index 0 from array 'CallFunc_GetAllActorsOfClass_OutActors' of length 0 in '/Game/Blueprints/LevelStuff/BP_MovingPlatform.BP_MovingPlatform_C:ExecuteUbergraph_BP_MovingPlatform'!
[2018.11.22-18.40.44:298][600]LogScript: Warning: Script Msg: Attempted to access index 0 from array 'CallFunc_GetAllActorsOfClass_OutActors' of length 0 in '/Game/Blueprints/LevelStuff/BP_MovingPlatform.BP_MovingPlatform_C:ExecuteUbergraph_BP_MovingPlatform'!
[2018.11.22-18.40.44:348][601]LogScript: Warning: Script Msg: Attempted to access index 0 from array 'CallFunc_GetAllActorsOfClass_OutActors' of length 0 in '/Game/Blueprints/LevelStuff/BP_MovingPlatform.BP_MovingPlatform_C:ExecuteUbergraph_BP_MovingPlatform'!
[2018.11.22-18.40.44:398][602]LogScript: Warning: Script Msg: Attempted to access index 0 from array 'CallFunc_GetAllActorsOfClass_OutActors' of length 0 in '/Game/Blueprints/LevelStuff/BP_MovingPlatform.BP_MovingPlatform_C:ExecuteUbergraph_BP_MovingPlatform'!
[2018.11.22-18.40.44:448][603]LogScript: Warning: Script Msg: Attempted to access index 0 from array 'CallFunc_GetAllActorsOfClass_OutActors' of length 0 in '/Game/Blueprints/LevelStuff/BP_MovingPlatform.BP_MovingPlatform_C:ExecuteUbergraph_BP_MovingPlatform'!
[2018.11.22-18.40.44:498][604]LogScript: Warning: Script Msg: Attempted to access index 0 from array 'CallFunc_GetAllActorsOfClass_OutActors' of length 0 in '/Game/Blueprints/LevelStuff/BP_MovingPlatform.BP_MovingPlatform_C:ExecuteUbergraph_BP_MovingPlatform'!
[2018.11.22-18.40.44:548][605]LogScript: Warning: Script Msg: Attempted to access index 0 from array 'CallFunc_GetAllActorsOfClass_OutActors' of length 0 in '/Game/Blueprints/LevelStuff/BP_MovingPlatform.BP_MovingPlatform_C:ExecuteUbergraph_BP_MovingPlatform'!
[2018.11.22-18.40.44:598][606]LogScript: Warning: Script Msg: Attempted to access index 0 from array 'CallFunc_GetAllActorsOfClass_OutActors' of length 0 in '/Game/Blueprints/LevelStuff/BP_MovingPlatform.BP_MovingPlatform_C:ExecuteUbergraph_BP_MovingPlatform'!
[2018.11.22-18.40.44:649][607]LogScript: Warning: Script Msg: Attempted to access index 0 from array 'CallFunc_GetAllActorsOfClass_OutActors' of length 0 in '/Game/Blueprints/LevelStuff/BP_MovingPlatform.BP_MovingPlatform_C:ExecuteUbergraph_BP_MovingPlatform'!
[2018.11.22-18.40.44:671][608]LogShaderCompilers: Display: Shaders left to compile 138
[2018.11.22-18.40.44:699][608]LogScript: Warning: Script Msg: Attempted to access index 0 from array 'CallFunc_GetAllActorsOfClass_OutActors' of length 0 in '/Game/Blueprints/LevelStuff/BP_MovingPlatform.BP_MovingPlatform_C:ExecuteUbergraph_BP_MovingPlatform'!
[2018.11.22-18.40.44:748][609]LogScript: Warning: Script Msg: Attempted to access index 0 from array 'CallFunc_GetAllActorsOfClass_OutActors' of length 0 in '/Game/Blueprints/LevelStuff/BP_MovingPlatform.BP_MovingPlatform_C:ExecuteUbergraph_BP_MovingPlatform'!
[2018.11.22-18.40.44:799][610]LogScript: Warning: Script Msg: Attempted to access index 0 from array 'CallFunc_GetAllActorsOfClass_OutActors' of length 0 in '/Game/Blueprints/LevelStuff/BP_MovingPlatform.BP_MovingPlatform_C:ExecuteUbergraph_BP_MovingPlatform'!
[2018.11.22-18.40.44:849][611]LogScript: Warning: Script Msg: Attempted to access index 0 from array 'CallFunc_GetAllActorsOfClass_OutActors' of length 0 in '/Game/Blueprints/LevelStuff/BP_MovingPlatform.BP_MovingPlatform_C:ExecuteUbergraph_BP_MovingPlatform'!
[2018.11.22-18.40.44:898][612]LogScript: Warning: Script Msg: Attempted to access index 0 from array 'CallFunc_GetAllActorsOfClass_OutActors' of length 0 in '/Game/Blueprints/LevelStuff/BP_MovingPlatform.BP_MovingPlatform_C:ExecuteUbergraph_BP_MovingPlatform'!
[2018.11.22-18.40.44:947][613]LogScript: Warning: Script Msg: Attempted to access index 0 from array 'CallFunc_GetAllActorsOfClass_OutActors' of length 0 in '/Game/Blueprints/LevelStuff/BP_MovingPlatform.BP_MovingPlatform_C:ExecuteUbergraph_BP_MovingPlatform'!
[2018.11.22-18.40.44:996][614]LogScript: Warning: Script Msg: Attempted to access index 0 from array 'CallFunc_GetAllActorsOfClass_OutActors' of length 0 in '/Game/Blueprints/LevelStuff/BP_MovingPlatform.BP_MovingPlatform_C:ExecuteUbergraph_BP_MovingPlatform'!
[2018.11.22-18.40.45:047][615]LogScript: Warning: Script Msg: Attempted to access index 0 from array 'CallFunc_GetAllActorsOfClass_OutActors' of length 0 in '/Game/Blueprints/LevelStuff/BP_MovingPlatform.BP_MovingPlatform_C:ExecuteUbergraph_BP_MovingPlatform'!
[2018.11.22-18.40.45:098][616]LogScript: Warning: Script Msg: Attempted to access index 0 from array 'CallFunc_GetAllActorsOfClass_OutActors' of length 0 in '/Game/Blueprints/LevelStuff/BP_MovingPlatform.BP_MovingPlatform_C:ExecuteUbergraph_BP_MovingPlatform'!
[2018.11.22-18.40.45:148][617]LogScript: Warning: Script Msg: Attempted to access index 0 from array 'CallFunc_GetAllActorsOfClass_OutActors' of length 0 in '/Game/Blueprints/LevelStuff/BP_MovingPlatform.BP_MovingPlatform_C:ExecuteUbergraph_BP_MovingPlatform'!
[2018.11.22-18.40.45:199][618]LogScript: Warning: Script Msg: Attempted to access index 0 from array 'CallFunc_GetAllActorsOfClass_OutActors' of length 0 in '/Game/Blueprints/LevelStuff/BP_MovingPlatform.BP_MovingPlatform_C:ExecuteUbergraph_BP_MovingPlatform'!
[2018.11.22-18.40.45:248][619]LogScript: Warning: Script Msg: Attempted to access index 0 from array 'CallFunc_GetAllActorsOfClass_OutActors' of length 0 in '/Game/Blueprints/LevelStuff/BP_MovingPlatform.BP_MovingPlatform_C:ExecuteUbergraph_BP_MovingPlatform'!
[2018.11.22-18.40.45:297][620]LogScript: Warning: Script Msg: Attempted to access index 0 from array 'CallFunc_GetAllActorsOfClass_OutActors' of length 0 in '/Game/Blueprints/LevelStuff/BP_MovingPlatform.BP_MovingPlatform_C:ExecuteUbergraph_BP_MovingPlatform'!
[2018.11.22-18.40.45:348][621]LogScript: Warning: Script Msg: Attempted to access index 0 from array 'CallFunc_GetAllActorsOfClass_OutActors' of length 0 in '/Game/Blueprints/LevelStuff/BP_MovingPlatform.BP_MovingPlatform_C:ExecuteUbergraph_BP_MovingPlatform'!
[2018.11.22-18.40.45:399][622]LogScript: Warning: Script Msg: Attempted to access index 0 from array 'CallFunc_GetAllActorsOfClass_OutActors' of length 0 in '/Game/Blueprints/LevelStuff/BP_MovingPlatform.BP_MovingPlatform_C:ExecuteUbergraph_BP_MovingPlatform'!
[2018.11.22-18.40.45:448][623]LogScript: Warning: Script Msg: Attempted to access index 0 from array 'CallFunc_GetAllActorsOfClass_OutActors' of length 0 in '/Game/Blueprints/LevelStuff/BP_MovingPlatform.BP_MovingPlatform_C:ExecuteUbergraph_BP_MovingPlatform'!
[2018.11.22-18.40.45:466][624]LogShaderCompilers: Display: Shaders left to compile 128
[2018.11.22-18.40.45:498][624]LogScript: Warning: Script Msg: Attempted to access index 0 from array 'CallFunc_GetAllActorsOfClass_OutActors' of length 0 in '/Game/Blueprints/LevelStuff/BP_MovingPlatform.BP_MovingPlatform_C:ExecuteUbergraph_BP_MovingPlatform'!
[2018.11.22-18.40.45:547][625]LogScript: Warning: Script Msg: Attempted to access index 0 from array 'CallFunc_GetAllActorsOfClass_OutActors' of length 0 in '/Game/Blueprints/LevelStuff/BP_MovingPlatform.BP_MovingPlatform_C:ExecuteUbergraph_BP_MovingPlatform'!
[2018.11.22-18.40.45:597][626]LogScript: Warning: Script Msg: Attempted to access index 0 from array 'CallFunc_GetAllActorsOfClass_OutActors' of length 0 in '/Game/Blueprints/LevelStuff/BP_MovingPlatform.BP_MovingPlatform_C:ExecuteUbergraph_BP_MovingPlatform'!
[2018.11.22-18.40.45:621][627]LogShaderCompilers: Display: Shaders left to compile 118
[2018.11.22-18.40.45:647][627]LogScript: Warning: Script Msg: Attempted to access index 0 from array 'CallFunc_GetAllActorsOfClass_OutActors' of length 0 in '/Game/Blueprints/LevelStuff/BP_MovingPlatform.BP_MovingPlatform_C:ExecuteUbergraph_BP_MovingPlatform'!
[2018.11.22-18.40.45:698][628]LogScript: Warning: Script Msg: Attempted to access index 0 from array 'CallFunc_GetAllActorsOfClass_OutActors' of length 0 in '/Game/Blueprints/LevelStuff/BP_MovingPlatform.BP_MovingPlatform_C:ExecuteUbergraph_BP_MovingPlatform'!
[2018.11.22-18.40.45:748][629]LogScript: Warning: Script Msg: Attempted to access index 0 from array 'CallFunc_GetAllActorsOfClass_OutActors' of length 0 in '/Game/Blueprints/LevelStuff/BP_MovingPlatform.BP_MovingPlatform_C:ExecuteUbergraph_BP_MovingPlatform'!
[2018.11.22-18.40.45:808][630]LogScript: Warning: Script Msg: Attempted to access index 0 from array 'CallFunc_GetAllActorsOfClass_OutActors' of length 0 in '/Game/Blueprints/LevelStuff/BP_MovingPlatform.BP_MovingPlatform_C:ExecuteUbergraph_BP_MovingPlatform'!
[2018.11.22-18.40.45:847][631]LogScript: Warning: Script Msg: Attempted to access index 0 from array 'CallFunc_GetAllActorsOfClass_OutActors' of length 0 in '/Game/Blueprints/LevelStuff/BP_MovingPlatform.BP_MovingPlatform_C:ExecuteUbergraph_BP_MovingPlatform'!
[2018.11.22-18.40.45:897][632]LogScript: Warning: Script Msg: Attempted to access index 0 from array 'CallFunc_GetAllActorsOfClass_OutActors' of length 0 in '/Game/Blueprints/LevelStuff/BP_MovingPlatform.BP_MovingPlatform_C:ExecuteUbergraph_BP_MovingPlatform'!
[2018.11.22-18.40.45:947][633]LogScript: Warning: Script Msg: Attempted to access index 0 from array 'CallFunc_GetAllActorsOfClass_OutActors' of length 0 in '/Game/Blueprints/LevelStuff/BP_MovingPlatform.BP_MovingPlatform_C:ExecuteUbergraph_BP_MovingPlatform'!
[2018.11.22-18.40.45:997][634]LogScript: Warning: Script Msg: Attempted to access index 0 from array 'CallFunc_GetAllActorsOfClass_OutActors' of length 0 in '/Game/Blueprints/LevelStuff/BP_MovingPlatform.BP_MovingPlatform_C:ExecuteUbergraph_BP_MovingPlatform'!
[2018.11.22-18.40.46:047][635]LogScript: Warning: Script Msg: Attempted to access index 0 from array 'CallFunc_GetAllActorsOfClass_OutActors' of length 0 in '/Game/Blueprints/LevelStuff/BP_MovingPlatform.BP_MovingPlatform_C:ExecuteUbergraph_BP_MovingPlatform'!
[2018.11.22-18.40.46:097][636]LogScript: Warning: Script Msg: Attempted to access index 0 from array 'CallFunc_GetAllActorsOfClass_OutActors' of length 0 in '/Game/Blueprints/LevelStuff/BP_MovingPlatform.BP_MovingPlatform_C:ExecuteUbergraph_BP_MovingPlatform'!
[2018.11.22-18.40.46:146][637]LogScript: Warning: Script Msg: Attempted to access index 0 from array 'CallFunc_GetAllActorsOfClass_OutActors' of length 0 in '/Game/Blueprints/LevelStuff/BP_MovingPlatform.BP_MovingPlatform_C:ExecuteUbergraph_BP_MovingPlatform'!
[2018.11.22-18.40.46:196][638]LogScript: Warning: Script Msg: Attempted to access index 0 from array 'CallFunc_GetAllActorsOfClass_OutActors' of length 0 in '/Game/Blueprints/LevelStuff/BP_MovingPlatform.BP_MovingPlatform_C:ExecuteUbergraph_BP_MovingPlatform'!
[2018.11.22-18.40.46:246][639]LogScript: Warning: Script Msg: Attempted to access index 0 from array 'CallFunc_GetAllActorsOfClass_OutActors' of length 0 in '/Game/Blueprints/LevelStuff/BP_MovingPlatform.BP_MovingPlatform_C:ExecuteUbergraph_BP_MovingPlatform'!
[2018.11.22-18.40.46:297][640]LogScript: Warning: Script Msg: Attempted to access index 0 from array 'CallFunc_GetAllActorsOfClass_OutActors' of length 0 in '/Game/Blueprints/LevelStuff/BP_MovingPlatform.BP_MovingPlatform_C:ExecuteUbergraph_BP_MovingPlatform'!
[2018.11.22-18.40.46:347][641]LogScript: Warning: Script Msg: Attempted to access index 0 from array 'CallFunc_GetAllActorsOfClass_OutActors' of length 0 in '/Game/Blueprints/LevelStuff/BP_MovingPlatform.BP_MovingPlatform_C:ExecuteUbergraph_BP_MovingPlatform'!
[2018.11.22-18.40.46:397][642]LogScript: Warning: Script Msg: Attempted to access index 0 from array 'CallFunc_GetAllActorsOfClass_OutActors' of length 0 in '/Game/Blueprints/LevelStuff/BP_MovingPlatform.BP_MovingPlatform_C:ExecuteUbergraph_BP_MovingPlatform'!
[2018.11.22-18.40.46:448][643]LogScript: Warning: Script Msg: Attempted to access index 0 from array 'CallFunc_GetAllActorsOfClass_OutActors' of length 0 in '/Game/Blueprints/LevelStuff/BP_MovingPlatform.BP_MovingPlatform_C:ExecuteUbergraph_BP_MovingPlatform'!
[2018.11.22-18.40.46:497][644]LogScript: Warning: Script Msg: Attempted to access index 0 from array 'CallFunc_GetAllActorsOfClass_OutActors' of length 0 in '/Game/Blueprints/LevelStuff/BP_MovingPlatform.BP_MovingPlatform_C:ExecuteUbergraph_BP_MovingPlatform'!
[2018.11.22-18.40.46:546][645]LogScript: Warning: Script Msg: Attempted to access index 0 from array 'CallFunc_GetAllActorsOfClass_OutActors' of length 0 in '/Game/Blueprints/LevelStuff/BP_MovingPlatform.BP_MovingPlatform_C:ExecuteUbergraph_BP_MovingPlatform'!
[2018.11.22-18.40.46:596][646]Set new viewmode: Wireframe
[2018.11.22-18.40.46:597][646]LogScript: Warning: Script Msg: Attempted to access index 0 from array 'CallFunc_GetAllActorsOfClass_OutActors' of length 0 in '/Game/Blueprints/LevelStuff/BP_MovingPlatform.BP_MovingPlatform_C:ExecuteUbergraph_BP_MovingPlatform'!
[2018.11.22-18.40.46:647][647]LogScript: Warning: Script Msg: Attempted to access index 0 from array 'CallFunc_GetAllActorsOfClass_OutActors' of length 0 in '/Game/Blueprints/LevelStuff/BP_MovingPlatform.BP_MovingPlatform_C:ExecuteUbergraph_BP_MovingPlatform'!
[2018.11.22-18.40.46:697][648]LogScript: Warning: Script Msg: Attempted to access index 0 from array 'CallFunc_GetAllActorsOfClass_OutActors' of length 0 in '/Game/Blueprints/LevelStuff/BP_MovingPlatform.BP_MovingPlatform_C:ExecuteUbergraph_BP_MovingPlatform'!
[2018.11.22-18.40.46:749][649]LogScript: Warning: Script Msg: Attempted to access index 0 from array 'CallFunc_GetAllActorsOfClass_OutActors' of length 0 in '/Game/Blueprints/LevelStuff/BP_MovingPlatform.BP_MovingPlatform_C:ExecuteUbergraph_BP_MovingPlatform'!
[2018.11.22-18.40.46:798][650]LogScript: Warning: Script Msg: Attempted to access index 0 from array 'CallFunc_GetAllActorsOfClass_OutActors' of length 0 in '/Game/Blueprints/LevelStuff/BP_MovingPlatform.BP_MovingPlatform_C:ExecuteUbergraph_BP_MovingPlatform'!
[2018.11.22-18.40.46:851][651]LogScript: Warning: Script Msg: Attempted to access index 0 from array 'CallFunc_GetAllActorsOfClass_OutActors' of length 0 in '/Game/Blueprints/LevelStuff/BP_MovingPlatform.BP_MovingPlatform_C:ExecuteUbergraph_BP_MovingPlatform'!
[2018.11.22-18.40.46:899][652]LogScript: Warning: Script Msg: Attempted to access index 0 from array 'CallFunc_GetAllActorsOfClass_OutActors' of length 0 in '/Game/Blueprints/LevelStuff/BP_MovingPlatform.BP_MovingPlatform_C:ExecuteUbergraph_BP_MovingPlatform'!
[2018.11.22-18.40.46:949][653]LogScript: Warning: Script Msg: Attempted to access index 0 from array 'CallFunc_GetAllActorsOfClass_OutActors' of length 0 in '/Game/Blueprints/LevelStuff/BP_MovingPlatform.BP_MovingPlatform_C:ExecuteUbergraph_BP_MovingPlatform'!
[2018.11.22-18.40.47:000][654]LogScript: Warning: Script Msg: Attempted to access index 0 from array 'CallFunc_GetAllActorsOfClass_OutActors' of length 0 in '/Game/Blueprints/LevelStuff/BP_MovingPlatform.BP_MovingPlatform_C:ExecuteUbergraph_BP_MovingPlatform'!
[2018.11.22-18.40.47:050][655]LogScript: Warning: Script Msg: Attempted to access index 0 from array 'CallFunc_GetAllActorsOfClass_OutActors' of length 0 in '/Game/Blueprints/LevelStuff/BP_MovingPlatform.BP_MovingPlatform_C:ExecuteUbergraph_BP_MovingPlatform'!
[2018.11.22-18.40.47:100][656]LogScript: Warning: Script Msg: Attempted to access index 0 from array 'CallFunc_GetAllActorsOfClass_OutActors' of length 0 in '/Game/Blueprints/LevelStuff/BP_MovingPlatform.BP_MovingPlatform_C:ExecuteUbergraph_BP_MovingPlatform'!
[2018.11.22-18.40.47:148][657]LogScript: Warning: Script Msg: Attempted to access index 0 from array 'CallFunc_GetAllActorsOfClass_OutActors' of length 0 in '/Game/Blueprints/LevelStuff/BP_MovingPlatform.BP_MovingPlatform_C:ExecuteUbergraph_BP_MovingPlatform'!
[2018.11.22-18.40.47:198][658]LogScript: Warning: Script Msg: Attempted to access index 0 from array 'CallFunc_GetAllActorsOfClass_OutActors' of length 0 in '/Game/Blueprints/LevelStuff/BP_MovingPlatform.BP_MovingPlatform_C:ExecuteUbergraph_BP_MovingPlatform'!
[2018.11.22-18.40.47:247][659]LogScript: Warning: Script Msg: Attempted to access index 0 from array 'CallFunc_GetAllActorsOfClass_OutActors' of length 0 in '/Game/Blueprints/LevelStuff/BP_MovingPlatform.BP_MovingPlatform_C:ExecuteUbergraph_BP_MovingPlatform'!
[2018.11.22-18.40.47:298][660]LogScript: Warning: Script Msg: Attempted to access index 0 from array 'CallFunc_GetAllActorsOfClass_OutActors' of length 0 in '/Game/Blueprints/LevelStuff/BP_MovingPlatform.BP_MovingPlatform_C:ExecuteUbergraph_BP_MovingPlatform'!
[2018.11.22-18.40.47:347][661]LogScript: Warning: Script Msg: Attempted to access index 0 from array 'CallFunc_GetAllActorsOfClass_OutActors' of length 0 in '/Game/Blueprints/LevelStuff/BP_MovingPlatform.BP_MovingPlatform_C:ExecuteUbergraph_BP_MovingPlatform'!
[2018.11.22-18.40.47:397][662]LogScript: Warning: Script Msg: Attempted to access index 0 from array 'CallFunc_GetAllActorsOfClass_OutActors' of length 0 in '/Game/Blueprints/LevelStuff/BP_MovingPlatform.BP_MovingPlatform_C:ExecuteUbergraph_BP_MovingPlatform'!
[2018.11.22-18.40.47:446][663]LogScript: Warning: Script Msg: Attempted to access index 0 from array 'CallFunc_GetAllActorsOfClass_OutActors' of length 0 in '/Game/Blueprints/LevelStuff/BP_MovingPlatform.BP_MovingPlatform_C:ExecuteUbergraph_BP_MovingPlatform'!
[2018.11.22-18.40.47:496][664]LogScript: Warning: Script Msg: Attempted to access index 0 from array 'CallFunc_GetAllActorsOfClass_OutActors' of length 0 in '/Game/Blueprints/LevelStuff/BP_MovingPlatform.BP_MovingPlatform_C:ExecuteUbergraph_BP_MovingPlatform'!
[2018.11.22-18.40.47:546][665]LogScript: Warning: Script Msg: Attempted to access index 0 from array 'CallFunc_GetAllActorsOfClass_OutActors' of length 0 in '/Game/Blueprints/LevelStuff/BP_MovingPlatform.BP_MovingPlatform_C:ExecuteUbergraph_BP_MovingPlatform'!
[2018.11.22-18.40.47:596][666]LogScript: Warning: Script Msg: Attempted to access index 0 from array 'CallFunc_GetAllActorsOfClass_OutActors' of length 0 in '/Game/Blueprints/LevelStuff/BP_MovingPlatform.BP_MovingPlatform_C:ExecuteUbergraph_BP_MovingPlatform'!
[2018.11.22-18.40.47:646][667]LogScript: Warning: Script Msg: Attempted to access index 0 from array 'CallFunc_GetAllActorsOfClass_OutActors' of length 0 in '/Game/Blueprints/LevelStuff/BP_MovingPlatform.BP_MovingPlatform_C:ExecuteUbergraph_BP_MovingPlatform'!
[2018.11.22-18.40.47:696][668]LogScript: Warning: Script Msg: Attempted to access index 0 from array 'CallFunc_GetAllActorsOfClass_OutActors' of length 0 in '/Game/Blueprints/LevelStuff/BP_MovingPlatform.BP_MovingPlatform_C:ExecuteUbergraph_BP_MovingPlatform'!
[2018.11.22-18.40.47:746][669]LogScript: Warning: Script Msg: Attempted to access index 0 from array 'CallFunc_GetAllActorsOfClass_OutActors' of length 0 in '/Game/Blueprints/LevelStuff/BP_MovingPlatform.BP_MovingPlatform_C:ExecuteUbergraph_BP_MovingPlatform'!
[2018.11.22-18.40.47:797][670]LogScript: Warning: Script Msg: Attempted to access index 0 from array 'CallFunc_GetAllActorsOfClass_OutActors' of length 0 in '/Game/Blueprints/LevelStuff/BP_MovingPlatform.BP_MovingPlatform_C:ExecuteUbergraph_BP_MovingPlatform'!
[2018.11.22-18.40.47:844][671]Set new viewmode: Wireframe
[2018.11.22-18.40.47:846][671]LogScript: Warning: Script Msg: Attempted to access index 0 from array 'CallFunc_GetAllActorsOfClass_OutActors' of length 0 in '/Game/Blueprints/LevelStuff/BP_MovingPlatform.BP_MovingPlatform_C:ExecuteUbergraph_BP_MovingPlatform'!
[2018.11.22-18.40.47:896][672]LogScript: Warning: Script Msg: Attempted to access index 0 from array 'CallFunc_GetAllActorsOfClass_OutActors' of length 0 in '/Game/Blueprints/LevelStuff/BP_MovingPlatform.BP_MovingPlatform_C:ExecuteUbergraph_BP_MovingPlatform'!
[2018.11.22-18.40.47:946][673]LogScript: Warning: Script Msg: Attempted to access index 0 from array 'CallFunc_GetAllActorsOfClass_OutActors' of length 0 in '/Game/Blueprints/LevelStuff/BP_MovingPlatform.BP_MovingPlatform_C:ExecuteUbergraph_BP_MovingPlatform'!
[2018.11.22-18.40.47:998][674]LogScript: Warning: Script Msg: Attempted to access index 0 from array 'CallFunc_GetAllActorsOfClass_OutActors' of length 0 in '/Game/Blueprints/LevelStuff/BP_MovingPlatform.BP_MovingPlatform_C:ExecuteUbergraph_BP_MovingPlatform'!
[2018.11.22-18.40.48:032][675]LogShaderCompilers: Display: Shaders left to compile 108
[2018.11.22-18.40.48:049][675]LogScript: Warning: Script Msg: Attempted to access index 0 from array 'CallFunc_GetAllActorsOfClass_OutActors' of length 0 in '/Game/Blueprints/LevelStuff/BP_MovingPlatform.BP_MovingPlatform_C:ExecuteUbergraph_BP_MovingPlatform'!
[2018.11.22-18.40.48:098][676]LogScript: Warning: Script Msg: Attempted to access index 0 from array 'CallFunc_GetAllActorsOfClass_OutActors' of length 0 in '/Game/Blueprints/LevelStuff/BP_MovingPlatform.BP_MovingPlatform_C:ExecuteUbergraph_BP_MovingPlatform'!
[2018.11.22-18.40.48:147][677]LogScript: Warning: Script Msg: Attempted to access index 0 from array 'CallFunc_GetAllActorsOfClass_OutActors' of length 0 in '/Game/Blueprints/LevelStuff/BP_MovingPlatform.BP_MovingPlatform_C:ExecuteUbergraph_BP_MovingPlatform'!
[2018.11.22-18.40.48:197][678]LogScript: Warning: Script Msg: Attempted to access index 0 from array 'CallFunc_GetAllActorsOfClass_OutActors' of length 0 in '/Game/Blueprints/LevelStuff/BP_MovingPlatform.BP_MovingPlatform_C:ExecuteUbergraph_BP_MovingPlatform'!
[2018.11.22-18.40.48:247][679]LogScript: Warning: Script Msg: Attempted to access index 0 from array 'CallFunc_GetAllActorsOfClass_OutActors' of length 0 in '/Game/Blueprints/LevelStuff/BP_MovingPlatform.BP_MovingPlatform_C:ExecuteUbergraph_BP_MovingPlatform'!
[2018.11.22-18.40.48:298][680]LogScript: Warning: Script Msg: Attempted to access index 0 from array 'CallFunc_GetAllActorsOfClass_OutActors' of length 0 in '/Game/Blueprints/LevelStuff/BP_MovingPlatform.BP_MovingPlatform_C:ExecuteUbergraph_BP_MovingPlatform'!
[2018.11.22-18.40.48:347][681]LogScript: Warning: Script Msg: Attempted to access index 0 from array 'CallFunc_GetAllActorsOfClass_OutActors' of length 0 in '/Game/Blueprints/LevelStuff/BP_MovingPlatform.BP_MovingPlatform_C:ExecuteUbergraph_BP_MovingPlatform'!
[2018.11.22-18.40.48:396][682]LogScript: Warning: Script Msg: Attempted to access index 0 from array 'CallFunc_GetAllActorsOfClass_OutActors' of length 0 in '/Game/Blueprints/LevelStuff/BP_MovingPlatform.BP_MovingPlatform_C:ExecuteUbergraph_BP_MovingPlatform'!
[2018.11.22-18.40.48:447][683]LogScript: Warning: Script Msg: Attempted to access index 0 from array 'CallFunc_GetAllActorsOfClass_OutActors' of length 0 in '/Game/Blueprints/LevelStuff/BP_MovingPlatform.BP_MovingPlatform_C:ExecuteUbergraph_BP_MovingPlatform'!
[2018.11.22-18.40.48:497][684]LogScript: Warning: Script Msg: Attempted to access index 0 from array 'CallFunc_GetAllActorsOfClass_OutActors' of length 0 in '/Game/Blueprints/LevelStuff/BP_MovingPlatform.BP_MovingPlatform_C:ExecuteUbergraph_BP_MovingPlatform'!
[2018.11.22-18.40.48:546][685]LogScript: Warning: Script Msg: Attempted to access index 0 from array 'CallFunc_GetAllActorsOfClass_OutActors' of length 0 in '/Game/Blueprints/LevelStuff/BP_MovingPlatform.BP_MovingPlatform_C:ExecuteUbergraph_BP_MovingPlatform'!
[2018.11.22-18.40.48:597][686]LogScript: Warning: Script Msg: Attempted to access index 0 from array 'CallFunc_GetAllActorsOfClass_OutActors' of length 0 in '/Game/Blueprints/LevelStuff/BP_MovingPlatform.BP_MovingPlatform_C:ExecuteUbergraph_BP_MovingPlatform'!
[2018.11.22-18.40.48:647][687]LogScript: Warning: Script Msg: Attempted to access index 0 from array 'CallFunc_GetAllActorsOfClass_OutActors' of length 0 in '/Game/Blueprints/LevelStuff/BP_MovingPlatform.BP_MovingPlatform_C:ExecuteUbergraph_BP_MovingPlatform'!
[2018.11.22-18.40.48:696][688]LogScript: Warning: Script Msg: Attempted to access index 0 from array 'CallFunc_GetAllActorsOfClass_OutActors' of length 0 in '/Game/Blueprints/LevelStuff/BP_MovingPlatform.BP_MovingPlatform_C:ExecuteUbergraph_BP_MovingPlatform'!
[2018.11.22-18.40.48:746][689]LogScript: Warning: Script Msg: Attempted to access index 0 from array 'CallFunc_GetAllActorsOfClass_OutActors' of length 0 in '/Game/Blueprints/LevelStuff/BP_MovingPlatform.BP_MovingPlatform_C:ExecuteUbergraph_BP_MovingPlatform'!
[2018.11.22-18.40.48:795][690]Set new viewmode: Wireframe
[2018.11.22-18.40.48:797][690]LogScript: Warning: Script Msg: Attempted to access index 0 from array 'CallFunc_GetAllActorsOfClass_OutActors' of length 0 in '/Game/Blueprints/LevelStuff/BP_MovingPlatform.BP_MovingPlatform_C:ExecuteUbergraph_BP_MovingPlatform'!
[2018.11.22-18.40.48:845][691]LogScript: Warning: Script Msg: Attempted to access index 0 from array 'CallFunc_GetAllActorsOfClass_OutActors' of length 0 in '/Game/Blueprints/LevelStuff/BP_MovingPlatform.BP_MovingPlatform_C:ExecuteUbergraph_BP_MovingPlatform'!
[2018.11.22-18.40.48:896][692]LogScript: Warning: Script Msg: Attempted to access index 0 from array 'CallFunc_GetAllActorsOfClass_OutActors' of length 0 in '/Game/Blueprints/LevelStuff/BP_MovingPlatform.BP_MovingPlatform_C:ExecuteUbergraph_BP_MovingPlatform'!
[2018.11.22-18.40.48:947][693]LogScript: Warning: Script Msg: Attempted to access index 0 from array 'CallFunc_GetAllActorsOfClass_OutActors' of length 0 in '/Game/Blueprints/LevelStuff/BP_MovingPlatform.BP_MovingPlatform_C:ExecuteUbergraph_BP_MovingPlatform'!
[2018.11.22-18.40.48:998][694]LogScript: Warning: Script Msg: Attempted to access index 0 from array 'CallFunc_GetAllActorsOfClass_OutActors' of length 0 in '/Game/Blueprints/LevelStuff/BP_MovingPlatform.BP_MovingPlatform_C:ExecuteUbergraph_BP_MovingPlatform'!
[2018.11.22-18.40.49:048][695]LogScript: Warning: Script Msg: Attempted to access index 0 from array 'CallFunc_GetAllActorsOfClass_OutActors' of length 0 in '/Game/Blueprints/LevelStuff/BP_MovingPlatform.BP_MovingPlatform_C:ExecuteUbergraph_BP_MovingPlatform'!
[2018.11.22-18.40.49:065][696]LogShaderCompilers: Display: Shaders left to compile 98
[2018.11.22-18.40.49:083][696]LogShaderCompilers: Display: Shaders left to compile 88
[2018.11.22-18.40.49:097][696]LogScript: Warning: Script Msg: Attempted to access index 0 from array 'CallFunc_GetAllActorsOfClass_OutActors' of length 0 in '/Game/Blueprints/LevelStuff/BP_MovingPlatform.BP_MovingPlatform_C:ExecuteUbergraph_BP_MovingPlatform'!
[2018.11.22-18.40.49:147][697]LogScript: Warning: Script Msg: Attempted to access index 0 from array 'CallFunc_GetAllActorsOfClass_OutActors' of length 0 in '/Game/Blueprints/LevelStuff/BP_MovingPlatform.BP_MovingPlatform_C:ExecuteUbergraph_BP_MovingPlatform'!
[2018.11.22-18.40.49:196][698]LogScript: Warning: Script Msg: Attempted to access index 0 from array 'CallFunc_GetAllActorsOfClass_OutActors' of length 0 in '/Game/Blueprints/LevelStuff/BP_MovingPlatform.BP_MovingPlatform_C:ExecuteUbergraph_BP_MovingPlatform'!
[2018.11.22-18.40.49:246][699]LogScript: Warning: Script Msg: Attempted to access index 0 from array 'CallFunc_GetAllActorsOfClass_OutActors' of length 0 in '/Game/Blueprints/LevelStuff/BP_MovingPlatform.BP_MovingPlatform_C:ExecuteUbergraph_BP_MovingPlatform'!
[2018.11.22-18.40.49:296][700]LogScript: Warning: Script Msg: Attempted to access index 0 from array 'CallFunc_GetAllActorsOfClass_OutActors' of length 0 in '/Game/Blueprints/LevelStuff/BP_MovingPlatform.BP_MovingPlatform_C:ExecuteUbergraph_BP_MovingPlatform'!
[2018.11.22-18.40.49:346][701]LogScript: Warning: Script Msg: Attempted to access index 0 from array 'CallFunc_GetAllActorsOfClass_OutActors' of length 0 in '/Game/Blueprints/LevelStuff/BP_MovingPlatform.BP_MovingPlatform_C:ExecuteUbergraph_BP_MovingPlatform'!
[2018.11.22-18.40.49:396][702]LogScript: Warning: Script Msg: Attempted to access index 0 from array 'CallFunc_GetAllActorsOfClass_OutActors' of length 0 in '/Game/Blueprints/LevelStuff/BP_MovingPlatform.BP_MovingPlatform_C:ExecuteUbergraph_BP_MovingPlatform'!
[2018.11.22-18.40.49:446][703]LogScript: Warning: Script Msg: Attempted to access index 0 from array 'CallFunc_GetAllActorsOfClass_OutActors' of length 0 in '/Game/Blueprints/LevelStuff/BP_MovingPlatform.BP_MovingPlatform_C:ExecuteUbergraph_BP_MovingPlatform'!
[2018.11.22-18.40.49:495][704]LogScript: Warning: Script Msg: Attempted to access index 0 from array 'CallFunc_GetAllActorsOfClass_OutActors' of length 0 in '/Game/Blueprints/LevelStuff/BP_MovingPlatform.BP_MovingPlatform_C:ExecuteUbergraph_BP_MovingPlatform'!
[2018.11.22-18.40.49:517][705]LogShaderCompilers: Display: Shaders left to compile 78
[2018.11.22-18.40.49:545][705]LogScript: Warning: Script Msg: Attempted to access index 0 from array 'CallFunc_GetAllActorsOfClass_OutActors' of length 0 in '/Game/Blueprints/LevelStuff/BP_MovingPlatform.BP_MovingPlatform_C:ExecuteUbergraph_BP_MovingPlatform'!
[2018.11.22-18.40.49:596][706]LogScript: Warning: Script Msg: Attempted to access index 0 from array 'CallFunc_GetAllActorsOfClass_OutActors' of length 0 in '/Game/Blueprints/LevelStuff/BP_MovingPlatform.BP_MovingPlatform_C:ExecuteUbergraph_BP_MovingPlatform'!
[2018.11.22-18.40.49:664][707]LogScript: Warning: Script Msg: Attempted to access index 0 from array 'CallFunc_GetAllActorsOfClass_OutActors' of length 0 in '/Game/Blueprints/LevelStuff/BP_MovingPlatform.BP_MovingPlatform_C:ExecuteUbergraph_BP_MovingPlatform'!
[2018.11.22-18.40.49:696][708]LogScript: Warning: Script Msg: Attempted to access index 0 from array 'CallFunc_GetAllActorsOfClass_OutActors' of length 0 in '/Game/Blueprints/LevelStuff/BP_MovingPlatform.BP_MovingPlatform_C:ExecuteUbergraph_BP_MovingPlatform'!
[2018.11.22-18.40.49:746][709]LogScript: Warning: Script Msg: Attempted to access index 0 from array 'CallFunc_GetAllActorsOfClass_OutActors' of length 0 in '/Game/Blueprints/LevelStuff/BP_MovingPlatform.BP_MovingPlatform_C:ExecuteUbergraph_BP_MovingPlatform'!
[2018.11.22-18.40.49:795][710]LogScript: Warning: Script Msg: Attempted to access index 0 from array 'CallFunc_GetAllActorsOfClass_OutActors' of length 0 in '/Game/Blueprints/LevelStuff/BP_MovingPlatform.BP_MovingPlatform_C:ExecuteUbergraph_BP_MovingPlatform'!
[2018.11.22-18.40.49:845][711]LogScript: Warning: Script Msg: Attempted to access index 0 from array 'CallFunc_GetAllActorsOfClass_OutActors' of length 0 in '/Game/Blueprints/LevelStuff/BP_MovingPlatform.BP_MovingPlatform_C:ExecuteUbergraph_BP_MovingPlatform'!
[2018.11.22-18.40.49:895][712]LogScript: Warning: Script Msg: Attempted to access index 0 from array 'CallFunc_GetAllActorsOfClass_OutActors' of length 0 in '/Game/Blueprints/LevelStuff/BP_MovingPlatform.BP_MovingPlatform_C:ExecuteUbergraph_BP_MovingPlatform'!
[2018.11.22-18.40.49:946][713]LogScript: Warning: Script Msg: Attempted to access index 0 from array 'CallFunc_GetAllActorsOfClass_OutActors' of length 0 in '/Game/Blueprints/LevelStuff/BP_MovingPlatform.BP_MovingPlatform_C:ExecuteUbergraph_BP_MovingPlatform'!
[2018.11.22-18.40.49:994][714]LogScript: Warning: Script Msg: Attempted to access index 0 from array 'CallFunc_GetAllActorsOfClass_OutActors' of length 0 in '/Game/Blueprints/LevelStuff/BP_MovingPlatform.BP_MovingPlatform_C:ExecuteUbergraph_BP_MovingPlatform'!
[2018.11.22-18.40.50:052][715]LogScript: Warning: Script Msg: Attempted to access index 0 from array 'CallFunc_GetAllActorsOfClass_OutActors' of length 0 in '/Game/Blueprints/LevelStuff/BP_MovingPlatform.BP_MovingPlatform_C:ExecuteUbergraph_BP_MovingPlatform'!
[2018.11.22-18.40.50:105][716]LogScript: Warning: Script Msg: Attempted to access index 0 from array 'CallFunc_GetAllActorsOfClass_OutActors' of length 0 in '/Game/Blueprints/LevelStuff/BP_MovingPlatform.BP_MovingPlatform_C:ExecuteUbergraph_BP_MovingPlatform'!
[2018.11.22-18.40.50:154][717]LogScript: Warning: Script Msg: Attempted to access index 0 from array 'CallFunc_GetAllActorsOfClass_OutActors' of length 0 in '/Game/Blueprints/LevelStuff/BP_MovingPlatform.BP_MovingPlatform_C:ExecuteUbergraph_BP_MovingPlatform'!
[2018.11.22-18.40.50:202][718]LogScript: Warning: Script Msg: Attempted to access index 0 from array 'CallFunc_GetAllActorsOfClass_OutActors' of length 0 in '/Game/Blueprints/LevelStuff/BP_MovingPlatform.BP_MovingPlatform_C:ExecuteUbergraph_BP_MovingPlatform'!
[2018.11.22-18.40.50:245][719]LogSlate: FSceneViewport::OnFocusLost() reason 2
[2018.11.22-18.40.50:261][719]LogScript: Warning: Script Msg: Attempted to access index 0 from array 'CallFunc_GetAllActorsOfClass_OutActors' of length 0 in '/Game/Blueprints/LevelStuff/BP_MovingPlatform.BP_MovingPlatform_C:ExecuteUbergraph_BP_MovingPlatform'!
[2018.11.22-18.40.50:272][720]LogScript: Warning: Script Msg: Attempted to access index 0 from array 'CallFunc_GetAllActorsOfClass_OutActors' of length 0 in '/Game/Blueprints/LevelStuff/BP_MovingPlatform.BP_MovingPlatform_C:ExecuteUbergraph_BP_MovingPlatform'!
[2018.11.22-18.40.50:290][721]LogScript: Warning: Script Msg: Attempted to access index 0 from array 'CallFunc_GetAllActorsOfClass_OutActors' of length 0 in '/Game/Blueprints/LevelStuff/BP_MovingPlatform.BP_MovingPlatform_C:ExecuteUbergraph_BP_MovingPlatform'!
[2018.11.22-18.40.50:306][722]LogScript: Warning: Script Msg: Attempted to access index 0 from array 'CallFunc_GetAllActorsOfClass_OutActors' of length 0 in '/Game/Blueprints/LevelStuff/BP_MovingPlatform.BP_MovingPlatform_C:ExecuteUbergraph_BP_MovingPlatform'!
[2018.11.22-18.40.50:344][723]LogScript: Warning: Script Msg: Attempted to access index 0 from array 'CallFunc_GetAllActorsOfClass_OutActors' of length 0 in '/Game/Blueprints/LevelStuff/BP_MovingPlatform.BP_MovingPlatform_C:ExecuteUbergraph_BP_MovingPlatform'!
[2018.11.22-18.40.50:395][724]LogScript: Warning: Script Msg: Attempted to access index 0 from array 'CallFunc_GetAllActorsOfClass_OutActors' of length 0 in '/Game/Blueprints/LevelStuff/BP_MovingPlatform.BP_MovingPlatform_C:ExecuteUbergraph_BP_MovingPlatform'!
[2018.11.22-18.40.50:445][725]LogScript: Warning: Script Msg: Attempted to access index 0 from array 'CallFunc_GetAllActorsOfClass_OutActors' of length 0 in '/Game/Blueprints/LevelStuff/BP_MovingPlatform.BP_MovingPlatform_C:ExecuteUbergraph_BP_MovingPlatform'!
[2018.11.22-18.40.50:494][726]LogScript: Warning: Script Msg: Attempted to access index 0 from array 'CallFunc_GetAllActorsOfClass_OutActors' of length 0 in '/Game/Blueprints/LevelStuff/BP_MovingPlatform.BP_MovingPlatform_C:ExecuteUbergraph_BP_MovingPlatform'!
[2018.11.22-18.40.50:544][727]LogScript: Warning: Script Msg: Attempted to access index 0 from array 'CallFunc_GetAllActorsOfClass_OutActors' of length 0 in '/Game/Blueprints/LevelStuff/BP_MovingPlatform.BP_MovingPlatform_C:ExecuteUbergraph_BP_MovingPlatform'!
[2018.11.22-18.40.50:594][728]LogScript: Warning: Script Msg: Attempted to access index 0 from array 'CallFunc_GetAllActorsOfClass_OutActors' of length 0 in '/Game/Blueprints/LevelStuff/BP_MovingPlatform.BP_MovingPlatform_C:ExecuteUbergraph_BP_MovingPlatform'!
[2018.11.22-18.40.50:644][729]LogScript: Warning: Script Msg: Attempted to access index 0 from array 'CallFunc_GetAllActorsOfClass_OutActors' of length 0 in '/Game/Blueprints/LevelStuff/BP_MovingPlatform.BP_MovingPlatform_C:ExecuteUbergraph_BP_MovingPlatform'!
[2018.11.22-18.40.50:695][730]LogScript: Warning: Script Msg: Attempted to access index 0 from array 'CallFunc_GetAllActorsOfClass_OutActors' of length 0 in '/Game/Blueprints/LevelStuff/BP_MovingPlatform.BP_MovingPlatform_C:ExecuteUbergraph_BP_MovingPlatform'!
[2018.11.22-18.40.50:754][731]LogScript: Warning: Script Msg: Attempted to access index 0 from array 'CallFunc_GetAllActorsOfClass_OutActors' of length 0 in '/Game/Blueprints/LevelStuff/BP_MovingPlatform.BP_MovingPlatform_C:ExecuteUbergraph_BP_MovingPlatform'!
[2018.11.22-18.40.50:799][732]LogSlate: FSceneViewport::OnFocusLost() reason 2
[2018.11.22-18.40.50:804][732]LogScript: Warning: Script Msg: Attempted to access index 0 from array 'CallFunc_GetAllActorsOfClass_OutActors' of length 0 in '/Game/Blueprints/LevelStuff/BP_MovingPlatform.BP_MovingPlatform_C:ExecuteUbergraph_BP_MovingPlatform'!
[2018.11.22-18.40.50:836][733]LogScript: Warning: Script Msg: Attempted to access index 0 from array 'CallFunc_GetAllActorsOfClass_OutActors' of length 0 in '/Game/Blueprints/LevelStuff/BP_MovingPlatform.BP_MovingPlatform_C:ExecuteUbergraph_BP_MovingPlatform'!
[2018.11.22-18.40.50:854][734]LogScript: Warning: Script Msg: Attempted to access index 0 from array 'CallFunc_GetAllActorsOfClass_OutActors' of length 0 in '/Game/Blueprints/LevelStuff/BP_MovingPlatform.BP_MovingPlatform_C:ExecuteUbergraph_BP_MovingPlatform'!
[2018.11.22-18.40.50:879][735]LogScript: Warning: Script Msg: Attempted to access index 0 from array 'CallFunc_GetAllActorsOfClass_OutActors' of length 0 in '/Game/Blueprints/LevelStuff/BP_MovingPlatform.BP_MovingPlatform_C:ExecuteUbergraph_BP_MovingPlatform'!
[2018.11.22-18.40.50:911][736]LogScript: Warning: Script Msg: Attempted to access index 0 from array 'CallFunc_GetAllActorsOfClass_OutActors' of length 0 in '/Game/Blueprints/LevelStuff/BP_MovingPlatform.BP_MovingPlatform_C:ExecuteUbergraph_BP_MovingPlatform'!
[2018.11.22-18.40.50:962][737]LogScript: Warning: Script Msg: Attempted to access index 0 from array 'CallFunc_GetAllActorsOfClass_OutActors' of length 0 in '/Game/Blueprints/LevelStuff/BP_MovingPlatform.BP_MovingPlatform_C:ExecuteUbergraph_BP_MovingPlatform'!
[2018.11.22-18.40.51:011][738]LogScript: Warning: Script Msg: Attempted to access index 0 from array 'CallFunc_GetAllActorsOfClass_OutActors' of length 0 in '/Game/Blueprints/LevelStuff/BP_MovingPlatform.BP_MovingPlatform_C:ExecuteUbergraph_BP_MovingPlatform'!
[2018.11.22-18.40.51:061][739]LogScript: Warning: Script Msg: Attempted to access index 0 from array 'CallFunc_GetAllActorsOfClass_OutActors' of length 0 in '/Game/Blueprints/LevelStuff/BP_MovingPlatform.BP_MovingPlatform_C:ExecuteUbergraph_BP_MovingPlatform'!
[2018.11.22-18.40.51:111][740]LogScript: Warning: Script Msg: Attempted to access index 0 from array 'CallFunc_GetAllActorsOfClass_OutActors' of length 0 in '/Game/Blueprints/LevelStuff/BP_MovingPlatform.BP_MovingPlatform_C:ExecuteUbergraph_BP_MovingPlatform'!
[2018.11.22-18.40.51:161][741]LogScript: Warning: Script Msg: Attempted to access index 0 from array 'CallFunc_GetAllActorsOfClass_OutActors' of length 0 in '/Game/Blueprints/LevelStuff/BP_MovingPlatform.BP_MovingPlatform_C:ExecuteUbergraph_BP_MovingPlatform'!
[2018.11.22-18.40.51:211][742]LogScript: Warning: Script Msg: Attempted to access index 0 from array 'CallFunc_GetAllActorsOfClass_OutActors' of length 0 in '/Game/Blueprints/LevelStuff/BP_MovingPlatform.BP_MovingPlatform_C:ExecuteUbergraph_BP_MovingPlatform'!
[2018.11.22-18.40.51:268][743]LogScript: Warning: Script Msg: Attempted to access index 0 from array 'CallFunc_GetAllActorsOfClass_OutActors' of length 0 in '/Game/Blueprints/LevelStuff/BP_MovingPlatform.BP_MovingPlatform_C:ExecuteUbergraph_BP_MovingPlatform'!
[2018.11.22-18.40.51:320][744]LogScript: Warning: Script Msg: Attempted to access index 0 from array 'CallFunc_GetAllActorsOfClass_OutActors' of length 0 in '/Game/Blueprints/LevelStuff/BP_MovingPlatform.BP_MovingPlatform_C:ExecuteUbergraph_BP_MovingPlatform'!
[2018.11.22-18.40.51:370][745]LogScript: Warning: Script Msg: Attempted to access index 0 from array 'CallFunc_GetAllActorsOfClass_OutActors' of length 0 in '/Game/Blueprints/LevelStuff/BP_MovingPlatform.BP_MovingPlatform_C:ExecuteUbergraph_BP_MovingPlatform'!
[2018.11.22-18.40.51:417][746]LogScript: Warning: Script Msg: Attempted to access index 0 from array 'CallFunc_GetAllActorsOfClass_OutActors' of length 0 in '/Game/Blueprints/LevelStuff/BP_MovingPlatform.BP_MovingPlatform_C:ExecuteUbergraph_BP_MovingPlatform'!
[2018.11.22-18.40.51:465][747]LogScript: Warning: Script Msg: Attempted to access index 0 from array 'CallFunc_GetAllActorsOfClass_OutActors' of length 0 in '/Game/Blueprints/LevelStuff/BP_MovingPlatform.BP_MovingPlatform_C:ExecuteUbergraph_BP_MovingPlatform'!
[2018.11.22-18.40.51:514][748]LogScript: Warning: Script Msg: Attempted to access index 0 from array 'CallFunc_GetAllActorsOfClass_OutActors' of length 0 in '/Game/Blueprints/LevelStuff/BP_MovingPlatform.BP_MovingPlatform_C:ExecuteUbergraph_BP_MovingPlatform'!
[2018.11.22-18.40.51:563][749]LogScript: Warning: Script Msg: Attempted to access index 0 from array 'CallFunc_GetAllActorsOfClass_OutActors' of length 0 in '/Game/Blueprints/LevelStuff/BP_MovingPlatform.BP_MovingPlatform_C:ExecuteUbergraph_BP_MovingPlatform'!
[2018.11.22-18.40.51:612][750]LogScript: Warning: Script Msg: Attempted to access index 0 from array 'CallFunc_GetAllActorsOfClass_OutActors' of length 0 in '/Game/Blueprints/LevelStuff/BP_MovingPlatform.BP_MovingPlatform_C:ExecuteUbergraph_BP_MovingPlatform'!
[2018.11.22-18.40.51:661][751]LogScript: Warning: Script Msg: Attempted to access index 0 from array 'CallFunc_GetAllActorsOfClass_OutActors' of length 0 in '/Game/Blueprints/LevelStuff/BP_MovingPlatform.BP_MovingPlatform_C:ExecuteUbergraph_BP_MovingPlatform'!
[2018.11.22-18.40.51:707][752]LogScript: Warning: Script Msg: Attempted to access index 0 from array 'CallFunc_GetAllActorsOfClass_OutActors' of length 0 in '/Game/Blueprints/LevelStuff/BP_MovingPlatform.BP_MovingPlatform_C:ExecuteUbergraph_BP_MovingPlatform'!
[2018.11.22-18.40.51:756][753]LogScript: Warning: Script Msg: Attempted to access index 0 from array 'CallFunc_GetAllActorsOfClass_OutActors' of length 0 in '/Game/Blueprints/LevelStuff/BP_MovingPlatform.BP_MovingPlatform_C:ExecuteUbergraph_BP_MovingPlatform'!
[2018.11.22-18.40.51:804][754]LogScript: Warning: Script Msg: Attempted to access index 0 from array 'CallFunc_GetAllActorsOfClass_OutActors' of length 0 in '/Game/Blueprints/LevelStuff/BP_MovingPlatform.BP_MovingPlatform_C:ExecuteUbergraph_BP_MovingPlatform'!
[2018.11.22-18.40.51:853][755]LogScript: Warning: Script Msg: Attempted to access index 0 from array 'CallFunc_GetAllActorsOfClass_OutActors' of length 0 in '/Game/Blueprints/LevelStuff/BP_MovingPlatform.BP_MovingPlatform_C:ExecuteUbergraph_BP_MovingPlatform'!
[2018.11.22-18.40.51:902][756]LogScript: Warning: Script Msg: Attempted to access index 0 from array 'CallFunc_GetAllActorsOfClass_OutActors' of length 0 in '/Game/Blueprints/LevelStuff/BP_MovingPlatform.BP_MovingPlatform_C:ExecuteUbergraph_BP_MovingPlatform'!
[2018.11.22-18.40.51:950][757]LogScript: Warning: Script Msg: Attempted to access index 0 from array 'CallFunc_GetAllActorsOfClass_OutActors' of length 0 in '/Game/Blueprints/LevelStuff/BP_MovingPlatform.BP_MovingPlatform_C:ExecuteUbergraph_BP_MovingPlatform'!
[2018.11.22-18.40.51:999][758]LogScript: Warning: Script Msg: Attempted to access index 0 from array 'CallFunc_GetAllActorsOfClass_OutActors' of length 0 in '/Game/Blueprints/LevelStuff/BP_MovingPlatform.BP_MovingPlatform_C:ExecuteUbergraph_BP_MovingPlatform'!
[2018.11.22-18.40.52:047][759]LogScript: Warning: Script Msg: Attempted to access index 0 from array 'CallFunc_GetAllActorsOfClass_OutActors' of length 0 in '/Game/Blueprints/LevelStuff/BP_MovingPlatform.BP_MovingPlatform_C:ExecuteUbergraph_BP_MovingPlatform'!
[2018.11.22-18.40.52:095][760]LogScript: Warning: Script Msg: Attempted to access index 0 from array 'CallFunc_GetAllActorsOfClass_OutActors' of length 0 in '/Game/Blueprints/LevelStuff/BP_MovingPlatform.BP_MovingPlatform_C:ExecuteUbergraph_BP_MovingPlatform'!
[2018.11.22-18.40.52:143][761]LogScript: Warning: Script Msg: Attempted to access index 0 from array 'CallFunc_GetAllActorsOfClass_OutActors' of length 0 in '/Game/Blueprints/LevelStuff/BP_MovingPlatform.BP_MovingPlatform_C:ExecuteUbergraph_BP_MovingPlatform'!
[2018.11.22-18.40.52:193][762]LogScript: Warning: Script Msg: Attempted to access index 0 from array 'CallFunc_GetAllActorsOfClass_OutActors' of length 0 in '/Game/Blueprints/LevelStuff/BP_MovingPlatform.BP_MovingPlatform_C:ExecuteUbergraph_BP_MovingPlatform'!
[2018.11.22-18.40.52:237][763]LogScript: Warning: Script Msg: Attempted to access index 0 from array 'CallFunc_GetAllActorsOfClass_OutActors' of length 0 in '/Game/Blueprints/LevelStuff/BP_MovingPlatform.BP_MovingPlatform_C:ExecuteUbergraph_BP_MovingPlatform'!
[2018.11.22-18.40.52:254][764]LogScript: Warning: Script Msg: Attempted to access index 0 from array 'CallFunc_GetAllActorsOfClass_OutActors' of length 0 in '/Game/Blueprints/LevelStuff/BP_MovingPlatform.BP_MovingPlatform_C:ExecuteUbergraph_BP_MovingPlatform'!
[2018.11.22-18.40.52:270][765]LogScript: Warning: Script Msg: Attempted to access index 0 from array 'CallFunc_GetAllActorsOfClass_OutActors' of length 0 in '/Game/Blueprints/LevelStuff/BP_MovingPlatform.BP_MovingPlatform_C:ExecuteUbergraph_BP_MovingPlatform'!
[2018.11.22-18.40.52:287][766]LogScript: Warning: Script Msg: Attempted to access index 0 from array 'CallFunc_GetAllActorsOfClass_OutActors' of length 0 in '/Game/Blueprints/LevelStuff/BP_MovingPlatform.BP_MovingPlatform_C:ExecuteUbergraph_BP_MovingPlatform'!
[2018.11.22-18.40.52:328][767]LogScript: Warning: Script Msg: Attempted to access index 0 from array 'CallFunc_GetAllActorsOfClass_OutActors' of length 0 in '/Game/Blueprints/LevelStuff/BP_MovingPlatform.BP_MovingPlatform_C:ExecuteUbergraph_BP_MovingPlatform'!
[2018.11.22-18.40.52:379][768]LogScript: Warning: Script Msg: Attempted to access index 0 from array 'CallFunc_GetAllActorsOfClass_OutActors' of length 0 in '/Game/Blueprints/LevelStuff/BP_MovingPlatform.BP_MovingPlatform_C:ExecuteUbergraph_BP_MovingPlatform'!
[2018.11.22-18.40.52:427][769]LogScript: Warning: Script Msg: Attempted to access index 0 from array 'CallFunc_GetAllActorsOfClass_OutActors' of length 0 in '/Game/Blueprints/LevelStuff/BP_MovingPlatform.BP_MovingPlatform_C:ExecuteUbergraph_BP_MovingPlatform'!
[2018.11.22-18.40.52:477][770]LogScript: Warning: Script Msg: Attempted to access index 0 from array 'CallFunc_GetAllActorsOfClass_OutActors' of length 0 in '/Game/Blueprints/LevelStuff/BP_MovingPlatform.BP_MovingPlatform_C:ExecuteUbergraph_BP_MovingPlatform'!
[2018.11.22-18.40.52:526][771]LogSlate: FSceneViewport::OnFocusLost() reason 0
[2018.11.22-18.40.52:527][771]LogScript: Warning: Script Msg: Attempted to access index 0 from array 'CallFunc_GetAllActorsOfClass_OutActors' of length 0 in '/Game/Blueprints/LevelStuff/BP_MovingPlatform.BP_MovingPlatform_C:ExecuteUbergraph_BP_MovingPlatform'!
[2018.11.22-18.40.52:578][772]LogScript: Warning: Script Msg: Attempted to access index 0 from array 'CallFunc_GetAllActorsOfClass_OutActors' of length 0 in '/Game/Blueprints/LevelStuff/BP_MovingPlatform.BP_MovingPlatform_C:ExecuteUbergraph_BP_MovingPlatform'!
[2018.11.22-18.40.52:628][773]LogNet: Browse: /Game/Maps/M_Menu
[2018.11.22-18.40.52:677][773]LogLoad: LoadMap: /Game/Maps/M_Menu
[2018.11.22-18.40.52:813][773]LogShaderCompilers: Display: Shaders left to compile 68
[2018.11.22-18.40.52:994][773]LogShaderCompilers: Display: Shaders left to compile 58
[2018.11.22-18.40.53:125][773]LogShaderCompilers: Display: Shaders left to compile 48
[2018.11.22-18.40.53:628][773]LogShaderCompilers: Display: Shaders left to compile 38
[2018.11.22-18.40.53:628][773]LogTexture: Display: Building textures: soundonstore (BGRA8, 56X58)
[2018.11.22-18.40.53:628][773]LogTexture: Display: Building textures: soundoffstore (BGRA8, 56X58)
[2018.11.22-18.40.53:628][773]LogTexture: Display: Building textures: money (BGRA8, 138X68)
[2018.11.22-18.40.53:628][773]LogTexture: Display: Building textures: boughtbutton (BGRA8, 65X70)
[2018.11.22-18.40.53:628][773]LogTexture: Display: Building textures: unboughtstore (BGRA8, 65X70)
[2018.11.22-18.40.53:628][773]LogTexture: Display: Building textures: button (BGRA8, 192X198)
[2018.11.22-18.40.53:628][773]LogTexture: Display: Building textures: star1 (BGRA8, 57X54)
[2018.11.22-18.40.53:628][773]LogTexture: Display: Building textures: star2g (AutoDXT, 56X52)
[2018.11.22-18.40.55:518][773]LogTexture: Display: Building textures: star2 (BGRA8, 55X52)
[2018.11.22-18.40.55:518][773]LogTexture: Display: Building textures: star3 (AutoDXT, 60X56)
[2018.11.22-18.40.55:518][773]LogTexture: Display: Building textures: radioOFF (BGRA8, 28X29)
[2018.11.22-18.40.55:518][773]LogTexture: Display: Building textures: menubg (BGRA8, 480X422)
[2018.11.22-18.40.55:518][773]LogTexture: Display: Building textures: storebgstore (BGRA8, 409X459)
[2018.11.22-18.40.55:518][773]LogTexture: Display: Building textures: store (BGRA8, 194X198)
[2018.11.22-18.40.55:518][773]LogTexture: Display: Building textures: store2 (BGRA8, 67X66)
[2018.11.22-18.40.55:518][773]LogTexture: Display: Building textures: star3g (BGRA8, 60X57)
[2018.11.22-18.40.55:518][773]LogTexture: Display: Building textures: buttonLeft (BGRA8, 138X136)
[2018.11.22-18.40.55:518][773]LogTexture: Display: Building textures: selectedstore (BGRA8, 65X70)
[2018.11.22-18.40.55:518][773]LogTexture: Display: Building textures: buttonRight (BGRA8, 138X136)
[2018.11.22-18.40.55:518][773]LogTexture: Display: Building textures: radioON (BGRA8, 28X29)
[2018.11.22-18.40.55:518][773]LogTexture: Display: Building textures: bgBigger (AutoDXT, 3900X7200)
[2018.11.22-18.40.55:518][773]LogAudioDerivedData: Display: Building compressed audio format OGG hash OGG wave bensound-funnysong...
[2018.11.22-18.40.55:576][773]LogTemp: Couldn't find amount to resample to.
[2018.11.22-18.41.00:020][773]LogShaderCompilers: Display: Shaders left to compile 28
[2018.11.22-18.41.00:020][773]LogShaderCompilers: Display: Shaders left to compile 18
[2018.11.22-18.41.00:020][773]LogShaderCompilers: Display: Shaders left to compile 8
[2018.11.22-18.41.00:020][773]LogAudioDerivedData: Display: Updated SoundWave->RawPCMDataSize from 0 to 33011712 while cooking SoundWave /Game/Movies/bensound-funnysong.bensound-funnysong.
[2018.11.22-18.41.00:069][773]LogAIModule: Creating AISystem for world M_Menu
[2018.11.22-18.41.00:069][773]LogLoad: Game class is 'MenuGamemode_C'
[2018.11.22-18.41.00:090][773]LogWorld: Bringing World /Game/Maps/UEDPIE_0_M_Menu.M_Menu up for play (max tick rate 60) at 2018.11.22-20.41.00
[2018.11.22-18.41.00:091][773]LogWorld: Bringing up level for play took: 0.001987
[2018.11.22-18.41.00:479][773]LogLoad: Took 7.801601 seconds to LoadMap(/Game/Maps/M_Menu)
[2018.11.22-18.41.00:560][773]LogSlate: Took 0.065759 seconds to synchronously load lazily loaded font '../../../Engine/Content/Slate/Fonts/DroidSansFallback.ttf' (3848K)
[2018.11.22-18.41.00:730][778]LogD3D11RHI: Error: Failed to create shader resource view for vertex buffer: ByteWidth=64 NumElements=16 Format=R8G8B8A8_SNORM
[2018.11.22-18.41.00:730][778]LogD3D11RHI: Error: Direct3DDevice->CreateShaderResourceView failed 
 at D:\Build\++UE4\Sync\Engine\Source\Runtime\Windows\D3D11RHI\Private\D3D11UAV.cpp:221 
 with error DXGI_ERROR_DEVICE_REMOVED DXGI_ERROR_DEVICE_HUNG
[2018.11.22-18.41.00:730][778]LogRHI: Error: [Aftermath] Status: PageFault
[2018.11.22-18.41.00:730][778]LogRHI: Error: [Aftermath] GPU Stack Dump
[2018.11.22-18.41.00:730][778]LogRHI: Error: [Aftermath] 0: FRAME
[2018.11.22-18.41.00:730][778]LogRHI: Error: [Aftermath] 1: Scene
[2018.11.22-18.41.00:730][778]LogRHI: Error: [Aftermath] 2: HZB SetupMip 0 512x1024
[2018.11.22-18.41.00:730][778]LogRHI: Error: [Aftermath] GPU Stack Dump
[2018.11.22-18.41.00:730][778]LogD3D11RHI: [Aftermath] GDynamicRHI=000002BFC42F0180, GDX11NVAfterMathEnabled=1, Result=0x00000001, bDeviceActive=0
[2018.11.22-18.41.00:730][778]LogWindows: Windows GetLastError: Операция успешно завершена. (0)
[2018.11.22-18.41.02:533][778]LogWindows: Windows GetLastError: Операция успешно завершена. (0)
[2018.11.22-18.41.02:533][778]LogWindows: Error: === Critical error: ===
[2018.11.22-18.41.02:533][778]LogWindows: Error: 
[2018.11.22-18.41.02:533][778]LogWindows: Error: Fatal error: [File:D:\Build\++UE4\Sync\Engine\Source\Runtime\RenderCore\Private\RenderingThread.cpp] [Line: 826] 
[2018.11.22-18.41.02:533][778]LogWindows: Error: Rendering thread exception:
[2018.11.22-18.41.02:533][778]LogWindows: Error: Fatal error: [File:D:\Build\++UE4\Sync\Engine\Source\Runtime\Windows\D3D11RHI\Private\D3D11Util.cpp] [Line: 200] 
[2018.11.22-18.41.02:533][778]LogWindows: Error: Unreal Engine is exiting due to D3D device being lost. (Error: 0x887A0006 - 'HUNG')
[2018.11.22-18.41.02:533][778]LogWindows: Error: 
[2018.11.22-18.41.02:533][778]LogWindows: Error: 
[2018.11.22-18.41.02:533][778]LogWindows: Error: [Callstack] 0x00007ffbfb05a388 KERNELBASE.dll!UnknownFunction []
[2018.11.22-18.41.02:533][778]LogWindows: Error: [Callstack] 0x00007ffbd4806850 UE4Editor-ApplicationCore.dll!UnknownFunction []
[2018.11.22-18.41.02:533][778]LogWindows: Error: [Callstack] 0x00007ffbb5bb62fc UE4Editor-Core.dll!UnknownFunction []
[2018.11.22-18.41.02:533][778]LogWindows: Error: [Callstack] 0x00007ffbb5b451db UE4Editor-Core.dll!UnknownFunction []
[2018.11.22-18.41.02:533][778]LogWindows: Error: [Callstack] 0x00007ffba284adea UE4Editor-D3D11RHI.dll!UnknownFunction []
[2018.11.22-18.41.02:533][778]LogWindows: Error: [Callstack] 0x00007ffba284e6e4 UE4Editor-D3D11RHI.dll!UnknownFunction []
[2018.11.22-18.41.02:533][778]LogWindows: Error: [Callstack] 0x00007ffba2834c61 UE4Editor-D3D11RHI.dll!UnknownFunction []
[2018.11.22-18.41.02:533][778]LogWindows: Error: [Callstack] 0x00007ffbcd2c0b99 UE4Editor-RHI.dll!UnknownFunction []
[2018.11.22-18.41.02:534][778]LogWindows: Error: [Callstack] 0x00007ffbacaca8f1 UE4Editor-Engine.dll!UnknownFunction []
[2018.11.22-18.41.02:534][778]LogWindows: Error: [Callstack] 0x00007ffbd7ea2e1d UE4Editor-RenderCore.dll!UnknownFunction []
[2018.11.22-18.41.02:534][778]LogWindows: Error: [Callstack] 0x00007ffbacacb44f UE4Editor-Engine.dll!UnknownFunction []
[2018.11.22-18.41.02:534][778]LogWindows: Error: [Callstack] 0x00007ffbacac246a UE4Editor-Engine.dll!UnknownFunction []
[2018.11.22-18.41.02:534][778]LogWindows: Error: [Callstack] 0x00007ffb9bededac UE4Editor-Paper2D.dll!UnknownFunction []
[2018.11.22-18.41.02:534][778]LogWindows: Error: [Callstack] 0x00007ffb9bee0fb1 UE4Editor-Paper2D.dll!UnknownFunction []
[2018.11.22-18.41.02:534][778]LogWindows: Error: [Callstack] 0x00007ffb9bedfcc9 UE4Editor-Paper2D.dll!UnknownFunction []
[2018.11.22-18.41.02:534][778]LogWindows: Error: [Callstack] 0x00007ffb9bee032c UE4Editor-Paper2D.dll!UnknownFunction []
[2018.11.22-18.41.02:534][778]LogWindows: Error: [Callstack] 0x00007ffba8c2d41d UE4Editor-Renderer.dll!UnknownFunction []
[2018.11.22-18.41.02:534][778]LogWindows: Error: [Callstack] 0x00007ffba8c147c4 UE4Editor-Renderer.dll!UnknownFunction []
[2018.11.22-18.41.02:534][778]LogWindows: Error: [Callstack] 0x00007ffba8c3c690 UE4Editor-Renderer.dll!UnknownFunction []
[2018.11.22-18.41.02:534][778]LogWindows: Error: [Callstack] 0x00007ffba866671a UE4Editor-Renderer.dll!UnknownFunction []
[2018.11.22-18.41.02:534][778]LogWindows: Error: [Callstack] 0x00007ffba8b96982 UE4Editor-Renderer.dll!UnknownFunction []
[2018.11.22-18.41.02:534][778]LogWindows: Error: [Callstack] 0x00007ffba8b68fb2 UE4Editor-Renderer.dll!UnknownFunction []
[2018.11.22-18.41.02:534][778]LogWindows: Error: [Callstack] 0x00007ffbb59d1f92 UE4Editor-Core.dll!UnknownFunction []
[2018.11.22-18.41.02:534][778]LogWindows: Error: [Callstack] 0x00007ffbb59d2456 UE4Editor-Core.dll!UnknownFunction []
[2018.11.22-18.41.02:534][778]LogWindows: Error: [Callstack] 0x00007ffbd7ec75f9 UE4Editor-RenderCore.dll!UnknownFunction []
[2018.11.22-18.41.02:534][778]LogWindows: Error: [Callstack] 0x00007ffbd7ec8574 UE4Editor-RenderCore.dll!UnknownFunction []
[2018.11.22-18.41.02:535][778]LogWindows: Error: [Callstack] 0x00007ffbb5e16b7c UE4Editor-Core.dll!UnknownFunction []
[2018.11.22-18.41.02:535][778]LogWindows: Error: [Callstack] 0x00007ffbb5e117c7 UE4Editor-Core.dll!UnknownFunction []
[2018.11.22-18.41.02:535][778]LogWindows: Error: [Callstack] 0x00007ffbfe243034 KERNEL32.DLL!UnknownFunction []
[2018.11.22-18.41.02:535][778]LogWindows: Error: [Callstack] 0x00007ffbfecc1471 ntdll.dll!UnknownFunction []
[2018.11.22-18.41.02:535][778]LogWindows: Error: 
[2018.11.22-18.41.02:535][778]LogWindows: Error: 
[2018.11.22-18.41.02:535][778]LogWindows: Error: 
[2018.11.22-18.41.02:535][778]LogWindows: Error: 
[2018.11.22-18.41.02:550][778]LogExit: Executing StaticShutdownAfterError
[2018.11.22-18.41.02:554][778]LogWindows: FPlatformMisc::RequestExit(1)
[2018.11.22-18.41.02:561][778]Log file closed, 11/22/18 20:41:02
