Log file open, 11/17/18 11:45:19
LogWindows: Failed to load 'aqProf.dll' (GetLastError=126)
LogWindows: File 'aqProf.dll' does not exist
LogWindows: Failed to load 'VtuneApi.dll' (GetLastError=126)
LogWindows: File 'VtuneApi.dll' does not exist
LogWindows: Failed to load 'VtuneApi32e.dll' (GetLastError=126)
LogWindows: File 'VtuneApi32e.dll' does not exist
LogInit: Display: Running engine for game: MyProject
LogPlatformFile: Not using cached read wrapper
LogInit: Display: RandInit(-1471754759) SRandInit(-1471754759).
LogInit: Read version file with build ID '3944462'
LogInit: Overriding engine version to CL 4033788, compatible CL 3944462
LogInit: Registered custom module enumerator with build ID '3944462'
LogTaskGraph: Started task graph with 5 named threads and 8 total threads with 3 sets of task threads.
LogStats: Stats thread started at 0.424150
LogD3D11RHI: Aftermath initialized
LogICUInternationalization: Display: ICU TimeZone Detection - Raw Offset: +2:00, Platform Override: ''
LogModuleManager: Display: Found up-to-date module file ../../../Engine/Plugins/2D/Paper2D/Binaries/Win64/UE4Editor-Paper2D.dll (API version 3944462).
LogModuleManager: Display: Found up-to-date module file ../../../Engine/Plugins/2D/Paper2D/Binaries/Win64/UE4Editor-Paper2DEditor.dll (API version 3944462).
LogModuleManager: Display: Found up-to-date module file ../../../Engine/Plugins/2D/Paper2D/Binaries/Win64/UE4Editor-PaperSpriteSheetImporter.dll (API version 3944462).
LogModuleManager: Display: Found up-to-date module file ../../../Engine/Plugins/2D/Paper2D/Binaries/Win64/UE4Editor-PaperTiledImporter.dll (API version 3944462).
LogModuleManager: Display: Found up-to-date module file ../../../Engine/Plugins/2D/Paper2D/Binaries/Win64/UE4Editor-SmartSnapping.dll (API version 3944462).
LogModuleManager: Display: Found up-to-date module file ../../../Engine/Plugins/Blendables/LightPropagationVolume/Binaries/Win64/UE4Editor-LightPropagationVolumeRuntime.dll (API version 3944462).
LogModuleManager: Display: Found up-to-date module file ../../../Engine/Plugins/Blendables/LightPropagationVolume/Binaries/Win64/UE4Editor-LightPropagationVolumeEditor.dll (API version 3944462).
LogModuleManager: Display: Found up-to-date module file ../../../Engine/Plugins/Developer/CLionSourceCodeAccess/Binaries/Win64/UE4Editor-CLionSourceCodeAccess.dll (API version 3944462).
LogModuleManager: Display: Found up-to-date module file ../../../Engine/Plugins/Developer/GitSourceControl/Binaries/Win64/UE4Editor-GitSourceControl.dll (API version 3944462).
LogModuleManager: Display: Found up-to-date module file ../../../Engine/Plugins/Developer/PerforceSourceControl/Binaries/Win64/UE4Editor-PerforceSourceControl.dll (API version 3944462).
LogModuleManager: Display: Found up-to-date module file ../../../Engine/Plugins/Developer/SubversionSourceControl/Binaries/Win64/UE4Editor-SubversionSourceControl.dll (API version 3944462).
LogModuleManager: Display: Found up-to-date module file ../../../Engine/Plugins/Developer/UObjectPlugin/Binaries/Win64/UE4Editor-UObjectPlugin.dll (API version 3944462).
LogModuleManager: Display: Found up-to-date module file ../../../Engine/Plugins/Developer/VisualStudioCodeSourceCodeAccess/Binaries/Win64/UE4Editor-VisualStudioCodeSourceCodeAccess.dll (API version 3944462).
LogModuleManager: Display: Found up-to-date module file ../../../Engine/Plugins/Developer/VisualStudioSourceCodeAccess/Binaries/Win64/UE4Editor-VisualStudioSourceCodeAccess.dll (API version 3944462).
LogModuleManager: Display: Found up-to-date module file ../../../Engine/Plugins/Editor/AssetManagerEditor/Binaries/Win64/UE4Editor-AssetManagerEditor.dll (API version 3944462).
LogModuleManager: Display: Found up-to-date module file ../../../Engine/Plugins/Editor/CryptoKeys/Binaries/Win64/UE4Editor-CryptoKeys.dll (API version 3944462).
LogModuleManager: Display: Found up-to-date module file ../../../Engine/Plugins/Editor/CryptoKeys/Binaries/Win64/UE4Editor-CryptoKeysOpenSSL.dll (API version 3944462).
LogModuleManager: Display: Found up-to-date module file ../../../Engine/Plugins/Editor/DataValidation/Binaries/Win64/UE4Editor-DataValidation.dll (API version 3944462).
LogModuleManager: Display: Found up-to-date module file ../../../Engine/Plugins/Editor/FacialAnimation/Binaries/Win64/UE4Editor-FacialAnimation.dll (API version 3944462).
LogModuleManager: Display: Found up-to-date module file ../../../Engine/Plugins/Editor/FacialAnimation/Binaries/Win64/UE4Editor-FacialAnimationEditor.dll (API version 3944462).
LogModuleManager: Display: Found up-to-date module file ../../../Engine/Plugins/Editor/GameplayTagsEditor/Binaries/Win64/UE4Editor-GameplayTagsEditor.dll (API version 3944462).
LogModuleManager: Display: Found up-to-date module file ../../../Engine/Plugins/Editor/MobileLauncherProfileWizard/Binaries/Win64/UE4Editor-MobileLauncherProfileWizard.dll (API version 3944462).
LogModuleManager: Display: Found up-to-date module file ../../../Engine/Plugins/Editor/PluginBrowser/Binaries/Win64/UE4Editor-PluginBrowser.dll (API version 3944462).
LogModuleManager: Display: Found up-to-date module file ../../../Engine/Plugins/Editor/SpeedTreeImporter/Binaries/Win64/UE4Editor-SpeedTreeImporter.dll (API version 3944462).
LogModuleManager: Display: Found up-to-date module file ../../../Engine/Plugins/Enterprise/DatasmithContent/Binaries/Win64/UE4Editor-DatasmithContent.dll (API version 3944462).
LogModuleManager: Display: Found up-to-date module file ../../../Engine/Plugins/Experimental/AlembicImporter/Binaries/Win64/UE4Editor-AlembicImporter.dll (API version 3944462).
LogModuleManager: Display: Found up-to-date module file ../../../Engine/Plugins/Experimental/AlembicImporter/Binaries/Win64/UE4Editor-AlembicLibrary.dll (API version 3944462).
LogModuleManager: Display: Found up-to-date module file ../../../Engine/Plugins/Experimental/CharacterAI/Binaries/Win64/UE4Editor-CharacterAI.dll (API version 3944462).
LogModuleManager: Display: Found up-to-date module file ../../../Engine/Plugins/Experimental/HTML5Networking/Binaries/Win64/UE4Editor-HTML5Networking.dll (API version 3944462).
LogModuleManager: Display: Found up-to-date module file ../../../Engine/Plugins/Media/AndroidMedia/Binaries/Win64/UE4Editor-AndroidMediaEditor.dll (API version 3944462).
LogModuleManager: Display: Found up-to-date module file ../../../Engine/Plugins/Media/AndroidMedia/Binaries/Win64/UE4Editor-AndroidMediaFactory.dll (API version 3944462).
LogModuleManager: Display: Found up-to-date module file ../../../Engine/Plugins/Media/AvfMedia/Binaries/Win64/UE4Editor-AvfMediaEditor.dll (API version 3944462).
LogModuleManager: Display: Found up-to-date module file ../../../Engine/Plugins/Media/AvfMedia/Binaries/Win64/UE4Editor-AvfMediaFactory.dll (API version 3944462).
LogModuleManager: Display: Found up-to-date module file ../../../Engine/Plugins/Media/AvfMedia/Binaries/Win64/UE4Editor-AvfMediaFactory.dll (API version 3944462).
LogModuleManager: Display: Found up-to-date module file ../../../Engine/Plugins/Media/ImgMedia/Binaries/Win64/UE4Editor-ImgMedia.dll (API version 3944462).
LogModuleManager: Display: Found up-to-date module file ../../../Engine/Plugins/Media/ImgMedia/Binaries/Win64/UE4Editor-ImgMediaEditor.dll (API version 3944462).
LogModuleManager: Display: Found up-to-date module file ../../../Engine/Plugins/Media/ImgMedia/Binaries/Win64/UE4Editor-ImgMediaFactory.dll (API version 3944462).
LogModuleManager: Display: Found up-to-date module file ../../../Engine/Plugins/Media/ImgMedia/Binaries/Win64/UE4Editor-ImgMediaFactory.dll (API version 3944462).
LogModuleManager: Display: Found up-to-date module file ../../../Engine/Plugins/Media/ImgMedia/Binaries/Win64/UE4Editor-OpenExrWrapper.dll (API version 3944462).
LogModuleManager: Display: Found up-to-date module file ../../../Engine/Plugins/Media/LinearTimecode/Binaries/Win64/UE4Editor-LinearTimecode.dll (API version 3944462).
LogModuleManager: Display: Found up-to-date module file ../../../Engine/Plugins/Media/MediaCompositing/Binaries/Win64/UE4Editor-MediaCompositing.dll (API version 3944462).
LogModuleManager: Display: Found up-to-date module file ../../../Engine/Plugins/Media/MediaCompositing/Binaries/Win64/UE4Editor-MediaCompositingEditor.dll (API version 3944462).
LogModuleManager: Display: Found up-to-date module file ../../../Engine/Plugins/Media/MediaPlayerEditor/Binaries/Win64/UE4Editor-MediaPlayerEditor.dll (API version 3944462).
LogModuleManager: Display: Found up-to-date module file ../../../Engine/Plugins/Media/WmfMedia/Binaries/Win64/UE4Editor-WmfMedia.dll (API version 3944462).
LogModuleManager: Display: Found up-to-date module file ../../../Engine/Plugins/Media/WmfMedia/Binaries/Win64/UE4Editor-WmfMediaEditor.dll (API version 3944462).
LogModuleManager: Display: Found up-to-date module file ../../../Engine/Plugins/Media/WmfMedia/Binaries/Win64/UE4Editor-WmfMediaFactory.dll (API version 3944462).
LogModuleManager: Display: Found up-to-date module file ../../../Engine/Plugins/Media/WmfMedia/Binaries/Win64/UE4Editor-WmfMediaFactory.dll (API version 3944462).
LogModuleManager: Display: Found up-to-date module file ../../../Engine/Plugins/Messaging/TcpMessaging/Binaries/Win64/UE4Editor-TcpMessaging.dll (API version 3944462).
LogModuleManager: Display: Found up-to-date module file ../../../Engine/Plugins/Messaging/UdpMessaging/Binaries/Win64/UE4Editor-UdpMessaging.dll (API version 3944462).
LogModuleManager: Display: Found up-to-date module file ../../../Engine/Plugins/MovieScene/ActorSequence/Binaries/Win64/UE4Editor-ActorSequence.dll (API version 3944462).
LogModuleManager: Display: Found up-to-date module file ../../../Engine/Plugins/MovieScene/LevelSequenceEditor/Binaries/Win64/UE4Editor-LevelSequenceEditor.dll (API version 3944462).
LogModuleManager: Display: Found up-to-date module file ../../../Engine/Plugins/MovieScene/MatineeToLevelSequence/Binaries/Win64/UE4Editor-MatineeToLevelSequence.dll (API version 3944462).
LogModuleManager: Display: Found up-to-date module file ../../../Engine/Plugins/NetcodeUnitTest/NetcodeUnitTest/Binaries/Win64/UE4Editor-NetcodeUnitTest.dll (API version 3944462).
LogModuleManager: Display: Found up-to-date module file ../../../Engine/Plugins/NetcodeUnitTest/NUTUnrealEngine4/Binaries/Win64/UE4Editor-NUTUnrealEngine4.dll (API version 3944462).
LogModuleManager: Display: Found up-to-date module file ../../../Engine/Plugins/Online/OnlineSubsystem/Binaries/Win64/UE4Editor-OnlineSubsystem.dll (API version 3944462).
LogModuleManager: Display: Found up-to-date module file ../../../Engine/Plugins/Runtime/AndroidPermission/Binaries/Win64/UE4Editor-AndroidPermission.dll (API version 3944462).
LogModuleManager: Display: Found up-to-date module file ../../../Engine/Plugins/Online/OnlineSubsystemNull/Binaries/Win64/UE4Editor-OnlineSubsystemNull.dll (API version 3944462).
LogModuleManager: Display: Found up-to-date module file ../../../Engine/Plugins/Online/OnlineSubsystemUtils/Binaries/Win64/UE4Editor-OnlineSubsystemUtils.dll (API version 3944462).
LogModuleManager: Display: Found up-to-date module file ../../../Engine/Plugins/Online/OnlineSubsystemUtils/Binaries/Win64/UE4Editor-OnlineBlueprintSupport.dll (API version 3944462).
LogModuleManager: Display: Found up-to-date module file ../../../Engine/Plugins/Runtime/AndroidDeviceProfileSelector/Binaries/Win64/UE4Editor-AndroidDeviceProfileSelector.dll (API version 3944462).
LogModuleManager: Display: Found up-to-date module file ../../../Engine/Plugins/Runtime/AppleARKit/Binaries/Win64/UE4Editor-AppleARKit.dll (API version 3944462).
LogModuleManager: Display: Found up-to-date module file ../../../Engine/Plugins/Runtime/ProceduralMeshComponent/Binaries/Win64/UE4Editor-ProceduralMeshComponent.dll (API version 3944462).
LogModuleManager: Display: Found up-to-date module file ../../../Engine/Plugins/Runtime/ProceduralMeshComponent/Binaries/Win64/UE4Editor-ProceduralMeshComponentEditor.dll (API version 3944462).
LogModuleManager: Display: Found up-to-date module file ../../../Engine/Plugins/Animation/LiveLink/Binaries/Win64/UE4Editor-LiveLink.dll (API version 3944462).
LogModuleManager: Display: Found up-to-date module file ../../../Engine/Plugins/Animation/LiveLink/Binaries/Win64/UE4Editor-LiveLinkEditor.dll (API version 3944462).
LogModuleManager: Display: Found up-to-date module file ../../../Engine/Plugins/Runtime/ArchVisCharacter/Binaries/Win64/UE4Editor-ArchVisCharacter.dll (API version 3944462).
LogModuleManager: Display: Found up-to-date module file ../../../Engine/Plugins/Runtime/AudioCapture/Binaries/Win64/UE4Editor-AudioCapture.dll (API version 3944462).
LogModuleManager: Display: Found up-to-date module file ../../../Engine/Plugins/Runtime/AudioCapture/Binaries/Win64/UE4Editor-AudioCaptureEditor.dll (API version 3944462).
LogModuleManager: Display: Found up-to-date module file ../../../Engine/Plugins/Runtime/CableComponent/Binaries/Win64/UE4Editor-CableComponent.dll (API version 3944462).
LogModuleManager: Display: Found up-to-date module file ../../../Engine/Plugins/Runtime/CustomMeshComponent/Binaries/Win64/UE4Editor-CustomMeshComponent.dll (API version 3944462).
LogModuleManager: Display: Found up-to-date module file ../../../Engine/Plugins/Runtime/ExampleDeviceProfileSelector/Binaries/Win64/UE4Editor-ExampleDeviceProfileSelector.dll (API version 3944462).
LogModuleManager: Display: Found up-to-date module file ../../../Engine/Plugins/Runtime/ImmediatePhysics/Binaries/Win64/UE4Editor-ImmediatePhysics.dll (API version 3944462).
LogModuleManager: Display: Found up-to-date module file ../../../Engine/Plugins/Runtime/ImmediatePhysics/Binaries/Win64/UE4Editor-ImmediatePhysicsEditor.dll (API version 3944462).
LogModuleManager: Display: Found up-to-date module file ../../../Engine/Plugins/Runtime/LocationServicesBPLibrary/Binaries/Win64/UE4Editor-LocationServicesBPLibrary.dll (API version 3944462).
LogModuleManager: Display: Found up-to-date module file ../../../Engine/Plugins/Runtime/MobilePatchingUtils/Binaries/Win64/UE4Editor-MobilePatchingUtils.dll (API version 3944462).
LogModuleManager: Display: Found up-to-date module file ../../../Engine/Plugins/Runtime/Oculus/OculusVR/Binaries/Win64/UE4Editor-OculusHMD.dll (API version 3944462).
LogModuleManager: Display: Found up-to-date module file ../../../Engine/Plugins/Runtime/Oculus/OculusVR/Binaries/Win64/UE4Editor-OculusInput.dll (API version 3944462).
LogModuleManager: Display: Found up-to-date module file ../../../Engine/Plugins/Runtime/Oculus/OculusVR/Binaries/Win64/UE4Editor-OculusEditor.dll (API version 3944462).
LogModuleManager: Display: Found up-to-date module file ../../../Engine/Plugins/Runtime/PhysXVehicles/Binaries/Win64/UE4Editor-PhysXVehicles.dll (API version 3944462).
LogModuleManager: Display: Found up-to-date module file ../../../Engine/Plugins/Runtime/PhysXVehicles/Binaries/Win64/UE4Editor-PhysXVehiclesEditor.dll (API version 3944462).
LogModuleManager: Display: Found up-to-date module file ../../../Engine/Plugins/Runtime/RuntimePhysXCooking/Binaries/Win64/UE4Editor-RuntimePhysXCooking.dll (API version 3944462).
LogModuleManager: Display: Found up-to-date module file ../../../Engine/Plugins/Runtime/Steam/SteamVR/Binaries/Win64/UE4Editor-SteamVR.dll (API version 3944462).
LogModuleManager: Display: Found up-to-date module file ../../../Engine/Plugins/Runtime/Steam/SteamVR/Binaries/Win64/UE4Editor-SteamVRController.dll (API version 3944462).
LogModuleManager: Display: Found up-to-date module file ../../../Engine/Plugins/Runtime/WindowsMoviePlayer/Binaries/Win64/UE4Editor-WindowsMoviePlayer.dll (API version 3944462).
LogPluginManager: Mounting plugin Paper2D
LogPluginManager: Mounting plugin LiveLink
LogPluginManager: Mounting plugin LightPropagationVolume
LogPluginManager: Mounting plugin CLionSourceCodeAccess
LogPluginManager: Mounting plugin CodeLiteSourceCodeAccess
LogPluginManager: Mounting plugin GitSourceControl
LogPluginManager: Mounting plugin KDevelopSourceCodeAccess
LogPluginManager: Mounting plugin NullSourceCodeAccess
LogPluginManager: Mounting plugin PerforceSourceControl
LogPluginManager: Mounting plugin SubversionSourceControl
LogPluginManager: Mounting plugin UObjectPlugin
LogPluginManager: Mounting plugin VisualStudioCodeSourceCodeAccess
LogPluginManager: Mounting plugin VisualStudioSourceCodeAccess
LogPluginManager: Mounting plugin XCodeSourceCodeAccess
LogPluginManager: Mounting plugin AssetManagerEditor
LogPluginManager: Mounting plugin CryptoKeys
LogPluginManager: Mounting plugin DataValidation
LogPluginManager: Mounting plugin FacialAnimation
LogPluginManager: Mounting plugin GameplayTagsEditor
LogPluginManager: Mounting plugin MobileLauncherProfileWizard
LogPluginManager: Mounting plugin PluginBrowser
LogPluginManager: Mounting plugin SpeedTreeImporter
LogPluginManager: Mounting plugin DatasmithContent
LogPluginManager: Mounting plugin AlembicImporter
LogPluginManager: Mounting plugin CharacterAI
LogPluginManager: Mounting plugin HTML5Networking
LogPluginManager: Mounting plugin AndroidMedia
LogPluginManager: Mounting plugin AvfMedia
LogPluginManager: Mounting plugin ImgMedia
LogPluginManager: Mounting plugin LinearTimecode
LogPluginManager: Mounting plugin MediaCompositing
LogPluginManager: Mounting plugin MediaPlayerEditor
LogPluginManager: Mounting plugin WmfMedia
LogPluginManager: Mounting plugin TcpMessaging
LogPluginManager: Mounting plugin UdpMessaging
LogPluginManager: Mounting plugin ActorSequence
LogPluginManager: Mounting plugin LevelSequenceEditor
LogPluginManager: Mounting plugin MatineeToLevelSequence
LogPluginManager: Mounting plugin NetcodeUnitTest
LogPluginManager: Mounting plugin NUTUnrealEngine4
LogPluginManager: Mounting plugin OnlineSubsystemGooglePlay
LogPluginManager: Mounting plugin OnlineSubsystemIOS
LogPluginManager: Mounting plugin OnlineSubsystem
LogPluginManager: Mounting plugin OnlineSubsystemNull
LogPluginManager: Mounting plugin OnlineSubsystemUtils
LogPluginManager: Mounting plugin AndroidDeviceProfileSelector
LogPluginManager: Mounting plugin AndroidMoviePlayer
LogPluginManager: Mounting plugin AndroidPermission
LogPluginManager: Mounting plugin AppleARKit
LogPluginManager: Mounting plugin AppleMoviePlayer
LogPluginManager: Mounting plugin ArchVisCharacter
LogPluginManager: Mounting plugin AudioCapture
LogPluginManager: Mounting plugin CableComponent
LogPluginManager: Mounting plugin CustomMeshComponent
LogPluginManager: Mounting plugin ExampleDeviceProfileSelector
LogPluginManager: Mounting plugin GoogleCloudMessaging
LogPluginManager: Mounting plugin ImmediatePhysics
LogPluginManager: Mounting plugin IOSDeviceProfileSelector
LogPluginManager: Mounting plugin LinuxDeviceProfileSelector
LogPluginManager: Mounting plugin LocationServicesBPLibrary
LogPluginManager: Mounting plugin MobilePatchingUtils
LogPluginManager: Mounting plugin OculusVR
LogPluginManager: Plugin shader directory ../../../Engine/Plugins/Runtime/Oculus/OculusVR/Shaders found
LogPluginManager: Mapping shader source directory ../../../Engine/Plugins/Runtime/Oculus/OculusVR/Shaders to virtual directory /Plugin/OculusVR
LogPluginManager: Mounting plugin PhysXVehicles
LogPluginManager: Mounting plugin ProceduralMeshComponent
LogPluginManager: Mounting plugin RuntimePhysXCooking
LogPluginManager: Mounting plugin SteamVR
LogPluginManager: Mounting plugin WindowsMoviePlayer
LogStreaming: Display: Took 19.557s to configure plugins.
LogInit: Using libcurl 7.47.1
LogInit:  - built for x86_64-pc-win32
LogInit:  - supports SSL with OpenSSL/1.0.2g
LogInit:  - supports HTTP deflate (compression) using libz 1.2.8
LogInit:  - other features:
LogInit:      CURL_VERSION_SSL
LogInit:      CURL_VERSION_LIBZ
LogInit:      CURL_VERSION_IPV6
LogInit:      CURL_VERSION_ASYNCHDNS
LogInit:      CURL_VERSION_LARGEFILE
LogInit:      CURL_VERSION_IDN
LogInit:  CurlRequestOptions (configurable via config and command line):
LogInit:  - bVerifyPeer = false  - Libcurl will NOT verify peer certificate
LogInit:  - bUseHttpProxy = false  - Libcurl will NOT use HTTP proxy
LogInit:  - bDontReuseConnections = false  - Libcurl will reuse connections
LogInit:  - CertBundlePath = nullptr  - Libcurl will use whatever was configured at build time.
LogInit:  - MaxHostConnections = 16  - Libcurl will limit the number of connections to a host
LogInit:  - LocalHostAddr = Default
LogInit: WinSock: version 1.1 (2.2), MaxSocks=32767, MaxUdp=65467
LogInit: WinSock: I am HomePC (192.168.2.27:0)
LogInit: Build: ++UE4+Release-4.19-CL-4033788
LogInit: Engine Version: 4.19.2-4033788+++UE4+Release-4.19
LogInit: Compatible Engine Version: 4.19.0-3944462+++UE4+Release-4.19
LogInit: Net CL: 3944462
LogDevObjectVersion: Number of dev versions registered: 18
LogDevObjectVersion:   Dev-Blueprints (B0D832E4-1F89-4F0D-ACCF-7EB736FD4AA2): 10
LogDevObjectVersion:   Dev-Build (E1C64328-A22C-4D53-A36C-8E866417BD8C): 0
LogDevObjectVersion:   Dev-Core (375EC13C-06E4-48FB-B500-84F0262A717E): 2
LogDevObjectVersion:   Dev-Editor (E4B068ED-F494-42E9-A231-DA0B2E46BB41): 23
LogDevObjectVersion:   Dev-Framework (CFFC743F-43B0-4480-9391-14DF171D2073): 33
LogDevObjectVersion:   Dev-Mobile (B02B49B5-BB20-44E9-A304-32B752E40360): 2
LogDevObjectVersion:   Dev-Networking (A4E4105C-59A1-49B5-A7C5-40C4547EDFEE): 0
LogDevObjectVersion:   Dev-Online (39C831C9-5AE6-47DC-9A44-9C173E1C8E7C): 0
LogDevObjectVersion:   Dev-Physics (78F01B33-EBEA-4F98-B9B4-84EACCB95AA2): 0
LogDevObjectVersion:   Dev-Platform (6631380F-2D4D-43E0-8009-CF276956A95A): 0
LogDevObjectVersion:   Dev-Rendering (12F88B9F-8875-4AFC-A67C-D90C383ABD29): 25
LogDevObjectVersion:   Dev-Sequencer (7B5AE74C-D270-4C10-A958-57980B212A5A): 6
LogDevObjectVersion:   Dev-VR (D7296918-1DD6-4BDD-9DE2-64A83CC13884): 1
LogDevObjectVersion:   Dev-LoadTimes (C2A15278-BFE7-4AFE-6C17-90FF531DF755): 1
LogDevObjectVersion:   Private-Geometry (6EACA3D4-40EC-4CC1-B786-8BED09428FC5): 2
LogDevObjectVersion:   Dev-AnimPhys (29E575DD-E0A3-4627-9D10-D276232CDCEA): 16
LogDevObjectVersion:   Dev-ReflectionCapture (6B266CEC-1EC7-4B8F-A30B-E4D90942FC07): 1
LogDevObjectVersion:   Dev-Automation (0DF73D61-A23F-47EA-B727-89E90C41499A): 1
LogInit: Compiled (64-bit): Apr 27 2018 02:06:57
LogInit: Compiled with Visual C++: 19.00.24215.01
LogInit: Build Configuration: Development
LogInit: Branch Name: ++UE4+Release-4.19
LogInit: Command Line:  
LogInit: Base Directory: C:/Program Files/Epic Games/UE_4.19/Engine/Binaries/Win64/
LogInit: Installed Engine Build: 1
LogStreaming: Display: Took  0.347s to delete old logs.
LogInit: Presizing for max 8388607 objects, including 0 objects not considered by GC, pre-allocating 0 bytes for permanent pool.
LogInit: Object subsystem initialized
[2018.11.17-09.45.51:143][  0]LogInit: Selected Device Profile: [Windows]
[2018.11.17-09.45.51:143][  0]LogInit: Applying CVar settings loaded from the selected device profile: [Windows]
[2018.11.17-09.45.52:033][  0]LogInit: Computer: HOMEPC
[2018.11.17-09.45.52:034][  0]LogInit: User: LeaveMyYard
[2018.11.17-09.45.52:034][  0]LogInit: CPU Page size=4096, Cores=2
[2018.11.17-09.45.52:034][  0]LogInit: High frequency timer resolution =10.000000 MHz
[2018.11.17-09.45.52:053][  0]LogMemory: Memory total: Physical=3.9GB (4GB approx)
[2018.11.17-09.45.52:053][  0]LogMemory: Platform Memory Stats for Windows
[2018.11.17-09.45.52:053][  0]LogMemory: Process Physical Memory: 274.00 MB used, 274.00 MB peak
[2018.11.17-09.45.52:053][  0]LogMemory: Process Virtual Memory: 263.67 MB used, 263.67 MB peak
[2018.11.17-09.45.52:053][  0]LogMemory: Physical Memory: 3249.91 MB used,  787.95 MB free, 4037.86 MB total
[2018.11.17-09.45.52:053][  0]LogMemory: Virtual Memory: 4772.74 MB used,  787.95 MB free, 134217728.00 MB total
[2018.11.17-09.45.57:803][  0]LogInit: Using OS detected language (ru-RU).
[2018.11.17-09.45.57:803][  0]LogInit: Using OS detected locale (en-US).
[2018.11.17-09.45.58:991][  0]LogTextLocalizationManager: No localization for 'ru-RU' exists, so 'en' will be used for the language.
[2018.11.17-09.46.04:872][  0]LogStreaming: Display: Took  7.147s to EndInitTextLocalization.
[2018.11.17-09.46.05:063][  0]LogInit: Setting process to per monitor DPI aware
[2018.11.17-09.46.13:675][  0]LogSlate: New Slate User Created.  User Index 0, Is Virtual User: 0
[2018.11.17-09.46.13:675][  0]LogSlate: Slate User Registered.  User Index 0, Is Virtual User: 0
[2018.11.17-09.46.31:285][  0]LogD3D11RHI: D3D11 adapters:
[2018.11.17-09.46.35:354][  0]LogD3D11RHI:    0. 'NVIDIA GeForce GTX 1060 6GB' (Feature Level 11_0)
[2018.11.17-09.46.35:354][  0]LogD3D11RHI:       6052/0/2018 MB DedicatedVideo/DedicatedSystem/SharedSystem, Outputs:2, VendorId:0x10de
[2018.11.17-09.46.35:852][  0]LogD3D11RHI:    1. 'Microsoft Basic Render Driver' (Feature Level 11_0)
[2018.11.17-09.46.35:852][  0]LogD3D11RHI:       0/0/2018 MB DedicatedVideo/DedicatedSystem/SharedSystem, Outputs:0, VendorId:0x1414
[2018.11.17-09.46.35:852][  0]LogD3D11RHI: Chosen D3D11 Adapter: 0
[2018.11.17-09.46.36:104][  0]LogD3D11RHI: Creating new Direct3DDevice
[2018.11.17-09.46.36:104][  0]LogD3D11RHI:     GPU DeviceId: 0x1c03 (for the marketing name, search the web for "GPU Device Id")
[2018.11.17-09.46.36:104][  0]LogWindows: EnumDisplayDevices:
[2018.11.17-09.46.36:104][  0]LogWindows:    0. 'NVIDIA GeForce GTX 1060 6GB' (P:1 D:1)
[2018.11.17-09.46.36:105][  0]LogWindows:    1. 'NVIDIA GeForce GTX 1060 6GB' (P:0 D:1)
[2018.11.17-09.46.36:105][  0]LogWindows:    2. 'NVIDIA GeForce GTX 1060 6GB' (P:0 D:0)
[2018.11.17-09.46.36:106][  0]LogWindows:    3. 'NVIDIA GeForce GTX 1060 6GB' (P:0 D:0)
[2018.11.17-09.46.36:106][  0]LogWindows: DebugString: GetVideoDriverDetailsInvalid PrimaryIsNotTheChoosenAdapter GetVideoDriverDetailsInvalid PrimaryIsNotTheChoosenAdapter GetVideoDriverDetailsInvalid PrimaryIsNotTheChoosenAdapter GetVideoDriverDetailsInvalid PrimaryIsNotTheChoosenAdapter FoundDriverCount:0 
[2018.11.17-09.46.36:106][  0]LogD3D11RHI:     Adapter Name: NVIDIA GeForce GTX 1060 6GB
[2018.11.17-09.46.36:106][  0]LogD3D11RHI:   Driver Version: Unknown (internal:Unknown, unified:Unknown)
[2018.11.17-09.46.36:106][  0]LogD3D11RHI:      Driver Date: Unknown
[2018.11.17-09.46.36:106][  0]LogRHI: Texture pool is 4236 MB (70% of 6052 MB)
[2018.11.17-09.46.36:730][  0]LogD3D11RHI: [Aftermath] Aftermath enabled and primed
[2018.11.17-09.46.36:731][  0]LogD3D11RHI: [Aftermath] Aftermath enabled and primed
[2018.11.17-09.46.36:731][  0]LogD3D11RHI: Async texture creation enabled
[2018.11.17-09.46.39:488][  0]LogD3D11RHI: GPU Timing Frequency: 1000.000000 (Debug: 2 13)
[2018.11.17-09.46.40:629][  0]LogShaderCompilers: Guid format shader working directory is -17 characters bigger than the processId version (../../../../../../Users/LeaveMyYard/Desktop/IndiRPG/IndiRPG/MyProject/Intermediate/Shaders/WorkingDirectory/3476/).
[2018.11.17-09.46.40:652][  0]LogShaderCompilers: Cleaned the shader compiler working directory 'C:/Users/LeaveMyYard/AppData/Local/Temp/UnrealShaderWorkingDir/C90881314A1523218CE9E29CDC0DA8E9/'.
[2018.11.17-09.46.54:620][  0]LogTemp: Display: Loaded TP AllDesktopTargetPlatform
[2018.11.17-09.46.54:678][  0]LogTemp: Display: Loaded TP MacClientTargetPlatform
[2018.11.17-09.46.54:752][  0]LogTemp: Display: Loaded TP MacNoEditorTargetPlatform
[2018.11.17-09.46.54:785][  0]LogTemp: Display: Loaded TP MacServerTargetPlatform
[2018.11.17-09.46.54:988][  0]LogTemp: Display: Loaded TP MacTargetPlatform
[2018.11.17-09.46.55:055][  0]LogTemp: Display: Loaded TP WindowsClientTargetPlatform
[2018.11.17-09.46.55:160][  0]LogTemp: Display: Loaded TP WindowsNoEditorTargetPlatform
[2018.11.17-09.46.55:251][  0]LogTemp: Display: Loaded TP WindowsServerTargetPlatform
[2018.11.17-09.46.55:341][  0]LogTemp: Display: Loaded TP WindowsTargetPlatform
[2018.11.17-09.46.55:474][  0]LogTemp: Display: Loaded TP Android_ASTCTargetPlatform
[2018.11.17-09.46.55:642][  0]LogTemp: Display: Loaded TP Android_ATCTargetPlatform
[2018.11.17-09.46.55:781][  0]LogTemp: Display: Loaded TP Android_DXTTargetPlatform
[2018.11.17-09.46.55:892][  0]LogTemp: Display: Loaded TP Android_ETC1aTargetPlatform
[2018.11.17-09.46.56:004][  0]LogTemp: Display: Loaded TP Android_ETC1TargetPlatform
[2018.11.17-09.46.56:094][  0]LogTemp: Display: Loaded TP Android_ETC2TargetPlatform
[2018.11.17-09.46.56:308][  0]LogTemp: Display: Loaded TP Android_MultiTargetPlatform
[2018.11.17-09.46.56:308][  0]LogTemp: Display: Loaded TP Android_PVRTCTargetPlatform
[2018.11.17-09.46.56:532][  0]LogTemp: Display: Loaded TP AndroidTargetPlatform
[2018.11.17-09.46.56:764][  0]LogTemp: Display: Loaded TP HTML5TargetPlatform
[2018.11.17-09.46.56:906][  0]LogTemp: Display: Loaded TP IOSTargetPlatform
[2018.11.17-09.46.56:936][  0]LogTemp: Display: Loaded TP TVOSTargetPlatform
[2018.11.17-09.46.56:999][  0]LogTemp: Display: Loaded TP LinuxClientTargetPlatform
[2018.11.17-09.46.57:109][  0]LogTemp: Display: Loaded TP LinuxNoEditorTargetPlatform
[2018.11.17-09.46.57:179][  0]LogTemp: Display: Loaded TP LinuxServerTargetPlatform
[2018.11.17-09.46.57:229][  0]LogTemp: Display: Loaded TP LinuxTargetPlatform
[2018.11.17-09.46.57:229][  0]LogTargetPlatformManager: Display: Building Assets For Windows
[2018.11.17-09.46.58:896][  0]LogXGEController: Cleaning working directory: C:/Users/LeaveMyYard/AppData/Local/Temp/UnrealXGEWorkingDir/
[2018.11.17-09.46.58:896][  0]LogXGEController: Cannot use XGE Controller as Incredibuild is not installed on this machine.
[2018.11.17-09.46.58:939][  0]LogShaderCompilers: Cannot use XGE Shader Compiler as Incredibuild is not installed on this machine.
[2018.11.17-09.46.58:939][  0]LogShaderCompilers: Display: Using Local Shader Compiler.
[2018.11.17-09.47.19:336][  0]LogDerivedDataCache: Display: Max Cache Size: 512 MB
[2018.11.17-09.47.21:841][  0]LogDerivedDataCache: Loaded boot cache 2.44s 74MB C:/Users/LeaveMyYard/AppData/Local/UnrealEngine/4.19/DerivedDataCache/Boot.ddc.
[2018.11.17-09.47.21:842][  0]LogDerivedDataCache: Display: Loaded Boot cache: C:/Users/LeaveMyYard/AppData/Local/UnrealEngine/4.19/DerivedDataCache/Boot.ddc
[2018.11.17-09.47.21:842][  0]LogDerivedDataCache: FDerivedDataBackendGraph:  Pak pak cache file ../../../../../../Users/LeaveMyYard/Desktop/IndiRPG/IndiRPG/MyProject/DerivedDataCache/DDC.ddp not found, will not use a pak cache.
[2018.11.17-09.47.21:842][  0]LogDerivedDataCache: Unable to find inner node Pak for hierarchical cache Hierarchy.
[2018.11.17-09.47.21:842][  0]LogDerivedDataCache: FDerivedDataBackendGraph:  CompressedPak pak cache file ../../../../../../Users/LeaveMyYard/Desktop/IndiRPG/IndiRPG/MyProject/DerivedDataCache/Compressed.ddp not found, will not use a pak cache.
[2018.11.17-09.47.21:842][  0]LogDerivedDataCache: Unable to find inner node CompressedPak for hierarchical cache Hierarchy.
[2018.11.17-09.47.22:784][  0]LogDerivedDataCache: Display: Pak cache opened for reading ../../../Engine/DerivedDataCache/Compressed.ddp.
[2018.11.17-09.47.22:855][  0]LogDerivedDataCache: Using Local data cache path C:/Users/LeaveMyYard/AppData/Local/UnrealEngine/Common/DerivedDataCache: Writable
[2018.11.17-09.47.22:855][  0]LogDerivedDataCache: Shared data cache path not found in *engine.ini, will not use an Shared cache.
[2018.11.17-09.47.22:855][  0]LogDerivedDataCache: Unable to find inner node Shared for hierarchical cache Hierarchy.
[2018.11.17-09.47.23:599][  0]LogMaterial: Verifying Global Shaders for PCD3D_SM5
[2018.11.17-09.47.23:876][  0]LogSlate: Using Freetype 2.6.0
[2018.11.17-09.47.24:597][  0]LogSlate: SlateFontCache - WITH_FREETYPE: 1, WITH_HARFBUZZ: 1
[2018.11.17-09.47.24:597][  0]LogSlate: SlateFontCache - WITH_FREETYPE: 1, WITH_HARFBUZZ: 1
[2018.11.17-09.48.03:146][  0]LogAssetRegistry: FAssetRegistry took 0.1254 seconds to start up
[2018.11.17-09.48.31:046][  0]LogInit: Selected Device Profile: [Windows]
[2018.11.17-09.48.36:590][  0]LogSimplygon: Simplygon DLL not present - disabling.
[2018.11.17-09.48.36:647][  0]LogMeshReduction: Using SimplygonSwarm for distributed automatic mesh merging
[2018.11.17-09.48.36:647][  0]LogMeshReduction: Using QuadricMeshReduction for automatic static mesh reduction
[2018.11.17-09.48.36:647][  0]LogMeshReduction: No automatic skeletal mesh reduction module available
[2018.11.17-09.48.36:647][  0]LogMeshReduction: No automatic mesh merging module available
[2018.11.17-09.48.36:647][  0]LogMeshMerging: No automatic mesh merging module available
[2018.11.17-09.48.38:413][  0]LogNetVersion: MyProject , NetCL: 3944462, EngineNetVer: 2, GameNetVer: 0 (Checksum: 2475486345)
[2018.11.17-09.48.46:615][  0]LogConfig: Warning: Failed to saved backup for config[GameplayTags]
[2018.11.17-09.48.56:003][  0]LogAssetRegistry: Error: Failed to open file for write ../../../../../../Users/LeaveMyYard/Desktop/IndiRPG/IndiRPG/MyProject/Intermediate/AssetRegistryCache/2657c409.bin
[2018.11.17-09.48.56:151][  0]LogAssetRegistry: Error: Failed to open file for write ../../../../../../Users/LeaveMyYard/Desktop/IndiRPG/IndiRPG/MyProject/Intermediate/AssetRegistryCache/866581fd.bin
[2018.11.17-09.48.56:348][  0]LogPackageLocalizationCache: Processed 9 localized package path(s) for 1 prioritized culture(s) in 0.401371 seconds
[2018.11.17-09.48.56:492][  0]LogUObjectArray: 36728 objects as part of root set at end of initial load.
[2018.11.17-09.48.56:492][  0]LogUObjectAllocator: 7314304 out of 0 bytes used by permanent object pool.
[2018.11.17-09.48.56:492][  0]LogUObjectArray: CloseDisregardForGC: 0/0 objects in disregard for GC pool
[2018.11.17-09.50.50:215][  0]LogTcpMessaging: Initializing TcpMessaging bridge
[2018.11.17-09.50.50:284][  0]LogUdpMessaging: Initializing bridge on interface 0.0.0.0:0 to multicast group 230.0.0.1:6666.
[2018.11.17-09.50.55:736][  0]SourceControl: Source control is disabled
[2018.11.17-09.50.55:737][  0]SourceControl: Source control is disabled
[2018.11.17-09.50.56:199][  0]SourceControl: Source control is disabled
[2018.11.17-09.50.56:504][  0]SourceControl: Source control is disabled
[2018.11.17-09.51.05:481][  0]LogAndroidPermission: UAndroidPermissionCallbackProxy::GetInstance
[2018.11.17-09.51.08:864][  0]LogOcInput: OculusInput pre-init called
[2018.11.17-09.51.12:997][  0]LogEngine: Initializing Engine...
[2018.11.17-09.51.13:240][  0]LogHMD: Failed to initialize OpenVR with code 110
[2018.11.17-09.51.13:355][  0]LogStats: UGameplayTagsManager::ConstructGameplayTagTree: Construct from data asset -  0.000 s
[2018.11.17-09.51.13:357][  0]LogStats: UGameplayTagsManager::ConstructGameplayTagTree: GameplayTagTreeChangedEvent.Broadcast -  0.001 s
[2018.11.17-09.51.27:343][  0]LogAIModule: Creating AISystem for world Untitled
[2018.11.17-09.51.31:424][  0]LogInit: XAudio2 using 'Динамики (Устройство с поддержкой High Definition Audio)' : 2 channels at 48 kHz using 16 bits per sample (channel mask 0x3)
[2018.11.17-09.51.33:408][  0]LogInit: FAudioDevice initialized.
[2018.11.17-09.51.33:661][  0]LogDerivedDataCache: Error: Could not save memory cache C:/Users/LeaveMyYard/AppData/Local/UnrealEngine/4.19/DerivedDataCache/Boot.ddc.
[2018.11.17-09.51.33:709][  0]LogInit: Texture streaming: Enabled
[2018.11.17-09.51.36:733][  0]LogEngineSessionManager: EngineSessionManager initialized
[2018.11.17-09.51.38:106][  0]LogInit: Transaction tracking system initialized
[2018.11.17-09.51.39:615][  0]BlueprintLog: New page: Editor Load
[2018.11.17-09.51.50:478][  0]LocalizationService: Localization service is disabled
[2018.11.17-09.51.52:459][  0]LogUObjectGlobals: Created PersistentFrame Addr=0x0000027885489d00, Size=64, Default__CreatingSigningCertAndProvisionTutorial_C Function /Engine/Tutorial/Mobile/CreatingSigningCertAndProvisionTutorial.CreatingSigningCertAndProvisionTutorial_C:ExecuteUbergraph_CreatingSigningCertAndProvisionTutorial
[2018.11.17-09.51.52:880][  0]LogUObjectGlobals: Destroyed PersistentFrame Addr=0x0000027885489d00, Size=64
[2018.11.17-09.51.52:880][  0]LogUObjectGlobals: Created PersistentFrame Addr=0x0000027885489d40, Size=64, Default__CreatingSigningCertAndProvisionTutorial_C Function /Engine/Transient.REINST_CreatingSigningCertAndProvisionTutorial_C_1:ExecuteUbergraph_CreatingSigningCertAndProvisionTutorial
[2018.11.17-09.51.53:313][  0]LogUObjectGlobals: Created PersistentFrame Addr=0x00000278e3d7be40, Size=64, Default__CreatingSigningCertAndProvisionTutorial_C Function /Engine/Tutorial/Mobile/CreatingSigningCertAndProvisionTutorial.CreatingSigningCertAndProvisionTutorial_C:ExecuteUbergraph_CreatingSigningCertAndProvisionTutorial
[2018.11.17-09.51.54:604][  0]LogLinker: Warning: Can't find file '/Game/2DSideScrollerBP/2DSideScrollerOverview'
[2018.11.17-09.51.54:613][  0]LogLinker: Warning: Can't find file '/Game/2DSideScrollerBP/2DSideScrollerOverview'
[2018.11.17-09.51.54:613][  0]LogUObjectGlobals: Warning: Failed to find object 'Class /Game/2DSideScrollerBP/2DSideScrollerOverview.2DSideScrollerOverview_C'
[2018.11.17-09.51.55:857][  0]LogConsoleResponse: Display: 
[2018.11.17-09.52.14:198][  0]LogCook: Display: Max memory allowance for cook 16384mb min free memory 0mb
[2018.11.17-09.52.14:198][  0]LogCook: Display: Mobile HDR setting 0
[2018.11.17-09.52.14:198][  0]LogGameplayTags: Display: UGameplayTagsManager::DoneAddingNativeTags. DelegateIsBound: 0
[2018.11.17-09.52.14:239][  0]LogStats: UGameplayTagsManager::ConstructGameplayTagTree: Construct from data asset -  0.000 s
[2018.11.17-09.52.14:239][  0]LogStats: UGameplayTagsManager::ConstructGameplayTagTree: GameplayTagTreeChangedEvent.Broadcast -  0.000 s
[2018.11.17-09.52.19:894][  0]LogFileCache: Scanning file cache for directory 'C:/Users/LeaveMyYard/Desktop/IndiRPG/IndiRPG/MyProject/Content/' took 4.84s
[2018.11.17-09.52.27:817][  0]SourceControl: Source control is disabled
[2018.11.17-09.52.27:958][  0]Cmd: MAP LOAD FILE="../../../../../../Users/LeaveMyYard/Desktop/IndiRPG/IndiRPG/MyProject/Content/Maps/M_Loading1.umap" TEMPLATE=0 SHOWPROGRESS=1 FEATURELEVEL=3
[2018.11.17-09.52.28:083][  0]LightingResults: New page: Lighting Build
[2018.11.17-09.52.28:506][  0]MapCheck: New page: Map Check
[2018.11.17-09.52.28:506][  0]LightingResults: New page: Lighting Build
[2018.11.17-09.52.30:262][  0]LogUObjectGlobals: Destroyed PersistentFrame Addr=0x0000027885489d40, Size=64
[2018.11.17-09.52.31:943][  0]LogUObjectGlobals: Created PersistentFrame Addr=0x00000278e3c7c8e0, Size=200, Default__W_LoadingWidget_C Function /Game/Blueprints/Widgets/W_LoadingWidget.W_LoadingWidget_C:ExecuteUbergraph_W_LoadingWidget
[2018.11.17-09.52.32:967][  0]LogUObjectGlobals: Destroyed PersistentFrame Addr=0x00000278e3c7c8e0, Size=200
[2018.11.17-09.52.32:968][  0]LogUObjectGlobals: Created PersistentFrame Addr=0x00000278e3c7c8e0, Size=200, Default__W_LoadingWidget_C Function /Engine/Transient.REINST_W_LoadingWidget_C_0:ExecuteUbergraph_W_LoadingWidget
[2018.11.17-09.52.33:314][  0]LogUObjectGlobals: Created PersistentFrame Addr=0x000002788544ea20, Size=200, Default__W_LoadingWidget_C Function /Game/Blueprints/Widgets/W_LoadingWidget.W_LoadingWidget_C:ExecuteUbergraph_W_LoadingWidget
[2018.11.17-09.52.33:712][  0]LogUObjectGlobals: Created PersistentFrame Addr=0x000002788d7b59c0, Size=24, Default__M_Loading1_C Function /Game/Maps/M_Loading1.M_Loading1_C:ExecuteUbergraph_M_Loading1
[2018.11.17-09.52.33:816][  0]LogUObjectGlobals: Destroyed PersistentFrame Addr=0x000002788d7b59c0, Size=24
[2018.11.17-09.52.33:816][  0]LogUObjectGlobals: Created PersistentFrame Addr=0x000002788d7b59c0, Size=24, Default__M_Loading1_C Function /Engine/Transient.REINST_M_Loading1_C_4:ExecuteUbergraph_M_Loading1
[2018.11.17-09.52.33:823][  0]LogUObjectGlobals: Created PersistentFrame Addr=0x000002788d7b58e8, Size=24, Default__M_Loading1_C Function /Game/Maps/M_Loading1.M_Loading1_C:ExecuteUbergraph_M_Loading1
[2018.11.17-09.52.35:021][  0]LogAIModule: Creating AISystem for world M_Loading1
[2018.11.17-09.52.35:499][  0]LogEditorServer: Finished looking for orphan Actors (0.000 secs)
[2018.11.17-09.52.36:155][  0]LogUObjectGlobals: Destroyed PersistentFrame Addr=0x000002788d7b59c0, Size=24
[2018.11.17-09.52.36:155][  0]LogUObjectGlobals: Destroyed PersistentFrame Addr=0x00000278e3c7c8e0, Size=200
[2018.11.17-09.52.36:416][  0]Cmd: MAP CHECKDEP NOCLEARLOG
[2018.11.17-09.52.38:659][  0]MapCheck: Map check complete: 0 Error(s), 0 Warning(s), took 2,242.367ms to complete.
[2018.11.17-09.52.38:659][  0]LogFileHelpers: Loading map 'M_Loading1' took 10.799
[2018.11.17-09.52.45:734][  0]LogCollectionManager: Loaded 0 collections in 0.033606 seconds
[2018.11.17-09.52.46:701][  0]LogFileCache: Scanning file cache for directory 'C:/Users/LeaveMyYard/Desktop/IndiRPG/IndiRPG/MyProject/Saved/Collections/' took 0.01s
[2018.11.17-09.52.46:702][  0]LogFileCache: Scanning file cache for directory 'C:/Users/LeaveMyYard/Desktop/IndiRPG/IndiRPG/MyProject/Content/Developers/LeaveMyYard/Collections/' took 0.01s
[2018.11.17-09.52.46:702][  0]LogFileCache: Scanning file cache for directory 'C:/Users/LeaveMyYard/Desktop/IndiRPG/IndiRPG/MyProject/Content/Collections/' took 0.00s
[2018.11.17-09.52.46:702][  0]LogCollectionManager: Rebuilt the GUID cache for 0 collections in 0.000001 seconds
[2018.11.17-09.52.46:718][  0]LogContentBrowser: Native class hierarchy populated in 0.0152 seconds. Added 2452 classes and 558 folders.
[2018.11.17-09.52.47:172][  0]LogContentBrowser: Native class hierarchy updated for 'WidgetCarousel' in 0.0004 seconds. Added 0 classes and 0 folders.
[2018.11.17-09.52.57:119][  0]LogContentBrowser: Native class hierarchy updated for 'AddContentDialog' in 0.0004 seconds. Added 0 classes and 0 folders.
[2018.11.17-09.52.57:244][  0]LogContentBrowser: Native class hierarchy updated for 'SceneOutliner' in 0.0003 seconds. Added 1 classes and 2 folders.
[2018.11.17-09.53.00:527][  0]LogSlate: Took 0.097569 seconds to synchronously load lazily loaded font '../../../Engine/Content/Slate/Fonts/Roboto-Regular.ttf' (155K)
[2018.11.17-09.53.00:634][  0]LogSlate: Took 0.050188 seconds to synchronously load lazily loaded font '../../../Engine/Content/Slate/Fonts/Roboto-Bold.ttf' (160K)
[2018.11.17-09.53.00:773][  0]LogSlate: Took 0.108950 seconds to synchronously load lazily loaded font '../../../Engine/Content/Editor/Slate/Fonts/FontAwesome.ttf' (139K)
[2018.11.17-09.53.01:387][  0]LogRenderer: Reallocating scene render targets to support 1268x924 Format 10 NumSamples 1 (Frame:1).
[2018.11.17-09.53.04:815][  0]LogContentBrowser: Native class hierarchy updated for 'HierarchicalLODOutliner' in 0.0003 seconds. Added 0 classes and 0 folders.
[2018.11.17-09.53.04:816][  0]LogLoad: (Engine Initialization) Total time: 655.15 seconds
[2018.11.17-09.53.04:816][  0]LogLoad: (Engine Initialization) Total Blueprint compile time: 0.00 seconds
[2018.11.17-09.53.05:726][  0]LogContentStreaming: Texture pool size now 1000 MB
[2018.11.17-09.53.08:283][  6]LogAssetRegistry: Asset discovery search completed in 305.2532 seconds
[2018.11.17-09.53.08:467][  6]LogCollectionManager: Rebuilt the object cache for 0 collections in 0.000000 seconds (found 0 objects)
[2018.11.17-09.53.08:467][  6]LogCollectionManager: Fixed up redirectors for 0 collections in 0.000099 seconds (updated 0 objects)
[2018.11.17-09.53.15:658][ 17]LogSlate: Took 0.057791 seconds to synchronously load lazily loaded font '../../../Engine/Content/Slate/Fonts/Roboto-Light.ttf' (167K)
[2018.11.17-10.35.54:156][345]LogD3D11RHI: Timed out while waiting for GPU to catch up. (0.5 s)
[2018.11.17-10.36.26:124][401]LogSlate: Window 'MyProject - Unreal Editor' being destroyed
[2018.11.17-10.36.26:666][401]LogWindowsTextInputMethodSystem: Display: IME system now deactivated.
[2018.11.17-10.36.37:836][402]Cmd: QUIT_EDITOR
[2018.11.17-10.36.42:898][402]LogSlate: Slate User Destroyed.  User Index 0, Is Virtual User: 0
[2018.11.17-10.36.43:309][402]LogExit: Preparing to exit.
[2018.11.17-10.37.00:868][402]LogDirectoryWatcher: A directory notification failed for 'C:/Users/LeaveMyYard/Desktop/IndiRPG/IndiRPG/MyProject/Content/', and we were unable to create a new request.
[2018.11.17-10.37.04:058][402]LogExit: Editor shut down
[2018.11.17-10.37.04:527][402]LogExit: Transaction tracking system shut down
[2018.11.17-10.37.04:527][402]LogUObjectGlobals: Destroyed PersistentFrame Addr=0x000002788d7b58e8, Size=24
[2018.11.17-10.37.04:733][402]LogUObjectGlobals: Destroyed PersistentFrame Addr=0x000002788544ea20, Size=200
[2018.11.17-10.37.04:750][402]LogUObjectGlobals: Destroyed PersistentFrame Addr=0x00000278e3d7be40, Size=64
[2018.11.17-10.37.08:885][402]LogDirectoryWatcher: A directory notification for '../../../Engine/Content/' was aborted.
[2018.11.17-10.37.08:888][402]LogDirectoryWatcher: A directory notification for '../../../../../../Users/LeaveMyYard/Desktop/IndiRPG/IndiRPG/MyProject/Content/' was aborted.
[2018.11.17-10.37.08:888][402]LogDirectoryWatcher: A directory notification for '../../Plugins/2D/Paper2D/Content/' was aborted.
[2018.11.17-10.37.08:889][402]LogDirectoryWatcher: A directory notification for '../../Plugins/Enterprise/DatasmithContent/Content/' was aborted.
[2018.11.17-10.37.08:891][402]LogDirectoryWatcher: A directory notification for '../../Plugins/Media/MediaCompositing/Content/' was aborted.
[2018.11.17-10.37.08:891][402]LogDirectoryWatcher: A directory notification for '../../Plugins/Runtime/AppleARKit/Content/' was aborted.
[2018.11.17-10.37.08:891][402]LogDirectoryWatcher: A directory notification for '../../Plugins/Runtime/Oculus/OculusVR/Content/' was aborted.
[2018.11.17-10.37.08:891][402]LogDirectoryWatcher: A directory notification for '../../Plugins/Runtime/Steam/SteamVR/Content/' was aborted.
[2018.11.17-10.37.21:707][402]LogExit: Object subsystem successfully closed.
[2018.11.17-10.37.22:924][402]LogShaderCompilers: Display: Shaders left to compile 0
[2018.11.17-10.37.23:065][402]LogD3D11RHI: Shutdown
[2018.11.17-10.37.23:073][402]LogD3D11RHI: CleanupD3DDevice
[2018.11.17-10.37.24:385][402]LogD3D11RHI: ~FD3D11DynamicRHI
[2018.11.17-10.37.26:390][402]LogModuleManager: Shutting down and abandoning module HierarchicalLODOutliner (574)
[2018.11.17-10.37.26:419][402]LogModuleManager: Shutting down and abandoning module SceneOutliner (572)
[2018.11.17-10.37.26:459][402]LogModuleManager: Shutting down and abandoning module AddContentDialog (570)
[2018.11.17-10.37.26:538][402]LogDirectoryWatcher: A directory notification for 'C:/Program Files/Epic Games/UE_4.19/FeaturePacks/' was aborted.
[2018.11.17-10.37.27:121][402]LogModuleManager: Shutting down and abandoning module WidgetCarousel (569)
[2018.11.17-10.37.27:124][402]LogModuleManager: Shutting down and abandoning module EditorWidgets (566)
[2018.11.17-10.37.27:124][402]LogModuleManager: Shutting down and abandoning module CollectionManager (564)
[2018.11.17-10.37.27:158][402]LogDirectoryWatcher: A directory notification for 'C:/Users/LeaveMyYard/Desktop/IndiRPG/IndiRPG/MyProject/Content/Collections/' was aborted.
[2018.11.17-10.37.27:159][402]LogDirectoryWatcher: A directory notification for 'C:/Users/LeaveMyYard/Desktop/IndiRPG/IndiRPG/MyProject/Content/Developers/LeaveMyYard/Collections/' was aborted.
[2018.11.17-10.37.27:159][402]LogDirectoryWatcher: A directory notification for 'C:/Users/LeaveMyYard/Desktop/IndiRPG/IndiRPG/MyProject/Saved/Collections/' was aborted.
[2018.11.17-10.37.27:159][402]LogModuleManager: Shutting down and abandoning module StatsViewer (562)
[2018.11.17-10.37.27:180][402]LogModuleManager: Shutting down and abandoning module FoliageEdit (560)
[2018.11.17-10.37.27:191][402]LogModuleManager: Shutting down and abandoning module LandscapeEditor (558)
[2018.11.17-10.37.27:267][402]LogModuleManager: Shutting down and abandoning module MeshPaintMode (556)
[2018.11.17-10.37.27:291][402]LogModuleManager: Shutting down and abandoning module SceneDepthPickerMode (554)
[2018.11.17-10.37.27:291][402]LogModuleManager: Shutting down and abandoning module ActorPickerMode (552)
[2018.11.17-10.37.27:291][402]LogModuleManager: Shutting down and abandoning module GeometryMode (550)
[2018.11.17-10.37.27:291][402]LogModuleManager: Shutting down and abandoning module TextureAlignMode (548)
[2018.11.17-10.37.27:291][402]LogModuleManager: Shutting down and abandoning module BspMode (546)
[2018.11.17-10.37.27:291][402]LogModuleManager: Shutting down and abandoning module PIEPreviewDeviceProfileSelector (544)
[2018.11.17-10.37.27:308][402]LogModuleManager: Shutting down and abandoning module HardwareSurvey (542)
[2018.11.17-10.37.27:340][402]LogModuleManager: Shutting down and abandoning module SequenceRecorderSections (540)
[2018.11.17-10.37.27:367][402]LogModuleManager: Shutting down and abandoning module AutomationWorker (538)
[2018.11.17-10.37.27:374][402]LogModuleManager: Shutting down and abandoning module AudioCaptureEditor (536)
[2018.11.17-10.37.27:374][402]LogModuleManager: Shutting down and abandoning module SequenceRecorder (535)
[2018.11.17-10.37.27:390][402]LogModuleManager: Shutting down and abandoning module MatineeToLevelSequence (532)
[2018.11.17-10.37.27:397][402]LogModuleManager: Shutting down and abandoning module LevelSequenceEditor (530)
[2018.11.17-10.37.27:483][402]LogModuleManager: Shutting down and abandoning module PlacementMode (529)
[2018.11.17-10.37.27:483][402]LogModuleManager: Shutting down and abandoning module MaterialEditor (528)
[2018.11.17-10.37.27:529][402]LogModuleManager: Shutting down and abandoning module WmfMediaFactory (524)
[2018.11.17-10.37.27:529][402]LogModuleManager: Shutting down and abandoning module WmfMediaEditor (522)
[2018.11.17-10.37.27:529][402]LogModuleManager: Shutting down and abandoning module MediaPlayerEditor (520)
[2018.11.17-10.37.27:552][402]LogModuleManager: Shutting down and abandoning module OpenExrWrapper (518)
[2018.11.17-10.37.27:552][402]LogModuleManager: Shutting down and abandoning module ImgMediaFactory (516)
[2018.11.17-10.37.27:552][402]LogModuleManager: Shutting down and abandoning module ImgMediaEditor (514)
[2018.11.17-10.37.27:552][402]LogModuleManager: Shutting down and abandoning module AvfMediaFactory (512)
[2018.11.17-10.37.27:553][402]LogModuleManager: Shutting down and abandoning module AvfMediaEditor (510)
[2018.11.17-10.37.27:553][402]LogModuleManager: Shutting down and abandoning module AndroidMediaFactory (508)
[2018.11.17-10.37.27:553][402]LogModuleManager: Shutting down and abandoning module AndroidMediaEditor (506)
[2018.11.17-10.37.27:553][402]LogModuleManager: Shutting down and abandoning module CharacterAI (504)
[2018.11.17-10.37.27:585][402]LogModuleManager: Shutting down and abandoning module SmartSnapping (502)
[2018.11.17-10.37.27:609][402]LogModuleManager: Shutting down and abandoning module SessionServices (500)
[2018.11.17-10.37.27:609][402]LogModuleManager: Shutting down and abandoning module ViewportSnapping (498)
[2018.11.17-10.37.27:640][402]LogModuleManager: Shutting down and abandoning module ViewportInteraction (496)
[2018.11.17-10.37.27:640][402]LogModuleManager: Shutting down and abandoning module ClothPainter (494)
[2018.11.17-10.37.27:707][402]LogModuleManager: Shutting down and abandoning module SkeletalMeshEditor (493)
[2018.11.17-10.37.27:744][402]LogModuleManager: Shutting down and abandoning module LogVisualizer (490)
[2018.11.17-10.37.27:787][402]LogModuleManager: Shutting down and abandoning module IntroTutorials (488)
[2018.11.17-10.37.27:830][402]LogModuleManager: Shutting down and abandoning module GameProjectGeneration (487)
[2018.11.17-10.37.27:851][402]LogModuleManager: Shutting down and abandoning module IOSPlatformEditor (484)
[2018.11.17-10.37.27:862][402]LogModuleManager: Shutting down and abandoning module HTML5PlatformEditor (482)
[2018.11.17-10.37.27:862][402]LogModuleManager: Shutting down and abandoning module AndroidPlatformEditor (480)
[2018.11.17-10.37.27:886][402]LogModuleManager: Shutting down and abandoning module AndroidDeviceDetection (479)
[2018.11.17-10.37.28:288][402]LogModuleManager: Shutting down and abandoning module WindowsPlatformEditor (476)
[2018.11.17-10.37.28:288][402]LogModuleManager: Shutting down and abandoning module IOSRuntimeSettings (474)
[2018.11.17-10.37.28:288][402]LogModuleManager: Shutting down and abandoning module AndroidRuntimeSettings (472)
[2018.11.17-10.37.28:288][402]LogModuleManager: Shutting down and abandoning module InputBindingEditor (470)
[2018.11.17-10.37.28:288][402]LogModuleManager: Shutting down and abandoning module MergeActors (468)
[2018.11.17-10.37.28:331][402]LogModuleManager: Shutting down and abandoning module LocalizationDashboard (466)
[2018.11.17-10.37.28:338][402]LogModuleManager: Shutting down and abandoning module LocalizationService (465)
[2018.11.17-10.37.28:341][402]LogModuleManager: Shutting down and abandoning module HardwareTargeting (462)
[2018.11.17-10.37.28:341][402]LogModuleManager: Shutting down and abandoning module DeviceProfileEditor (460)
[2018.11.17-10.37.28:349][402]LogModuleManager: Shutting down and abandoning module UndoHistory (458)
[2018.11.17-10.37.28:349][402]LogModuleManager: Shutting down and abandoning module XmlParser (456)
[2018.11.17-10.37.28:388][402]LogModuleManager: Shutting down and abandoning module Blutility (454)
[2018.11.17-10.37.28:388][402]LogModuleManager: Shutting down and abandoning module ProjectSettingsViewer (452)
[2018.11.17-10.37.28:414][402]LogModuleManager: Shutting down and abandoning module ProjectTargetPlatformEditor (451)
[2018.11.17-10.37.28:422][402]LogModuleManager: Shutting down and abandoning module EditorSettingsViewer (448)
[2018.11.17-10.37.28:422][402]LogModuleManager: Shutting down and abandoning module SettingsEditor (446)
[2018.11.17-10.37.28:452][402]LogModuleManager: Shutting down and abandoning module ProjectLauncher (444)
[2018.11.17-10.37.28:465][402]LogModuleManager: Shutting down and abandoning module SessionFrontend (442)
[2018.11.17-10.37.28:483][402]LogModuleManager: Shutting down and abandoning module ProfilerClient (440)
[2018.11.17-10.37.28:499][402]LogModuleManager: Shutting down and abandoning module DeviceManager (438)
[2018.11.17-10.37.28:507][402]LogModuleManager: Shutting down and abandoning module TargetDeviceServices (437)
[2018.11.17-10.37.28:623][402]LogModuleManager: Shutting down and abandoning module AutomationController (434)
[2018.11.17-10.37.28:678][402]LogModuleManager: Shutting down and abandoning module AutomationWindow (432)
[2018.11.17-10.37.28:688][402]LogModuleManager: Shutting down and abandoning module Layers (430)
[2018.11.17-10.37.28:732][402]LogModuleManager: Shutting down and abandoning module ComponentVisualizers (428)
[2018.11.17-10.37.28:732][402]LogModuleManager: Shutting down and abandoning module DetailCustomizations (426)
[2018.11.17-10.37.28:741][402]LogModuleManager: Shutting down and abandoning module PackagesDialog (424)
[2018.11.17-10.37.28:741][402]LogModuleManager: Shutting down and abandoning module Persona (422)
[2018.11.17-10.37.28:761][402]LogModuleManager: Shutting down and abandoning module AdvancedPreviewScene (421)
[2018.11.17-10.37.28:761][402]LogModuleManager: Shutting down and abandoning module AnimGraph (419)
[2018.11.17-10.37.28:763][402]LogModuleManager: Shutting down and abandoning module Kismet (416)
[2018.11.17-10.37.28:767][402]LogModuleManager: Shutting down and abandoning module GraphEditor (414)
[2018.11.17-10.37.28:767][402]LogModuleManager: Shutting down and abandoning module ClassViewer (412)
[2018.11.17-10.37.28:767][402]LogModuleManager: Shutting down and abandoning module Toolbox (410)
[2018.11.17-10.37.28:767][402]LogModuleManager: Shutting down and abandoning module ModuleUI (408)
[2018.11.17-10.37.28:779][402]LogModuleManager: Shutting down and abandoning module MovieSceneTools (406)
[2018.11.17-10.37.28:799][402]LogModuleManager: Shutting down and abandoning module OutputLog (404)
[2018.11.17-10.37.28:805][402]LogModuleManager: Shutting down and abandoning module GammaUI (402)
[2018.11.17-10.37.28:808][402]LogModuleManager: Shutting down and abandoning module Documentation (400)
[2018.11.17-10.37.28:808][402]LogModuleManager: Shutting down and abandoning module MovieSceneTracks (398)
[2018.11.17-10.37.28:808][402]LogModuleManager: Shutting down and abandoning module MovieScene (396)
[2018.11.17-10.37.28:808][402]LogModuleManager: Shutting down and abandoning module StreamingPauseRendering (394)
[2018.11.17-10.37.28:808][402]LogModuleManager: Shutting down and abandoning module LauncherPlatform (392)
[2018.11.17-10.37.28:808][402]LogModuleManager: Shutting down and abandoning module AnalyticsET (390)
[2018.11.17-10.37.28:808][402]LogModuleManager: Shutting down and abandoning module PortalServices (388)
[2018.11.17-10.37.28:808][402]LogModuleManager: Shutting down and abandoning module PortalRpc (386)
[2018.11.17-10.37.28:808][402]LogModuleManager: Shutting down and abandoning module MessagingRpc (384)
[2018.11.17-10.37.28:808][402]LogModuleManager: Shutting down and abandoning module AIModule (382)
[2018.11.17-10.37.28:808][402]LogModuleManager: Shutting down and abandoning module GameplayDebugger (381)
[2018.11.17-10.37.28:808][402]LogModuleManager: Shutting down and abandoning module AITestSuite (379)
[2018.11.17-10.37.28:816][402]LogModuleManager: Shutting down and abandoning module DesktopPlatform (376)
[2018.11.17-10.37.28:824][402]LogModuleManager: Shutting down and abandoning module ProfilerService (374)
[2018.11.17-10.37.29:059][402]LogModuleManager: Shutting down and abandoning module TaskGraph (372)
[2018.11.17-10.37.29:171][402]LogModuleManager: Shutting down and abandoning module SteamVRController (370)
[2018.11.17-10.37.29:171][402]LogModuleManager: Shutting down and abandoning module ProceduralMeshComponentEditor (368)
[2018.11.17-10.37.29:171][402]LogModuleManager: Shutting down and abandoning module ProceduralMeshComponent (366)
[2018.11.17-10.37.29:228][402]LogModuleManager: Shutting down and abandoning module OculusInput (364)
[2018.11.17-10.37.29:237][402]LogModuleManager: Shutting down and abandoning module MobilePatchingUtils (362)
[2018.11.17-10.37.29:237][402]LogModuleManager: Shutting down and abandoning module CustomMeshComponent (360)
[2018.11.17-10.37.29:237][402]LogModuleManager: Shutting down and abandoning module CableComponent (358)
[2018.11.17-10.37.29:251][402]LogModuleManager: Shutting down and abandoning module AudioCapture (356)
[2018.11.17-10.37.29:251][402]LogModuleManager: Shutting down and abandoning module ArchVisCharacter (354)
[2018.11.17-10.37.29:251][402]LogModuleManager: Shutting down and abandoning module AndroidPermission (352)
[2018.11.17-10.37.29:251][402]LogModuleManager: Shutting down and abandoning module NUTUnrealEngine4 (348)
[2018.11.17-10.37.29:251][402]LogModuleManager: Shutting down and abandoning module NetcodeUnitTest (346)
[2018.11.17-10.37.29:279][402]LogModuleManager: Shutting down and abandoning module MediaCompositingEditor (344)
[2018.11.17-10.37.29:308][402]LogModuleManager: Shutting down and abandoning module MediaCompositing (342)
[2018.11.17-10.37.29:309][402]LogModuleManager: Shutting down and abandoning module LinearTimecode (340)
[2018.11.17-10.37.29:309][402]LogModuleManager: Shutting down and abandoning module ImgMedia (338)
[2018.11.17-10.37.29:352][402]LogModuleManager: Shutting down and abandoning module HTML5Networking (336)
[2018.11.17-10.37.29:352][402]LogModuleManager: Shutting down and abandoning module AlembicImporter (334)
[2018.11.17-10.37.29:372][402]LogModuleManager: Shutting down and abandoning module AlembicLibrary (333)
[2018.11.17-10.37.29:373][402]LogModuleManager: Shutting down and abandoning module GeometryCache (332)
[2018.11.17-10.37.29:373][402]LogModuleManager: Shutting down and abandoning module GeometryCacheEd (331)
[2018.11.17-10.37.29:373][402]LogModuleManager: Shutting down and abandoning module DatasmithContent (326)
[2018.11.17-10.37.29:373][402]LogModuleManager: Shutting down and abandoning module SpeedTreeImporter (324)
[2018.11.17-10.37.29:373][402]LogModuleManager: Shutting down and abandoning module PluginBrowser (322)
[2018.11.17-10.37.29:425][402]LogModuleManager: Shutting down and abandoning module MobileLauncherProfileWizard (320)
[2018.11.17-10.37.29:504][402]LogModuleManager: Shutting down and abandoning module CryptoKeysOpenSSL (318)
[2018.11.17-10.37.29:510][402]LogModuleManager: Shutting down and abandoning module CryptoKeys (316)
[2018.11.17-10.37.29:510][402]LogModuleManager: Shutting down and abandoning module VisualStudioSourceCodeAccess (314)
[2018.11.17-10.37.29:510][402]LogModuleManager: Shutting down and abandoning module VisualStudioCodeSourceCodeAccess (312)
[2018.11.17-10.37.29:537][402]LogModuleManager: Shutting down and abandoning module UObjectPlugin (310)
[2018.11.17-10.37.29:537][402]LogModuleManager: Shutting down and abandoning module SubversionSourceControl (308)
[2018.11.17-10.37.29:579][402]LogModuleManager: Shutting down and abandoning module PerforceSourceControl (306)
[2018.11.17-10.37.29:627][402]LogModuleManager: Shutting down and abandoning module GitSourceControl (304)
[2018.11.17-10.37.29:671][402]LogModuleManager: Shutting down and abandoning module SourceControl (303)
[2018.11.17-10.37.29:691][402]LogModuleManager: Shutting down and abandoning module CLionSourceCodeAccess (300)
[2018.11.17-10.37.29:692][402]LogModuleManager: Shutting down and abandoning module LightPropagationVolumeEditor (298)
[2018.11.17-10.37.29:692][402]LogModuleManager: Shutting down and abandoning module PaperTiledImporter (296)
[2018.11.17-10.37.29:692][402]LogModuleManager: Shutting down and abandoning module PaperSpriteSheetImporter (294)
[2018.11.17-10.37.29:692][402]LogModuleManager: Shutting down and abandoning module Paper2DEditor (292)
[2018.11.17-10.37.29:719][402]LogModuleManager: Shutting down and abandoning module MeshPaint (291)
[2018.11.17-10.37.29:726][402]LogModuleManager: Shutting down and abandoning module RuntimePhysXCooking (288)
[2018.11.17-10.37.29:731][402]LogModuleManager: Shutting down and abandoning module PhysXVehiclesEditor (286)
[2018.11.17-10.37.29:731][402]LogModuleManager: Shutting down and abandoning module PhysXVehicles (284)
[2018.11.17-10.37.29:731][402]LogModuleManager: Shutting down and abandoning module OculusEditor (282)
[2018.11.17-10.37.29:731][402]LogModuleManager: Shutting down and abandoning module LocationServicesBPLibrary (280)
[2018.11.17-10.37.29:731][402]LogModuleManager: Shutting down and abandoning module ImmediatePhysicsEditor (278)
[2018.11.17-10.37.29:731][402]LogModuleManager: Shutting down and abandoning module ImmediatePhysics (276)
[2018.11.17-10.37.29:740][402]LogModuleManager: Shutting down and abandoning module ActorSequence (274)
[2018.11.17-10.37.29:740][402]LogModuleManager: Shutting down and abandoning module UdpMessaging (272)
[2018.11.17-10.37.29:898][402]LogModuleManager: Shutting down and abandoning module TcpMessaging (270)
[2018.11.17-10.37.30:011][402]LogModuleManager: Shutting down and abandoning module GameplayTagsEditor (268)
[2018.11.17-10.37.30:069][402]LogModuleManager: Shutting down and abandoning module FacialAnimationEditor (266)
[2018.11.17-10.37.30:079][402]LogModuleManager: Shutting down and abandoning module FacialAnimation (264)
[2018.11.17-10.37.30:080][402]LogModuleManager: Shutting down and abandoning module DataValidation (262)
[2018.11.17-10.37.30:080][402]LogModuleManager: Shutting down and abandoning module AssetManagerEditor (260)
[2018.11.17-10.37.30:096][402]LogModuleManager: Shutting down and abandoning module LevelEditor (259)
[2018.11.17-10.37.30:421][402]LogModuleManager: Shutting down and abandoning module PixelInspectorModule (258)
[2018.11.17-10.37.30:487][402]LogModuleManager: Shutting down and abandoning module CommonMenuExtensions (256)
[2018.11.17-10.37.30:546][402]LogModuleManager: Shutting down and abandoning module MainFrame (254)
[2018.11.17-10.37.30:560][402]LogModuleManager: Shutting down and abandoning module HotReload (253)
[2018.11.17-10.37.30:638][402]LogModuleManager: Shutting down and abandoning module ContentBrowser (249)
[2018.11.17-10.37.30:689][402]LogModuleManager: Shutting down and abandoning module TreeMap (247)
[2018.11.17-10.37.30:691][402]LogModuleManager: Shutting down and abandoning module LightPropagationVolumeRuntime (244)
[2018.11.17-10.37.30:691][402]LogModuleManager: Shutting down and abandoning module LiveLinkEditor (242)
[2018.11.17-10.37.30:749][402]LogModuleManager: Shutting down and abandoning module LiveLink (240)
[2018.11.17-10.37.30:857][402]LogModuleManager: Shutting down and abandoning module Paper2D (238)
[2018.11.17-10.37.30:857][402]LogModuleManager: Shutting down and abandoning module WindowsMoviePlayer (236)
[2018.11.17-10.37.30:868][402]LogModuleManager: Shutting down and abandoning module WmfMedia (234)
[2018.11.17-10.37.30:944][402]LogModuleManager: Shutting down and abandoning module Media (233)
[2018.11.17-10.37.30:978][402]LogModuleManager: Shutting down and abandoning module PacketHandler (230)
[2018.11.17-10.37.30:979][402]LogModuleManager: Shutting down and abandoning module ClothingSystemEditor (228)
[2018.11.17-10.37.30:979][402]LogModuleManager: Shutting down and abandoning module ClothingSystemRuntime (226)
[2018.11.17-10.37.31:043][402]LogModuleManager: Shutting down and abandoning module MediaAssets (224)
[2018.11.17-10.37.31:043][402]LogModuleManager: Shutting down and abandoning module Overlay (222)
[2018.11.17-10.37.31:043][402]LogModuleManager: Shutting down and abandoning module OverlayEditor (221)
[2018.11.17-10.37.31:043][402]LogModuleManager: Shutting down and abandoning module VREditor (218)
[2018.11.17-10.37.31:059][402]LogModuleManager: Shutting down and abandoning module StringTableEditor (216)
[2018.11.17-10.37.31:059][402]LogModuleManager: Shutting down and abandoning module GameplayTasksEditor (214)
[2018.11.17-10.37.31:059][402]LogModuleManager: Shutting down and abandoning module BehaviorTreeEditor (212)
[2018.11.17-10.37.31:099][402]LogModuleManager: Shutting down and abandoning module FunctionalTesting (210)
[2018.11.17-10.37.31:099][402]LogModuleManager: Shutting down and abandoning module CollisionAnalyzer (208)
[2018.11.17-10.37.31:117][402]LogModuleManager: Shutting down and abandoning module WorkspaceMenuStructure (207)
[2018.11.17-10.37.31:118][402]LogModuleManager: Shutting down and abandoning module UMG (204)
[2018.11.17-10.37.31:130][402]LogModuleManager: Shutting down and abandoning module UMGEditor (203)
[2018.11.17-10.37.31:159][402]LogModuleManager: Shutting down and abandoning module Sequencer (202)
[2018.11.17-10.37.31:254][402]LogModuleManager: Shutting down and abandoning module MessageLog (199)
[2018.11.17-10.37.31:254][402]LogModuleManager: Shutting down and abandoning module SlateReflector (194)
[2018.11.17-10.37.31:435][402]LogModuleManager: Shutting down and abandoning module Slate (192)
[2018.11.17-10.37.31:435][402]LogModuleManager: Shutting down and abandoning module EditorStyle (190)
[2018.11.17-10.37.31:877][402]LogModuleManager: Shutting down and abandoning module MRMesh (188)
[2018.11.17-10.37.31:877][402]LogModuleManager: Shutting down and abandoning module SourceCodeAccess (186)
[2018.11.17-10.37.31:877][402]LogModuleManager: Shutting down and abandoning module HeadMountedDisplay (184)
[2018.11.17-10.37.31:911][402]LogModuleManager: Shutting down and abandoning module XAudio2 (182)
[2018.11.17-10.37.31:911][402]LogModuleManager: Shutting down and abandoning module Networking (180)
[2018.11.17-10.37.31:947][402]LogModuleManager: Shutting down and abandoning module Core (178)
[2018.11.17-10.37.31:947][402]LogModuleManager: Shutting down and abandoning module LevelSequence (176)
[2018.11.17-10.37.31:977][402]LogModuleManager: Shutting down and abandoning module KismetCompiler (174)
[2018.11.17-10.37.31:978][402]LogModuleManager: Shutting down and abandoning module MeshUtilities (172)
[2018.11.17-10.37.32:044][402]LogModuleManager: Shutting down and abandoning module MeshMergeUtilities (171)
[2018.11.17-10.37.32:054][402]LogModuleManager: Shutting down and abandoning module MeshReductionInterface (170)
[2018.11.17-10.37.32:054][402]LogModuleManager: Shutting down and abandoning module SimplygonSwarm (169)
[2018.11.17-10.37.32:071][402]LogModuleManager: Shutting down and abandoning module SimplygonMeshReduction (167)
[2018.11.17-10.37.32:077][402]LogModuleManager: Shutting down and abandoning module QuadricMeshReduction (165)
[2018.11.17-10.37.32:082][402]LogModuleManager: Shutting down and abandoning module MaterialBaking (161)
[2018.11.17-10.37.32:107][402]LogModuleManager: Shutting down and abandoning module DirectoryWatcher (157)
[2018.11.17-10.37.32:129][402]LogModuleManager: Shutting down and abandoning module DerivedDataCache (154)
[2018.11.17-10.37.32:138][402]LogDerivedDataCache: Shutdown
[2018.11.17-10.37.32:138][402]LogModuleManager: Shutting down and abandoning module XGEController (152)
[2018.11.17-10.37.32:190][402]LogXGEController: Cleaning working directory: C:/Users/LeaveMyYard/AppData/Local/Temp/UnrealXGEWorkingDir/
[2018.11.17-10.37.32:264][402]LogModuleManager: Shutting down and abandoning module TargetPlatform (150)
[2018.11.17-10.37.32:312][402]LogModuleManager: Shutting down and abandoning module VulkanShaderFormat (149)
[2018.11.17-10.37.32:370][402]LogModuleManager: Shutting down and abandoning module ShaderFormatVectorVM (147)
[2018.11.17-10.37.32:431][402]LogModuleManager: Shutting down and abandoning module ShaderFormatOpenGL (145)
[2018.11.17-10.37.32:488][402]LogModuleManager: Shutting down and abandoning module ShaderFormatD3D (143)
[2018.11.17-10.37.32:514][402]LogModuleManager: Shutting down and abandoning module MetalShaderFormat (141)
[2018.11.17-10.37.32:549][402]LogModuleManager: Shutting down and abandoning module TextureFormatUncompressed (139)
[2018.11.17-10.37.32:560][402]LogModuleManager: Shutting down and abandoning module TextureFormatPVR (137)
[2018.11.17-10.37.32:570][402]LogModuleManager: Shutting down and abandoning module TextureFormatDXT (135)
[2018.11.17-10.37.32:570][402]LogModuleManager: Shutting down and abandoning module TextureFormatIntelISPCTexComp (133)
[2018.11.17-10.37.32:632][402]LogModuleManager: Shutting down and abandoning module TextureFormatASTC (131)
[2018.11.17-10.37.32:632][402]LogModuleManager: Shutting down and abandoning module ImageWrapper (130)
[2018.11.17-10.37.32:632][402]LogModuleManager: Shutting down and abandoning module TextureFormatAndroid (127)
[2018.11.17-10.37.32:678][402]LogModuleManager: Shutting down and abandoning module AudioFormatOpus (125)
[2018.11.17-10.37.32:679][402]LogModuleManager: Shutting down and abandoning module AudioFormatOgg (123)
[2018.11.17-10.37.32:708][402]LogModuleManager: Shutting down and abandoning module AudioFormatADPCM (121)
[2018.11.17-10.37.32:735][402]LogModuleManager: Shutting down and abandoning module LinuxTargetPlatform (119)
[2018.11.17-10.37.32:764][402]LogModuleManager: Shutting down and abandoning module LinuxServerTargetPlatform (117)
[2018.11.17-10.37.32:795][402]LogModuleManager: Shutting down and abandoning module LinuxNoEditorTargetPlatform (115)
[2018.11.17-10.37.32:804][402]LogModuleManager: Shutting down and abandoning module LinuxClientTargetPlatform (113)
[2018.11.17-10.37.32:814][402]LogModuleManager: Shutting down and abandoning module TVOSTargetPlatform (111)
[2018.11.17-10.37.32:858][402]LogModuleManager: Shutting down and abandoning module Messaging (109)
[2018.11.17-10.37.32:863][402]LogModuleManager: Shutting down and abandoning module IOSTargetPlatform (107)
[2018.11.17-10.37.32:863][402]LogModuleManager: Shutting down and abandoning module HTML5TargetPlatform (105)
[2018.11.17-10.37.32:892][402]LogModuleManager: Shutting down and abandoning module AndroidTargetPlatform (103)
[2018.11.17-10.37.32:918][402]LogModuleManager: Shutting down and abandoning module Android_PVRTCTargetPlatform (101)
[2018.11.17-10.37.32:918][402]LogModuleManager: Shutting down and abandoning module Android_MultiTargetPlatform (99)
[2018.11.17-10.37.32:918][402]LogModuleManager: Shutting down and abandoning module Android_ETC2TargetPlatform (97)
[2018.11.17-10.37.32:918][402]LogModuleManager: Shutting down and abandoning module Android_ETC1TargetPlatform (95)
[2018.11.17-10.37.32:918][402]LogModuleManager: Shutting down and abandoning module Android_ETC1aTargetPlatform (93)
[2018.11.17-10.37.32:918][402]LogModuleManager: Shutting down and abandoning module Android_DXTTargetPlatform (91)
[2018.11.17-10.37.32:918][402]LogModuleManager: Shutting down and abandoning module Android_ATCTargetPlatform (89)
[2018.11.17-10.37.32:918][402]LogModuleManager: Shutting down and abandoning module Android_ASTCTargetPlatform (87)
[2018.11.17-10.37.32:918][402]LogModuleManager: Shutting down and abandoning module WindowsTargetPlatform (85)
[2018.11.17-10.37.32:918][402]LogModuleManager: Shutting down and abandoning module WindowsServerTargetPlatform (83)
[2018.11.17-10.37.32:980][402]LogModuleManager: Shutting down and abandoning module WindowsNoEditorTargetPlatform (81)
[2018.11.17-10.37.32:980][402]LogModuleManager: Shutting down and abandoning module WindowsClientTargetPlatform (79)
[2018.11.17-10.37.32:980][402]LogModuleManager: Shutting down and abandoning module MacTargetPlatform (77)
[2018.11.17-10.37.33:001][402]LogModuleManager: Shutting down and abandoning module MacServerTargetPlatform (75)
[2018.11.17-10.37.33:031][402]LogModuleManager: Shutting down and abandoning module MacNoEditorTargetPlatform (73)
[2018.11.17-10.37.33:031][402]LogModuleManager: Shutting down and abandoning module MacClientTargetPlatform (71)
[2018.11.17-10.37.33:043][402]LogModuleManager: Shutting down and abandoning module AllDesktopTargetPlatform (69)
[2018.11.17-10.37.33:044][402]LogModuleManager: Shutting down and abandoning module InputCore (66)
[2018.11.17-10.37.33:044][402]LogModuleManager: Shutting down and abandoning module Settings (64)
[2018.11.17-10.37.33:044][402]LogModuleManager: Shutting down and abandoning module PhysXCooking (62)
[2018.11.17-10.37.33:044][402]LogModuleManager: Shutting down and abandoning module SteamVR (60)
[2018.11.17-10.37.33:070][402]LogModuleManager: Shutting down and abandoning module OculusHMD (58)
[2018.11.17-10.37.33:085][402]LogModuleManager: Shutting down and abandoning module ExampleDeviceProfileSelector (56)
[2018.11.17-10.37.33:116][402]LogModuleManager: Shutting down and abandoning module AppleARKit (54)
[2018.11.17-10.37.33:117][402]LogModuleManager: Shutting down and abandoning module AugmentedReality (51)
[2018.11.17-10.37.33:117][402]LogModuleManager: Shutting down and abandoning module OnlineBlueprintSupport (48)
[2018.11.17-10.37.33:117][402]LogModuleManager: Shutting down and abandoning module OnlineSubsystem (44)
[2018.11.17-10.37.33:280][402]LogModuleManager: Shutting down and abandoning module XMPP (43)
[2018.11.17-10.37.33:328][402]LogModuleManager: Shutting down and abandoning module HTTP (41)
[2018.11.17-10.37.33:344][402]LogHttp: Display: Http module shutting down, but needs to wait on 1 outstanding Http requests:
[2018.11.17-10.37.33:344][402]LogHttp: Display: 	verb=[POST] url=[https://datarouter.ol.epicgames.com/datarouter/api/v1/public/data?SessionID=%7B95D4EC2D-4888-81DF-A81C-C68638EB8F55%7D&AppID=UEEditor.Rocket.Release&AppVersion=4.19.2-4033788%2B%2B%2BUE4%2BRelease-4.19&UserID=fe9e745d4ea61a0a5e0cbfaafc130823%7C602f145add494311a8c4530db0baf8cc%7C459e5f77-ad7a-4e10-8c2f-2242cb4fba7f&AppEnvironment=datacollector-binary&UploadType=eteventstream] status=Processing
[2018.11.17-10.37.33:493][402]LogModuleManager: Shutting down and abandoning module SSL (40)
[2018.11.17-10.37.33:562][402]LogModuleManager: Shutting down and abandoning module AnimationModifiers (36)
[2018.11.17-10.37.33:602][402]LogModuleManager: Shutting down and abandoning module PropertyEditor (35)
[2018.11.17-10.37.33:650][402]LogModuleManager: Shutting down and abandoning module AudioEditor (32)
[2018.11.17-10.37.33:712][402]LogModuleManager: Shutting down and abandoning module TextureCompressor (30)
[2018.11.17-10.37.33:861][402]LogModuleManager: Shutting down and abandoning module ShaderCore (28)
[2018.11.17-10.37.33:862][402]LogModuleManager: Shutting down and abandoning module Landscape (26)
[2018.11.17-10.37.33:862][402]LogModuleManager: Shutting down and abandoning module SlateRHIRenderer (24)
[2018.11.17-10.37.34:051][402]LogModuleManager: Shutting down and abandoning module OpenGLDrv (22)
[2018.11.17-10.37.34:183][402]LogModuleManager: Shutting down and abandoning module D3D11RHI (20)
[2018.11.17-10.37.34:183][402]LogModuleManager: Shutting down and abandoning module AnimGraphRuntime (18)
[2018.11.17-10.37.34:237][402]LogModuleManager: Shutting down and abandoning module Renderer (16)
[2018.11.17-10.37.34:237][402]LogModuleManager: Shutting down and abandoning module Engine (14)
[2018.11.17-10.37.34:305][402]LogModuleManager: Shutting down and abandoning module CoreUObject (12)
[2018.11.17-10.37.34:307][402]LogModuleManager: Shutting down and abandoning module NetworkFile (10)
[2018.11.17-10.37.34:358][402]LogModuleManager: Shutting down and abandoning module CookedIterativeFile (8)
[2018.11.17-10.37.34:417][402]LogModuleManager: Shutting down and abandoning module StreamingFile (6)
[2018.11.17-10.37.34:464][402]LogModuleManager: Shutting down and abandoning module SandboxFile (4)
[2018.11.17-10.37.34:511][402]LogModuleManager: Shutting down and abandoning module PakFile (2)
[2018.11.17-10.37.34:915][402]LogExit: Exiting.
[2018.11.17-10.37.36:399][402]Log file closed, 11/17/18 12:37:36
